<?xml version="1.0" encoding="UTF-8"?>
<coverage generated="1519796715626" clover="3.2.0">
  <project timestamp="1519796715627" name="All files">
    <metrics statements="3421" coveredstatements="0" conditionals="4441" coveredconditionals="0" methods="1491" coveredmethods="0" elements="9353" coveredelements="0" complexity="0" loc="3421" ncloc="3421" packages="44" files="248" classes="248">
      <package name="components">
        <metrics statements="132" coveredstatements="0" conditionals="251" coveredconditionals="0" methods="92" coveredmethods="0"/>
        <file name="Avatar.js" path="/Users/joelbarbosa/workspace/mobile/mobile-wallet/app/components/Avatar.js">
          <metrics statements="8" coveredstatements="0" conditionals="35" coveredconditionals="0" methods="10" coveredmethods="0"/>
          <line num="1" count="0" type="cond" truecount="0" falsecount="8"/>
          <line num="2" count="0" type="stmt"/>
          <line num="3" count="0" type="stmt"/>
          <line num="4" count="0" type="cond" truecount="0" falsecount="23"/>
          <line num="6" count="0" type="cond" truecount="0" falsecount="2"/>
          <line num="8" count="0" type="stmt"/>
          <line num="10" count="0" type="stmt"/>
          <line num="19" count="0" type="stmt"/>
        </file>
        <file name="Base.js" path="/Users/joelbarbosa/workspace/mobile/mobile-wallet/app/components/Base.js">
          <metrics statements="7" coveredstatements="0" conditionals="33" coveredconditionals="0" methods="10" coveredmethods="0"/>
          <line num="1" count="0" type="cond" truecount="0" falsecount="8"/>
          <line num="3" count="0" type="stmt"/>
          <line num="4" count="0" type="stmt"/>
          <line num="5" count="0" type="cond" truecount="0" falsecount="23"/>
          <line num="7" count="0" type="cond" truecount="0" falsecount="2"/>
          <line num="9" count="0" type="stmt"/>
          <line num="15" count="0" type="stmt"/>
        </file>
        <file name="FormTextInput.js" path="/Users/joelbarbosa/workspace/mobile/mobile-wallet/app/components/FormTextInput.js">
          <metrics statements="7" coveredstatements="0" conditionals="33" coveredconditionals="0" methods="10" coveredmethods="0"/>
          <line num="1" count="0" type="cond" truecount="0" falsecount="8"/>
          <line num="2" count="0" type="stmt"/>
          <line num="3" count="0" type="stmt"/>
          <line num="4" count="0" type="cond" truecount="0" falsecount="23"/>
          <line num="6" count="0" type="cond" truecount="0" falsecount="2"/>
          <line num="8" count="0" type="stmt"/>
          <line num="19" count="0" type="stmt"/>
        </file>
        <file name="Header.js" path="/Users/joelbarbosa/workspace/mobile/mobile-wallet/app/components/Header.js">
          <metrics statements="37" coveredstatements="0" conditionals="33" coveredconditionals="0" methods="20" coveredmethods="0"/>
          <line num="1" count="0" type="cond" truecount="0" falsecount="8"/>
          <line num="4" count="0" type="stmt"/>
          <line num="5" count="0" type="stmt"/>
          <line num="14" count="0" type="stmt"/>
          <line num="15" count="0" type="stmt"/>
          <line num="16" count="0" type="stmt"/>
          <line num="17" count="0" type="stmt"/>
          <line num="18" count="0" type="stmt"/>
          <line num="20" count="0" type="stmt"/>
          <line num="21" count="0" type="stmt"/>
          <line num="22" count="0" type="stmt"/>
          <line num="23" count="0" type="stmt"/>
          <line num="24" count="0" type="stmt"/>
          <line num="25" count="0" type="cond" truecount="0" falsecount="23"/>
          <line num="27" count="0" type="cond" truecount="0" falsecount="2"/>
          <line num="29" count="0" type="stmt"/>
          <line num="33" count="0" type="stmt"/>
          <line num="37" count="0" type="stmt"/>
          <line num="40" count="0" type="stmt"/>
          <line num="41" count="0" type="stmt"/>
          <line num="52" count="0" type="stmt"/>
          <line num="53" count="0" type="stmt"/>
          <line num="54" count="0" type="stmt"/>
          <line num="59" count="0" type="stmt"/>
          <line num="70" count="0" type="stmt"/>
          <line num="71" count="0" type="stmt"/>
          <line num="82" count="0" type="stmt"/>
          <line num="96" count="0" type="stmt"/>
          <line num="110" count="0" type="stmt"/>
          <line num="111" count="0" type="stmt"/>
          <line num="112" count="0" type="stmt"/>
          <line num="113" count="0" type="stmt"/>
          <line num="123" count="0" type="stmt"/>
          <line num="126" count="0" type="stmt"/>
          <line num="130" count="0" type="stmt"/>
          <line num="131" count="0" type="stmt"/>
          <line num="135" count="0" type="stmt"/>
        </file>
        <file name="LoginForm.js" path="/Users/joelbarbosa/workspace/mobile/mobile-wallet/app/components/LoginForm.js">
          <metrics statements="39" coveredstatements="0" conditionals="47" coveredconditionals="0" methods="21" coveredmethods="0"/>
          <line num="1" count="0" type="cond" truecount="0" falsecount="8"/>
          <line num="3" count="0" type="stmt"/>
          <line num="4" count="0" type="stmt"/>
          <line num="10" count="0" type="stmt"/>
          <line num="11" count="0" type="stmt"/>
          <line num="12" count="0" type="cond" truecount="0" falsecount="23"/>
          <line num="14" count="0" type="stmt"/>
          <line num="15" count="0" type="cond" truecount="0" falsecount="2"/>
          <line num="17" count="0" type="stmt"/>
          <line num="20" count="0" type="stmt"/>
          <line num="22" count="0" type="stmt"/>
          <line num="25" count="0" type="cond" truecount="0" falsecount="4"/>
          <line num="26" count="0" type="stmt"/>
          <line num="27" count="0" type="stmt"/>
          <line num="29" count="0" type="cond" truecount="0" falsecount="4"/>
          <line num="30" count="0" type="stmt"/>
          <line num="31" count="0" type="stmt"/>
          <line num="33" count="0" type="cond" truecount="0" falsecount="2"/>
          <line num="34" count="0" type="stmt"/>
          <line num="35" count="0" type="stmt"/>
          <line num="37" count="0" type="stmt"/>
          <line num="40" count="0" type="stmt"/>
          <line num="41" count="0" type="cond" truecount="0" falsecount="2"/>
          <line num="42" count="0" type="stmt"/>
          <line num="50" count="0" type="stmt"/>
          <line num="53" count="0" type="stmt"/>
          <line num="59" count="0" type="stmt"/>
          <line num="62" count="0" type="stmt"/>
          <line num="63" count="0" type="cond" truecount="0" falsecount="2"/>
          <line num="65" count="0" type="stmt"/>
          <line num="67" count="0" type="stmt"/>
          <line num="74" count="0" type="stmt"/>
          <line num="75" count="0" type="stmt"/>
          <line num="86" count="0" type="stmt"/>
          <line num="87" count="0" type="stmt"/>
          <line num="89" count="0" type="stmt"/>
          <line num="101" count="0" type="stmt"/>
          <line num="102" count="0" type="stmt"/>
          <line num="112" count="0" type="stmt"/>
        </file>
        <file name="Logo.js" path="/Users/joelbarbosa/workspace/mobile/mobile-wallet/app/components/Logo.js">
          <metrics statements="7" coveredstatements="0" conditionals="33" coveredconditionals="0" methods="10" coveredmethods="0"/>
          <line num="1" count="0" type="cond" truecount="0" falsecount="8"/>
          <line num="3" count="0" type="stmt"/>
          <line num="4" count="0" type="stmt"/>
          <line num="5" count="0" type="cond" truecount="0" falsecount="23"/>
          <line num="7" count="0" type="cond" truecount="0" falsecount="2"/>
          <line num="9" count="0" type="stmt"/>
          <line num="16" count="0" type="stmt"/>
        </file>
        <file name="LogoSmall.js" path="/Users/joelbarbosa/workspace/mobile/mobile-wallet/app/components/LogoSmall.js">
          <metrics statements="7" coveredstatements="0" conditionals="33" coveredconditionals="0" methods="10" coveredmethods="0"/>
          <line num="1" count="0" type="cond" truecount="0" falsecount="8"/>
          <line num="3" count="0" type="stmt"/>
          <line num="4" count="0" type="stmt"/>
          <line num="5" count="0" type="cond" truecount="0" falsecount="23"/>
          <line num="7" count="0" type="cond" truecount="0" falsecount="2"/>
          <line num="9" count="0" type="stmt"/>
          <line num="16" count="0" type="stmt"/>
        </file>
        <file name="index.js" path="/Users/joelbarbosa/workspace/mobile/mobile-wallet/app/components/index.js">
          <metrics statements="20" coveredstatements="0" conditionals="4" coveredconditionals="0" methods="1" coveredmethods="0"/>
          <line num="1" count="0" type="stmt"/>
          <line num="3" count="0" type="stmt"/>
          <line num="4" count="0" type="stmt"/>
          <line num="5" count="0" type="stmt"/>
          <line num="6" count="0" type="stmt"/>
          <line num="7" count="0" type="stmt"/>
          <line num="8" count="0" type="stmt"/>
          <line num="9" count="0" type="stmt"/>
          <line num="10" count="0" type="stmt"/>
          <line num="11" count="0" type="stmt"/>
          <line num="12" count="0" type="cond" truecount="0" falsecount="4"/>
          <line num="15" count="0" type="stmt"/>
          <line num="16" count="0" type="stmt"/>
          <line num="17" count="0" type="stmt"/>
          <line num="18" count="0" type="stmt"/>
          <line num="19" count="0" type="stmt"/>
          <line num="20" count="0" type="stmt"/>
          <line num="21" count="0" type="stmt"/>
          <line num="22" count="0" type="stmt"/>
          <line num="23" count="0" type="stmt"/>
        </file>
      </package>
      <package name="components.button">
        <metrics statements="51" coveredstatements="0" conditionals="47" coveredconditionals="0" methods="28" coveredmethods="0"/>
        <file name="Button.js" path="/Users/joelbarbosa/workspace/mobile/mobile-wallet/app/components/button/Button.js">
          <metrics statements="46" coveredstatements="0" conditionals="43" coveredconditionals="0" methods="27" coveredmethods="0"/>
          <line num="1" count="0" type="cond" truecount="0" falsecount="8"/>
          <line num="4" count="0" type="stmt"/>
          <line num="5" count="0" type="stmt"/>
          <line num="13" count="0" type="stmt"/>
          <line num="14" count="0" type="stmt"/>
          <line num="15" count="0" type="stmt"/>
          <line num="16" count="0" type="stmt"/>
          <line num="17" count="0" type="cond" truecount="0" falsecount="23"/>
          <line num="19" count="0" type="cond" truecount="0" falsecount="2"/>
          <line num="20" count="0" type="stmt"/>
          <line num="21" count="0" type="cond" truecount="0" falsecount="2"/>
          <line num="22" count="0" type="stmt"/>
          <line num="23" count="0" type="stmt"/>
          <line num="30" count="0" type="stmt"/>
          <line num="33" count="0" type="stmt"/>
          <line num="34" count="0" type="cond" truecount="0" falsecount="2"/>
          <line num="35" count="0" type="stmt"/>
          <line num="36" count="0" type="stmt"/>
          <line num="43" count="0" type="stmt"/>
          <line num="46" count="0" type="stmt"/>
          <line num="47" count="0" type="cond" truecount="0" falsecount="2"/>
          <line num="48" count="0" type="stmt"/>
          <line num="49" count="0" type="stmt"/>
          <line num="56" count="0" type="stmt"/>
          <line num="59" count="0" type="stmt"/>
          <line num="60" count="0" type="cond" truecount="0" falsecount="2"/>
          <line num="61" count="0" type="stmt"/>
          <line num="63" count="0" type="stmt"/>
          <line num="71" count="0" type="stmt"/>
          <line num="74" count="0" type="stmt"/>
          <line num="75" count="0" type="stmt"/>
          <line num="76" count="0" type="cond" truecount="0" falsecount="2"/>
          <line num="77" count="0" type="stmt"/>
          <line num="79" count="0" type="stmt"/>
          <line num="97" count="0" type="stmt"/>
          <line num="119" count="0" type="stmt"/>
          <line num="123" count="0" type="stmt"/>
          <line num="124" count="0" type="stmt"/>
          <line num="131" count="0" type="stmt"/>
          <line num="142" count="0" type="stmt"/>
          <line num="153" count="0" type="stmt"/>
          <line num="164" count="0" type="stmt"/>
          <line num="178" count="0" type="stmt"/>
          <line num="194" count="0" type="stmt"/>
          <line num="204" count="0" type="stmt"/>
          <line num="207" count="0" type="stmt"/>
        </file>
        <file name="style.js" path="/Users/joelbarbosa/workspace/mobile/mobile-wallet/app/components/button/style.js">
          <metrics statements="5" coveredstatements="0" conditionals="4" coveredconditionals="0" methods="1" coveredmethods="0"/>
          <line num="1" count="0" type="stmt"/>
          <line num="3" count="0" type="stmt"/>
          <line num="4" count="0" type="cond" truecount="0" falsecount="4"/>
          <line num="6" count="0" type="stmt"/>
          <line num="80" count="0" type="stmt"/>
        </file>
      </package>
      <package name="components.sidebar">
        <metrics statements="106" coveredstatements="0" conditionals="168" coveredconditionals="0" methods="61" coveredmethods="0"/>
        <file name="DrawerNavigator.js" path="/Users/joelbarbosa/workspace/mobile/mobile-wallet/app/components/sidebar/DrawerNavigator.js">
          <metrics statements="23" coveredstatements="0" conditionals="4" coveredconditionals="0" methods="4" coveredmethods="0"/>
          <line num="1" count="0" type="stmt"/>
          <line num="2" count="0" type="stmt"/>
          <line num="3" count="0" type="stmt"/>
          <line num="4" count="0" type="stmt"/>
          <line num="5" count="0" type="stmt"/>
          <line num="6" count="0" type="stmt"/>
          <line num="7" count="0" type="stmt"/>
          <line num="8" count="0" type="stmt"/>
          <line num="9" count="0" type="stmt"/>
          <line num="10" count="0" type="stmt"/>
          <line num="11" count="0" type="cond" truecount="0" falsecount="4"/>
          <line num="13" count="0" type="stmt"/>
          <line num="14" count="0" type="stmt"/>
          <line num="15" count="0" type="stmt"/>
          <line num="18" count="0" type="stmt"/>
          <line num="22" count="0" type="stmt"/>
          <line num="29" count="0" type="stmt"/>
          <line num="36" count="0" type="stmt"/>
          <line num="43" count="0" type="stmt"/>
          <line num="50" count="0" type="stmt"/>
          <line num="57" count="0" type="stmt"/>
          <line num="64" count="0" type="stmt"/>
          <line num="67" count="0" type="stmt"/>
        </file>
        <file name="SideMenu.js" path="/Users/joelbarbosa/workspace/mobile/mobile-wallet/app/components/sidebar/SideMenu.js">
          <metrics statements="12" coveredstatements="0" conditionals="33" coveredconditionals="0" methods="10" coveredmethods="0"/>
          <line num="1" count="0" type="cond" truecount="0" falsecount="8"/>
          <line num="8" count="0" type="stmt"/>
          <line num="9" count="0" type="stmt"/>
          <line num="10" count="0" type="stmt"/>
          <line num="12" count="0" type="stmt"/>
          <line num="13" count="0" type="stmt"/>
          <line num="14" count="0" type="stmt"/>
          <line num="15" count="0" type="cond" truecount="0" falsecount="23"/>
          <line num="17" count="0" type="cond" truecount="0" falsecount="2"/>
          <line num="19" count="0" type="stmt"/>
          <line num="20" count="0" type="stmt"/>
          <line num="110" count="0" type="stmt"/>
        </file>
        <file name="SideMenuAvatar.js" path="/Users/joelbarbosa/workspace/mobile/mobile-wallet/app/components/sidebar/SideMenuAvatar.js">
          <metrics statements="15" coveredstatements="0" conditionals="41" coveredconditionals="0" methods="12" coveredmethods="0"/>
          <line num="1" count="0" type="cond" truecount="0" falsecount="8"/>
          <line num="2" count="0" type="stmt"/>
          <line num="3" count="0" type="stmt"/>
          <line num="4" count="0" type="stmt"/>
          <line num="5" count="0" type="stmt"/>
          <line num="6" count="0" type="stmt"/>
          <line num="7" count="0" type="cond" truecount="0" falsecount="23"/>
          <line num="9" count="0" type="cond" truecount="0" falsecount="2"/>
          <line num="11" count="0" type="stmt"/>
          <line num="16" count="0" type="stmt"/>
          <line num="19" count="0" type="cond" truecount="0" falsecount="4"/>
          <line num="22" count="0" type="stmt"/>
          <line num="29" count="0" type="stmt"/>
          <line num="48" count="0" type="stmt"/>
          <line num="59" count="0" type="stmt"/>
        </file>
        <file name="SideMenuAvatarContainer.js" path="/Users/joelbarbosa/workspace/mobile/mobile-wallet/app/components/sidebar/SideMenuAvatarContainer.js">
          <metrics statements="8" coveredstatements="0" conditionals="8" coveredconditionals="0" methods="3" coveredmethods="0"/>
          <line num="1" count="0" type="stmt"/>
          <line num="2" count="0" type="stmt"/>
          <line num="3" count="0" type="stmt"/>
          <line num="4" count="0" type="stmt"/>
          <line num="5" count="0" type="cond" truecount="0" falsecount="4"/>
          <line num="7" count="0" type="stmt"/>
          <line num="12" count="0" type="stmt"/>
          <line num="13" count="0" type="stmt"/>
        </file>
        <file name="SideMenuFooter.js" path="/Users/joelbarbosa/workspace/mobile/mobile-wallet/app/components/sidebar/SideMenuFooter.js">
          <metrics statements="19" coveredstatements="0" conditionals="37" coveredconditionals="0" methods="14" coveredmethods="0"/>
          <line num="1" count="0" type="cond" truecount="0" falsecount="8"/>
          <line num="2" count="0" type="stmt"/>
          <line num="3" count="0" type="stmt"/>
          <line num="4" count="0" type="stmt"/>
          <line num="5" count="0" type="stmt"/>
          <line num="6" count="0" type="stmt"/>
          <line num="7" count="0" type="cond" truecount="0" falsecount="23"/>
          <line num="10" count="0" type="stmt"/>
          <line num="13" count="0" type="stmt"/>
          <line num="16" count="0" type="stmt"/>
          <line num="18" count="0" type="stmt"/>
          <line num="20" count="0" type="cond" truecount="0" falsecount="2"/>
          <line num="23" count="0" type="cond" truecount="0" falsecount="4"/>
          <line num="26" count="0" type="stmt"/>
          <line num="29" count="0" type="stmt"/>
          <line num="30" count="0" type="stmt"/>
          <line num="52" count="0" type="stmt"/>
          <line num="55" count="0" type="stmt"/>
          <line num="74" count="0" type="stmt"/>
        </file>
        <file name="SideMenuFooterContainer.js" path="/Users/joelbarbosa/workspace/mobile/mobile-wallet/app/components/sidebar/SideMenuFooterContainer.js">
          <metrics statements="6" coveredstatements="0" conditionals="6" coveredconditionals="0" methods="2" coveredmethods="0"/>
          <line num="1" count="0" type="stmt"/>
          <line num="2" count="0" type="stmt"/>
          <line num="3" count="0" type="stmt"/>
          <line num="4" count="0" type="cond" truecount="0" falsecount="4"/>
          <line num="6" count="0" type="stmt"/>
          <line num="9" count="0" type="stmt"/>
        </file>
        <file name="SideMenuItem.js" path="/Users/joelbarbosa/workspace/mobile/mobile-wallet/app/components/sidebar/SideMenuItem.js">
          <metrics statements="22" coveredstatements="0" conditionals="35" coveredconditionals="0" methods="15" coveredmethods="0"/>
          <line num="1" count="0" type="cond" truecount="0" falsecount="8"/>
          <line num="2" count="0" type="stmt"/>
          <line num="3" count="0" type="stmt"/>
          <line num="4" count="0" type="stmt"/>
          <line num="5" count="0" type="stmt"/>
          <line num="6" count="0" type="stmt"/>
          <line num="7" count="0" type="stmt"/>
          <line num="8" count="0" type="stmt"/>
          <line num="9" count="0" type="cond" truecount="0" falsecount="23"/>
          <line num="11" count="0" type="stmt"/>
          <line num="12" count="0" type="stmt"/>
          <line num="16" count="0" type="cond" truecount="0" falsecount="2"/>
          <line num="17" count="0" type="stmt"/>
          <line num="18" count="0" type="stmt"/>
          <line num="19" count="0" type="stmt"/>
          <line num="22" count="0" type="stmt"/>
          <line num="23" count="0" type="cond" truecount="0" falsecount="2"/>
          <line num="24" count="0" type="stmt"/>
          <line num="33" count="0" type="stmt"/>
          <line num="41" count="0" type="stmt"/>
          <line num="47" count="0" type="stmt"/>
          <line num="50" count="0" type="stmt"/>
        </file>
        <file name="index.js" path="/Users/joelbarbosa/workspace/mobile/mobile-wallet/app/components/sidebar/index.js">
          <metrics statements="1" coveredstatements="0" conditionals="4" coveredconditionals="0" methods="1" coveredmethods="0"/>
          <line num="1" count="0" type="cond" truecount="0" falsecount="4"/>
        </file>
      </package>
      <package name="components.styles">
        <metrics statements="8" coveredstatements="0" conditionals="10" coveredconditionals="0" methods="2" coveredmethods="0"/>
        <file name="Button.js" path="/Users/joelbarbosa/workspace/mobile/mobile-wallet/app/components/styles/Button.js">
          <metrics statements="2" coveredstatements="0" conditionals="0" coveredconditionals="0" methods="0" coveredmethods="0"/>
          <line num="1" count="0" type="stmt"/>
          <line num="3" count="0" type="stmt"/>
        </file>
        <file name="MenuButton.js" path="/Users/joelbarbosa/workspace/mobile/mobile-wallet/app/components/styles/MenuButton.js">
          <metrics statements="5" coveredstatements="0" conditionals="6" coveredconditionals="0" methods="1" coveredmethods="0"/>
          <line num="1" count="0" type="stmt"/>
          <line num="2" count="0" type="stmt"/>
          <line num="3" count="0" type="cond" truecount="0" falsecount="4"/>
          <line num="5" count="0" type="stmt"/>
          <line num="6" count="0" type="stmt"/>
        </file>
        <file name="SideMenu.js" path="/Users/joelbarbosa/workspace/mobile/mobile-wallet/app/components/styles/SideMenu.js">
          <metrics statements="1" coveredstatements="0" conditionals="4" coveredconditionals="0" methods="1" coveredmethods="0"/>
          <line num="1" count="0" type="cond" truecount="0" falsecount="4"/>
        </file>
      </package>
      <package name="components.tabs">
        <metrics statements="48" coveredstatements="0" conditionals="125" coveredconditionals="0" methods="40" coveredmethods="0"/>
        <file name="TabContent.js" path="/Users/joelbarbosa/workspace/mobile/mobile-wallet/app/components/tabs/TabContent.js">
          <metrics statements="7" coveredstatements="0" conditionals="35" coveredconditionals="0" methods="11" coveredmethods="0"/>
          <line num="1" count="0" type="cond" truecount="0" falsecount="8"/>
          <line num="2" count="0" type="stmt"/>
          <line num="3" count="0" type="cond" truecount="0" falsecount="23"/>
          <line num="5" count="0" type="cond" truecount="0" falsecount="2"/>
          <line num="7" count="0" type="stmt"/>
          <line num="10" count="0" type="stmt"/>
          <line num="15" count="0" type="stmt"/>
        </file>
        <file name="TabLink.js" path="/Users/joelbarbosa/workspace/mobile/mobile-wallet/app/components/tabs/TabLink.js">
          <metrics statements="9" coveredstatements="0" conditionals="39" coveredconditionals="0" methods="12" coveredmethods="0"/>
          <line num="1" count="0" type="cond" truecount="0" falsecount="12"/>
          <line num="2" count="0" type="stmt"/>
          <line num="3" count="0" type="cond" truecount="0" falsecount="23"/>
          <line num="5" count="0" type="cond" truecount="0" falsecount="2"/>
          <line num="6" count="0" type="stmt"/>
          <line num="7" count="0" type="cond" truecount="0" falsecount="2"/>
          <line num="8" count="0" type="stmt"/>
          <line num="11" count="0" type="stmt"/>
          <line num="18" count="0" type="stmt"/>
        </file>
        <file name="TabLinkContainer.js" path="/Users/joelbarbosa/workspace/mobile/mobile-wallet/app/components/tabs/TabLinkContainer.js">
          <metrics statements="10" coveredstatements="0" conditionals="4" coveredconditionals="0" methods="3" coveredmethods="0"/>
          <line num="1" count="0" type="stmt"/>
          <line num="2" count="0" type="stmt"/>
          <line num="3" count="0" type="stmt"/>
          <line num="4" count="0" type="stmt"/>
          <line num="5" count="0" type="stmt"/>
          <line num="6" count="0" type="stmt"/>
          <line num="7" count="0" type="cond" truecount="0" falsecount="4"/>
          <line num="9" count="0" type="stmt"/>
          <line num="12" count="0" type="stmt"/>
          <line num="13" count="0" type="stmt"/>
        </file>
        <file name="Tabs.js" path="/Users/joelbarbosa/workspace/mobile/mobile-wallet/app/components/tabs/Tabs.js">
          <metrics statements="6" coveredstatements="0" conditionals="33" coveredconditionals="0" methods="10" coveredmethods="0"/>
          <line num="1" count="0" type="cond" truecount="0" falsecount="8"/>
          <line num="2" count="0" type="stmt"/>
          <line num="3" count="0" type="cond" truecount="0" falsecount="23"/>
          <line num="5" count="0" type="cond" truecount="0" falsecount="2"/>
          <line num="7" count="0" type="stmt"/>
          <line num="8" count="0" type="stmt"/>
        </file>
        <file name="index.js" path="/Users/joelbarbosa/workspace/mobile/mobile-wallet/app/components/tabs/index.js">
          <metrics statements="5" coveredstatements="0" conditionals="4" coveredconditionals="0" methods="1" coveredmethods="0"/>
          <line num="1" count="0" type="stmt"/>
          <line num="2" count="0" type="stmt"/>
          <line num="3" count="0" type="stmt"/>
          <line num="4" count="0" type="cond" truecount="0" falsecount="4"/>
          <line num="6" count="0" type="stmt"/>
        </file>
        <file name="reducer.js" path="/Users/joelbarbosa/workspace/mobile/mobile-wallet/app/components/tabs/reducer.js">
          <metrics statements="6" coveredstatements="0" conditionals="6" coveredconditionals="0" methods="2" coveredmethods="0"/>
          <line num="1" count="0" type="stmt"/>
          <line num="12" count="0" type="stmt"/>
          <line num="20" count="0" type="cond" truecount="0" falsecount="4"/>
          <line num="21" count="0" type="cond" truecount="0" falsecount="2"/>
          <line num="23" count="0" type="stmt"/>
          <line num="25" count="0" type="stmt"/>
        </file>
        <file name="style.js" path="/Users/joelbarbosa/workspace/mobile/mobile-wallet/app/components/tabs/style.js">
          <metrics statements="5" coveredstatements="0" conditionals="4" coveredconditionals="0" methods="1" coveredmethods="0"/>
          <line num="1" count="0" type="stmt"/>
          <line num="2" count="0" type="stmt"/>
          <line num="3" count="0" type="cond" truecount="0" falsecount="4"/>
          <line num="5" count="0" type="stmt"/>
          <line num="32" count="0" type="stmt"/>
        </file>
      </package>
      <package name="components.theme">
        <metrics statements="21" coveredstatements="0" conditionals="14" coveredconditionals="0" methods="3" coveredmethods="0"/>
        <file name="AppStyle.js" path="/Users/joelbarbosa/workspace/mobile/mobile-wallet/app/components/theme/AppStyle.js">
          <metrics statements="5" coveredstatements="0" conditionals="6" coveredconditionals="0" methods="1" coveredmethods="0"/>
          <line num="1" count="0" type="stmt"/>
          <line num="2" count="0" type="stmt"/>
          <line num="3" count="0" type="cond" truecount="0" falsecount="4"/>
          <line num="5" count="0" type="stmt"/>
          <line num="52" count="0" type="stmt"/>
        </file>
        <file name="Colors.js" path="/Users/joelbarbosa/workspace/mobile/mobile-wallet/app/components/theme/Colors.js">
          <metrics statements="6" coveredstatements="0" conditionals="0" coveredconditionals="0" methods="0" coveredmethods="0"/>
          <line num="1" count="0" type="stmt"/>
          <line num="4" count="0" type="stmt"/>
          <line num="5" count="0" type="stmt"/>
          <line num="6" count="0" type="stmt"/>
          <line num="8" count="0" type="stmt"/>
          <line num="17" count="0" type="stmt"/>
        </file>
        <file name="FormStyle.js" path="/Users/joelbarbosa/workspace/mobile/mobile-wallet/app/components/theme/FormStyle.js">
          <metrics statements="5" coveredstatements="0" conditionals="4" coveredconditionals="0" methods="1" coveredmethods="0"/>
          <line num="1" count="0" type="stmt"/>
          <line num="2" count="0" type="stmt"/>
          <line num="3" count="0" type="cond" truecount="0" falsecount="4"/>
          <line num="5" count="0" type="stmt"/>
          <line num="21" count="0" type="stmt"/>
        </file>
        <file name="index.js" path="/Users/joelbarbosa/workspace/mobile/mobile-wallet/app/components/theme/index.js">
          <metrics statements="5" coveredstatements="0" conditionals="4" coveredconditionals="0" methods="1" coveredmethods="0"/>
          <line num="1" count="0" type="stmt"/>
          <line num="3" count="0" type="stmt"/>
          <line num="4" count="0" type="stmt"/>
          <line num="5" count="0" type="cond" truecount="0" falsecount="4"/>
          <line num="7" count="0" type="stmt"/>
        </file>
      </package>
      <package name="config">
        <metrics statements="42" coveredstatements="0" conditionals="18" coveredconditionals="0" methods="21" coveredmethods="0"/>
        <file name="auth.js" path="/Users/joelbarbosa/workspace/mobile/mobile-wallet/app/config/auth.js">
          <metrics statements="1" coveredstatements="0" conditionals="0" coveredconditionals="0" methods="0" coveredmethods="0"/>
          <line num="1" count="0" type="stmt"/>
        </file>
        <file name="firebase.js" path="/Users/joelbarbosa/workspace/mobile/mobile-wallet/app/config/firebase.js">
          <metrics statements="4" coveredstatements="0" conditionals="4" coveredconditionals="0" methods="1" coveredmethods="0"/>
          <line num="1" count="0" type="cond" truecount="0" falsecount="4"/>
          <line num="3" count="0" type="stmt"/>
          <line num="4" count="0" type="stmt"/>
          <line num="5" count="0" type="stmt"/>
        </file>
        <file name="reducers.js" path="/Users/joelbarbosa/workspace/mobile/mobile-wallet/app/config/reducers.js">
          <metrics statements="16" coveredstatements="0" conditionals="4" coveredconditionals="0" methods="1" coveredmethods="0"/>
          <line num="1" count="0" type="stmt"/>
          <line num="2" count="0" type="stmt"/>
          <line num="3" count="0" type="stmt"/>
          <line num="4" count="0" type="stmt"/>
          <line num="5" count="0" type="stmt"/>
          <line num="6" count="0" type="stmt"/>
          <line num="7" count="0" type="stmt"/>
          <line num="8" count="0" type="stmt"/>
          <line num="9" count="0" type="stmt"/>
          <line num="10" count="0" type="stmt"/>
          <line num="11" count="0" type="stmt"/>
          <line num="12" count="0" type="stmt"/>
          <line num="13" count="0" type="stmt"/>
          <line num="14" count="0" type="cond" truecount="0" falsecount="4"/>
          <line num="16" count="0" type="stmt"/>
          <line num="29" count="0" type="stmt"/>
        </file>
        <file name="reduxPersist.js" path="/Users/joelbarbosa/workspace/mobile/mobile-wallet/app/config/reduxPersist.js">
          <metrics statements="3" coveredstatements="0" conditionals="0" coveredconditionals="0" methods="0" coveredmethods="0"/>
          <line num="1" count="0" type="stmt"/>
          <line num="3" count="0" type="stmt"/>
          <line num="18" count="0" type="stmt"/>
        </file>
        <file name="routes.js" path="/Users/joelbarbosa/workspace/mobile/mobile-wallet/app/config/routes.js">
          <metrics statements="6" coveredstatements="0" conditionals="6" coveredconditionals="0" methods="18" coveredmethods="0"/>
          <line num="1" count="0" type="stmt"/>
          <line num="233" count="0" type="stmt"/>
          <line num="237" count="0" type="cond" truecount="0" falsecount="4"/>
          <line num="238" count="0" type="cond" truecount="0" falsecount="2"/>
          <line num="239" count="0" type="stmt"/>
          <line num="241" count="0" type="stmt"/>
        </file>
        <file name="store.js" path="/Users/joelbarbosa/workspace/mobile/mobile-wallet/app/config/store.js">
          <metrics statements="11" coveredstatements="0" conditionals="4" coveredconditionals="0" methods="1" coveredmethods="0"/>
          <line num="1" count="0" type="stmt"/>
          <line num="2" count="0" type="stmt"/>
          <line num="3" count="0" type="stmt"/>
          <line num="4" count="0" type="stmt"/>
          <line num="5" count="0" type="stmt"/>
          <line num="6" count="0" type="stmt"/>
          <line num="7" count="0" type="stmt"/>
          <line num="9" count="0" type="stmt"/>
          <line num="10" count="0" type="cond" truecount="0" falsecount="4"/>
          <line num="13" count="0" type="stmt"/>
          <line num="15" count="0" type="stmt"/>
        </file>
        <file name="types.js" path="/Users/joelbarbosa/workspace/mobile/mobile-wallet/app/config/types.js">
          <metrics statements="1" coveredstatements="0" conditionals="0" coveredconditionals="0" methods="0" coveredmethods="0"/>
          <line num="1" count="0" type="stmt"/>
        </file>
      </package>
      <package name="constants">
        <metrics statements="2" coveredstatements="0" conditionals="0" coveredconditionals="0" methods="0" coveredmethods="0"/>
        <file name="api.js" path="/Users/joelbarbosa/workspace/mobile/mobile-wallet/app/constants/api.js">
          <metrics statements="1" coveredstatements="0" conditionals="0" coveredconditionals="0" methods="0" coveredmethods="0"/>
          <line num="1" count="0" type="stmt"/>
        </file>
        <file name="general.js" path="/Users/joelbarbosa/workspace/mobile/mobile-wallet/app/constants/general.js">
          <metrics statements="1" coveredstatements="0" conditionals="0" coveredconditionals="0" methods="0" coveredmethods="0"/>
          <line num="1" count="0" type="stmt"/>
        </file>
      </package>
      <package name="i18n">
        <metrics statements="7" coveredstatements="0" conditionals="4" coveredconditionals="0" methods="1" coveredmethods="0"/>
        <file name="i18n.js" path="/Users/joelbarbosa/workspace/mobile/mobile-wallet/app/i18n/i18n.js">
          <metrics statements="7" coveredstatements="0" conditionals="4" coveredconditionals="0" methods="1" coveredmethods="0"/>
          <line num="1" count="0" type="stmt"/>
          <line num="2" count="0" type="stmt"/>
          <line num="3" count="0" type="stmt"/>
          <line num="4" count="0" type="cond" truecount="0" falsecount="4"/>
          <line num="6" count="0" type="stmt"/>
          <line num="8" count="0" type="stmt"/>
          <line num="10" count="0" type="stmt"/>
        </file>
      </package>
      <package name="i18n.locales">
        <metrics statements="3" coveredstatements="0" conditionals="0" coveredconditionals="0" methods="0" coveredmethods="0"/>
        <file name="en.js" path="/Users/joelbarbosa/workspace/mobile/mobile-wallet/app/i18n/locales/en.js">
          <metrics statements="1" coveredstatements="0" conditionals="0" coveredconditionals="0" methods="0" coveredmethods="0"/>
          <line num="1" count="0" type="stmt"/>
        </file>
        <file name="es.js" path="/Users/joelbarbosa/workspace/mobile/mobile-wallet/app/i18n/locales/es.js">
          <metrics statements="1" coveredstatements="0" conditionals="0" coveredconditionals="0" methods="0" coveredmethods="0"/>
          <line num="1" count="0" type="stmt"/>
        </file>
        <file name="pt.js" path="/Users/joelbarbosa/workspace/mobile/mobile-wallet/app/i18n/locales/pt.js">
          <metrics statements="1" coveredstatements="0" conditionals="0" coveredconditionals="0" methods="0" coveredmethods="0"/>
          <line num="1" count="0" type="stmt"/>
        </file>
      </package>
      <package name="lunes-ui">
        <metrics statements="1" coveredstatements="0" conditionals="4" coveredconditionals="0" methods="1" coveredmethods="0"/>
        <file name="index.js" path="/Users/joelbarbosa/workspace/mobile/mobile-wallet/app/lunes-ui/index.js">
          <metrics statements="1" coveredstatements="0" conditionals="4" coveredconditionals="0" methods="1" coveredmethods="0"/>
          <line num="1" count="0" type="cond" truecount="0" falsecount="4"/>
        </file>
      </package>
      <package name="lunes-ui.button">
        <metrics statements="72" coveredstatements="0" conditionals="65" coveredconditionals="0" methods="27" coveredmethods="0"/>
        <file name="ButtonUI.js" path="/Users/joelbarbosa/workspace/mobile/mobile-wallet/app/lunes-ui/button/ButtonUI.js">
          <metrics statements="48" coveredstatements="0" conditionals="49" coveredconditionals="0" methods="19" coveredmethods="0"/>
          <line num="1" count="0" type="cond" truecount="0" falsecount="8"/>
          <line num="4" count="0" type="stmt"/>
          <line num="5" count="0" type="stmt"/>
          <line num="6" count="0" type="stmt"/>
          <line num="7" count="0" type="stmt"/>
          <line num="8" count="0" type="stmt"/>
          <line num="9" count="0" type="stmt"/>
          <line num="10" count="0" type="stmt"/>
          <line num="11" count="0" type="stmt"/>
          <line num="12" count="0" type="stmt"/>
          <line num="13" count="0" type="cond" truecount="0" falsecount="23"/>
          <line num="15" count="0" type="cond" truecount="0" falsecount="2"/>
          <line num="17" count="0" type="cond" truecount="0" falsecount="2"/>
          <line num="18" count="0" type="stmt"/>
          <line num="22" count="0" type="stmt"/>
          <line num="23" count="0" type="stmt"/>
          <line num="24" count="0" type="stmt"/>
          <line num="25" count="0" type="cond" truecount="0" falsecount="2"/>
          <line num="26" count="0" type="cond" truecount="0" falsecount="2"/>
          <line num="27" count="0" type="stmt"/>
          <line num="29" count="0" type="stmt"/>
          <line num="30" count="0" type="stmt"/>
          <line num="39" count="0" type="stmt"/>
          <line num="42" count="0" type="stmt"/>
          <line num="43" count="0" type="stmt"/>
          <line num="44" count="0" type="stmt"/>
          <line num="45" count="0" type="cond" truecount="0" falsecount="2"/>
          <line num="46" count="0" type="cond" truecount="0" falsecount="2"/>
          <line num="47" count="0" type="stmt"/>
          <line num="49" count="0" type="stmt"/>
          <line num="50" count="0" type="stmt"/>
          <line num="59" count="0" type="stmt"/>
          <line num="62" count="0" type="stmt"/>
          <line num="63" count="0" type="stmt"/>
          <line num="64" count="0" type="stmt"/>
          <line num="65" count="0" type="cond" truecount="0" falsecount="2"/>
          <line num="66" count="0" type="cond" truecount="0" falsecount="2"/>
          <line num="67" count="0" type="stmt"/>
          <line num="69" count="0" type="stmt"/>
          <line num="70" count="0" type="stmt"/>
          <line num="79" count="0" type="stmt"/>
          <line num="82" count="0" type="stmt"/>
          <line num="83" count="0" type="cond" truecount="0" falsecount="2"/>
          <line num="84" count="0" type="stmt"/>
          <line num="86" count="0" type="stmt"/>
          <line num="96" count="0" type="stmt"/>
          <line num="100" count="0" type="stmt"/>
          <line num="108" count="0" type="stmt"/>
        </file>
        <file name="atomicBtnStyleDefault.js" path="/Users/joelbarbosa/workspace/mobile/mobile-wallet/app/lunes-ui/button/atomicBtnStyleDefault.js">
          <metrics statements="6" coveredstatements="0" conditionals="4" coveredconditionals="0" methods="2" coveredmethods="0"/>
          <line num="1" count="0" type="stmt"/>
          <line num="3" count="0" type="stmt"/>
          <line num="4" count="0" type="stmt"/>
          <line num="5" count="0" type="stmt"/>
          <line num="6" count="0" type="cond" truecount="0" falsecount="4"/>
          <line num="8" count="0" type="stmt"/>
        </file>
        <file name="atomicBtnStyleDisabled.js" path="/Users/joelbarbosa/workspace/mobile/mobile-wallet/app/lunes-ui/button/atomicBtnStyleDisabled.js">
          <metrics statements="6" coveredstatements="0" conditionals="4" coveredconditionals="0" methods="2" coveredmethods="0"/>
          <line num="1" count="0" type="stmt"/>
          <line num="3" count="0" type="stmt"/>
          <line num="4" count="0" type="stmt"/>
          <line num="5" count="0" type="stmt"/>
          <line num="6" count="0" type="cond" truecount="0" falsecount="4"/>
          <line num="8" count="0" type="stmt"/>
        </file>
        <file name="atomicBtnStylePrimary.js" path="/Users/joelbarbosa/workspace/mobile/mobile-wallet/app/lunes-ui/button/atomicBtnStylePrimary.js">
          <metrics statements="6" coveredstatements="0" conditionals="4" coveredconditionals="0" methods="2" coveredmethods="0"/>
          <line num="1" count="0" type="stmt"/>
          <line num="3" count="0" type="stmt"/>
          <line num="4" count="0" type="stmt"/>
          <line num="5" count="0" type="stmt"/>
          <line num="6" count="0" type="cond" truecount="0" falsecount="4"/>
          <line num="8" count="0" type="stmt"/>
        </file>
        <file name="atomicBtnStyleRounded.js" path="/Users/joelbarbosa/workspace/mobile/mobile-wallet/app/lunes-ui/button/atomicBtnStyleRounded.js">
          <metrics statements="6" coveredstatements="0" conditionals="4" coveredconditionals="0" methods="2" coveredmethods="0"/>
          <line num="1" count="0" type="stmt"/>
          <line num="3" count="0" type="stmt"/>
          <line num="4" count="0" type="stmt"/>
          <line num="5" count="0" type="stmt"/>
          <line num="6" count="0" type="cond" truecount="0" falsecount="4"/>
          <line num="8" count="0" type="stmt"/>
        </file>
      </package>
      <package name="native-base-theme.components">
        <metrics statements="896" coveredstatements="0" conditionals="1478" coveredconditionals="0" methods="430" coveredmethods="0"/>
        <file name="Badge.js" path="/Users/joelbarbosa/workspace/mobile/mobile-wallet/app/native-base-theme/components/Badge.js">
          <metrics statements="4" coveredstatements="0" conditionals="8" coveredconditionals="0" methods="2" coveredmethods="0"/>
          <line num="1" count="0" type="cond" truecount="0" falsecount="4"/>
          <line num="3" count="0" type="cond" truecount="0" falsecount="4"/>
          <line num="4" count="0" type="stmt"/>
          <line num="34" count="0" type="stmt"/>
        </file>
        <file name="Body.js" path="/Users/joelbarbosa/workspace/mobile/mobile-wallet/app/native-base-theme/components/Body.js">
          <metrics statements="4" coveredstatements="0" conditionals="8" coveredconditionals="0" methods="2" coveredmethods="0"/>
          <line num="1" count="0" type="cond" truecount="0" falsecount="4"/>
          <line num="3" count="0" type="cond" truecount="0" falsecount="4"/>
          <line num="4" count="0" type="stmt"/>
          <line num="10" count="0" type="stmt"/>
        </file>
        <file name="Button.js" path="/Users/joelbarbosa/workspace/mobile/mobile-wallet/app/native-base-theme/components/Button.js">
          <metrics statements="7" coveredstatements="0" conditionals="20" coveredconditionals="0" methods="2" coveredmethods="0"/>
          <line num="1" count="0" type="stmt"/>
          <line num="2" count="0" type="cond" truecount="0" falsecount="4"/>
          <line num="4" count="0" type="cond" truecount="0" falsecount="4"/>
          <line num="5" count="0" type="stmt"/>
          <line num="6" count="0" type="stmt"/>
          <line num="8" count="0" type="stmt"/>
          <line num="481" count="0" type="stmt"/>
        </file>
        <file name="Card.js" path="/Users/joelbarbosa/workspace/mobile/mobile-wallet/app/native-base-theme/components/Card.js">
          <metrics statements="4" coveredstatements="0" conditionals="8" coveredconditionals="0" methods="2" coveredmethods="0"/>
          <line num="1" count="0" type="cond" truecount="0" falsecount="4"/>
          <line num="3" count="0" type="cond" truecount="0" falsecount="4"/>
          <line num="4" count="0" type="stmt"/>
          <line num="27" count="0" type="stmt"/>
        </file>
        <file name="CardItem.js" path="/Users/joelbarbosa/workspace/mobile/mobile-wallet/app/native-base-theme/components/CardItem.js">
          <metrics statements="6" coveredstatements="0" conditionals="20" coveredconditionals="0" methods="2" coveredmethods="0"/>
          <line num="1" count="0" type="stmt"/>
          <line num="2" count="0" type="cond" truecount="0" falsecount="4"/>
          <line num="4" count="0" type="cond" truecount="0" falsecount="4"/>
          <line num="5" count="0" type="stmt"/>
          <line num="7" count="0" type="stmt"/>
          <line num="213" count="0" type="stmt"/>
        </file>
        <file name="CheckBox.js" path="/Users/joelbarbosa/workspace/mobile/mobile-wallet/app/native-base-theme/components/CheckBox.js">
          <metrics statements="4" coveredstatements="0" conditionals="8" coveredconditionals="0" methods="2" coveredmethods="0"/>
          <line num="1" count="0" type="cond" truecount="0" falsecount="4"/>
          <line num="3" count="0" type="cond" truecount="0" falsecount="4"/>
          <line num="4" count="0" type="stmt"/>
          <line num="35" count="0" type="stmt"/>
        </file>
        <file name="Container.js" path="/Users/joelbarbosa/workspace/mobile/mobile-wallet/app/native-base-theme/components/Container.js">
          <metrics statements="7" coveredstatements="0" conditionals="10" coveredconditionals="0" methods="2" coveredmethods="0"/>
          <line num="1" count="0" type="stmt"/>
          <line num="3" count="0" type="stmt"/>
          <line num="4" count="0" type="cond" truecount="0" falsecount="4"/>
          <line num="6" count="0" type="stmt"/>
          <line num="7" count="0" type="cond" truecount="0" falsecount="4"/>
          <line num="8" count="0" type="stmt"/>
          <line num="17" count="0" type="stmt"/>
        </file>
        <file name="Content.js" path="/Users/joelbarbosa/workspace/mobile/mobile-wallet/app/native-base-theme/components/Content.js">
          <metrics statements="4" coveredstatements="0" conditionals="8" coveredconditionals="0" methods="2" coveredmethods="0"/>
          <line num="1" count="0" type="cond" truecount="0" falsecount="4"/>
          <line num="3" count="0" type="cond" truecount="0" falsecount="4"/>
          <line num="4" count="0" type="stmt"/>
          <line num="16" count="0" type="stmt"/>
        </file>
        <file name="Fab.js" path="/Users/joelbarbosa/workspace/mobile/mobile-wallet/app/native-base-theme/components/Fab.js">
          <metrics statements="6" coveredstatements="0" conditionals="8" coveredconditionals="0" methods="2" coveredmethods="0"/>
          <line num="1" count="0" type="stmt"/>
          <line num="2" count="0" type="cond" truecount="0" falsecount="4"/>
          <line num="4" count="0" type="cond" truecount="0" falsecount="4"/>
          <line num="5" count="0" type="stmt"/>
          <line num="7" count="0" type="stmt"/>
          <line num="27" count="0" type="stmt"/>
        </file>
        <file name="Footer.js" path="/Users/joelbarbosa/workspace/mobile/mobile-wallet/app/native-base-theme/components/Footer.js">
          <metrics statements="7" coveredstatements="0" conditionals="16" coveredconditionals="0" methods="2" coveredmethods="0"/>
          <line num="1" count="0" type="stmt"/>
          <line num="2" count="0" type="cond" truecount="0" falsecount="4"/>
          <line num="4" count="0" type="cond" truecount="0" falsecount="4"/>
          <line num="5" count="0" type="stmt"/>
          <line num="6" count="0" type="stmt"/>
          <line num="8" count="0" type="stmt"/>
          <line num="101" count="0" type="stmt"/>
        </file>
        <file name="FooterTab.js" path="/Users/joelbarbosa/workspace/mobile/mobile-wallet/app/native-base-theme/components/FooterTab.js">
          <metrics statements="7" coveredstatements="0" conditionals="14" coveredconditionals="0" methods="2" coveredmethods="0"/>
          <line num="1" count="0" type="stmt"/>
          <line num="2" count="0" type="stmt"/>
          <line num="4" count="0" type="cond" truecount="0" falsecount="4"/>
          <line num="6" count="0" type="cond" truecount="0" falsecount="4"/>
          <line num="7" count="0" type="stmt"/>
          <line num="9" count="0" type="stmt"/>
          <line num="76" count="0" type="stmt"/>
        </file>
        <file name="Form.js" path="/Users/joelbarbosa/workspace/mobile/mobile-wallet/app/native-base-theme/components/Form.js">
          <metrics statements="6" coveredstatements="0" conditionals="8" coveredconditionals="0" methods="2" coveredmethods="0"/>
          <line num="1" count="0" type="stmt"/>
          <line num="2" count="0" type="cond" truecount="0" falsecount="4"/>
          <line num="4" count="0" type="cond" truecount="0" falsecount="4"/>
          <line num="5" count="0" type="stmt"/>
          <line num="7" count="0" type="stmt"/>
          <line num="88" count="0" type="stmt"/>
        </file>
        <file name="H1.js" path="/Users/joelbarbosa/workspace/mobile/mobile-wallet/app/native-base-theme/components/H1.js">
          <metrics statements="4" coveredstatements="0" conditionals="8" coveredconditionals="0" methods="2" coveredmethods="0"/>
          <line num="1" count="0" type="cond" truecount="0" falsecount="4"/>
          <line num="3" count="0" type="cond" truecount="0" falsecount="4"/>
          <line num="4" count="0" type="stmt"/>
          <line num="10" count="0" type="stmt"/>
        </file>
        <file name="H2.js" path="/Users/joelbarbosa/workspace/mobile/mobile-wallet/app/native-base-theme/components/H2.js">
          <metrics statements="4" coveredstatements="0" conditionals="8" coveredconditionals="0" methods="2" coveredmethods="0"/>
          <line num="1" count="0" type="cond" truecount="0" falsecount="4"/>
          <line num="3" count="0" type="cond" truecount="0" falsecount="4"/>
          <line num="4" count="0" type="stmt"/>
          <line num="10" count="0" type="stmt"/>
        </file>
        <file name="H3.js" path="/Users/joelbarbosa/workspace/mobile/mobile-wallet/app/native-base-theme/components/H3.js">
          <metrics statements="4" coveredstatements="0" conditionals="8" coveredconditionals="0" methods="2" coveredmethods="0"/>
          <line num="1" count="0" type="cond" truecount="0" falsecount="4"/>
          <line num="3" count="0" type="cond" truecount="0" falsecount="4"/>
          <line num="4" count="0" type="stmt"/>
          <line num="10" count="0" type="stmt"/>
        </file>
        <file name="Header.js" path="/Users/joelbarbosa/workspace/mobile/mobile-wallet/app/native-base-theme/components/Header.js">
          <metrics statements="8" coveredstatements="0" conditionals="52" coveredconditionals="0" methods="2" coveredmethods="0"/>
          <line num="1" count="0" type="stmt"/>
          <line num="2" count="0" type="stmt"/>
          <line num="4" count="0" type="cond" truecount="0" falsecount="4"/>
          <line num="6" count="0" type="cond" truecount="0" falsecount="4"/>
          <line num="7" count="0" type="stmt"/>
          <line num="8" count="0" type="stmt"/>
          <line num="10" count="0" type="stmt"/>
          <line num="324" count="0" type="stmt"/>
        </file>
        <file name="Icon.js" path="/Users/joelbarbosa/workspace/mobile/mobile-wallet/app/native-base-theme/components/Icon.js">
          <metrics statements="4" coveredstatements="0" conditionals="8" coveredconditionals="0" methods="2" coveredmethods="0"/>
          <line num="1" count="0" type="cond" truecount="0" falsecount="4"/>
          <line num="3" count="0" type="cond" truecount="0" falsecount="4"/>
          <line num="4" count="0" type="stmt"/>
          <line num="9" count="0" type="stmt"/>
        </file>
        <file name="Input.js" path="/Users/joelbarbosa/workspace/mobile/mobile-wallet/app/native-base-theme/components/Input.js">
          <metrics statements="4" coveredstatements="0" conditionals="8" coveredconditionals="0" methods="2" coveredmethods="0"/>
          <line num="1" count="0" type="cond" truecount="0" falsecount="4"/>
          <line num="3" count="0" type="cond" truecount="0" falsecount="4"/>
          <line num="4" count="0" type="stmt"/>
          <line num="17" count="0" type="stmt"/>
        </file>
        <file name="InputGroup.js" path="/Users/joelbarbosa/workspace/mobile/mobile-wallet/app/native-base-theme/components/InputGroup.js">
          <metrics statements="4" coveredstatements="0" conditionals="8" coveredconditionals="0" methods="2" coveredmethods="0"/>
          <line num="1" count="0" type="cond" truecount="0" falsecount="4"/>
          <line num="3" count="0" type="cond" truecount="0" falsecount="4"/>
          <line num="4" count="0" type="stmt"/>
          <line num="129" count="0" type="stmt"/>
        </file>
        <file name="Item.js" path="/Users/joelbarbosa/workspace/mobile/mobile-wallet/app/native-base-theme/components/Item.js">
          <metrics statements="5" coveredstatements="0" conditionals="14" coveredconditionals="0" methods="2" coveredmethods="0"/>
          <line num="1" count="0" type="stmt"/>
          <line num="3" count="0" type="cond" truecount="0" falsecount="4"/>
          <line num="5" count="0" type="cond" truecount="0" falsecount="4"/>
          <line num="6" count="0" type="stmt"/>
          <line num="214" count="0" type="stmt"/>
        </file>
        <file name="Label.js" path="/Users/joelbarbosa/workspace/mobile/mobile-wallet/app/native-base-theme/components/Label.js">
          <metrics statements="4" coveredstatements="0" conditionals="8" coveredconditionals="0" methods="2" coveredmethods="0"/>
          <line num="1" count="0" type="cond" truecount="0" falsecount="4"/>
          <line num="3" count="0" type="cond" truecount="0" falsecount="4"/>
          <line num="4" count="0" type="stmt"/>
          <line num="11" count="0" type="stmt"/>
        </file>
        <file name="Left.js" path="/Users/joelbarbosa/workspace/mobile/mobile-wallet/app/native-base-theme/components/Left.js">
          <metrics statements="4" coveredstatements="0" conditionals="8" coveredconditionals="0" methods="2" coveredmethods="0"/>
          <line num="1" count="0" type="cond" truecount="0" falsecount="4"/>
          <line num="3" count="0" type="cond" truecount="0" falsecount="4"/>
          <line num="4" count="0" type="stmt"/>
          <line num="10" count="0" type="stmt"/>
        </file>
        <file name="ListItem.js" path="/Users/joelbarbosa/workspace/mobile/mobile-wallet/app/native-base-theme/components/ListItem.js">
          <metrics statements="8" coveredstatements="0" conditionals="34" coveredconditionals="0" methods="3" coveredmethods="0"/>
          <line num="1" count="0" type="cond" truecount="0" falsecount="4"/>
          <line num="2" count="0" type="stmt"/>
          <line num="4" count="0" type="stmt"/>
          <line num="5" count="0" type="cond" truecount="0" falsecount="4"/>
          <line num="7" count="0" type="cond" truecount="0" falsecount="4"/>
          <line num="8" count="0" type="stmt"/>
          <line num="10" count="0" type="stmt"/>
          <line num="406" count="0" type="stmt"/>
        </file>
        <file name="LunesAbout.js" path="/Users/joelbarbosa/workspace/mobile/mobile-wallet/app/native-base-theme/components/LunesAbout.js">
          <metrics statements="15" coveredstatements="0" conditionals="33" coveredconditionals="0" methods="10" coveredmethods="0"/>
          <line num="1" count="0" type="cond" truecount="0" falsecount="8"/>
          <line num="2" count="0" type="stmt"/>
          <line num="3" count="0" type="stmt"/>
          <line num="11" count="0" type="stmt"/>
          <line num="12" count="0" type="stmt"/>
          <line num="13" count="0" type="stmt"/>
          <line num="14" count="0" type="stmt"/>
          <line num="15" count="0" type="cond" truecount="0" falsecount="23"/>
          <line num="17" count="0" type="stmt"/>
          <line num="19" count="0" type="stmt"/>
          <line num="20" count="0" type="cond" truecount="0" falsecount="2"/>
          <line num="22" count="0" type="stmt"/>
          <line num="25" count="0" type="stmt"/>
          <line num="39" count="0" type="stmt"/>
          <line num="42" count="0" type="stmt"/>
        </file>
        <file name="LunesAlert.js" path="/Users/joelbarbosa/workspace/mobile/mobile-wallet/app/native-base-theme/components/LunesAlert.js">
          <metrics statements="46" coveredstatements="0" conditionals="61" coveredconditionals="0" methods="21" coveredmethods="0"/>
          <line num="1" count="0" type="cond" truecount="0" falsecount="8"/>
          <line num="2" count="0" type="stmt"/>
          <line num="3" count="0" type="stmt"/>
          <line num="11" count="0" type="stmt"/>
          <line num="12" count="0" type="stmt"/>
          <line num="13" count="0" type="stmt"/>
          <line num="14" count="0" type="stmt"/>
          <line num="19" count="0" type="cond" truecount="0" falsecount="23"/>
          <line num="21" count="0" type="stmt"/>
          <line num="23" count="0" type="stmt"/>
          <line num="24" count="0" type="cond" truecount="0" falsecount="2"/>
          <line num="26" count="0" type="stmt"/>
          <line num="27" count="0" type="stmt"/>
          <line num="29" count="0" type="stmt"/>
          <line num="32" count="0" type="cond" truecount="0" falsecount="2"/>
          <line num="33" count="0" type="stmt"/>
          <line num="40" count="0" type="stmt"/>
          <line num="43" count="0" type="stmt"/>
          <line num="44" count="0" type="stmt"/>
          <line num="47" count="0" type="stmt"/>
          <line num="48" count="0" type="cond" truecount="0" falsecount="4"/>
          <line num="49" count="0" type="stmt"/>
          <line num="57" count="0" type="stmt"/>
          <line num="58" count="0" type="cond" truecount="0" falsecount="2"/>
          <line num="59" count="0" type="stmt"/>
          <line num="64" count="0" type="stmt"/>
          <line num="79" count="0" type="stmt"/>
          <line num="95" count="0" type="cond" truecount="0" falsecount="4"/>
          <line num="96" count="0" type="stmt"/>
          <line num="114" count="0" type="stmt"/>
          <line num="130" count="0" type="cond" truecount="0" falsecount="4"/>
          <line num="131" count="0" type="stmt"/>
          <line num="149" count="0" type="stmt"/>
          <line num="153" count="0" type="cond" truecount="0" falsecount="4"/>
          <line num="154" count="0" type="stmt"/>
          <line num="175" count="0" type="stmt"/>
          <line num="191" count="0" type="cond" truecount="0" falsecount="2"/>
          <line num="192" count="0" type="cond" truecount="0" falsecount="4"/>
          <line num="193" count="0" type="stmt"/>
          <line num="213" count="0" type="stmt"/>
          <line num="217" count="0" type="cond" truecount="0" falsecount="2"/>
          <line num="218" count="0" type="stmt"/>
          <line num="231" count="0" type="stmt"/>
          <line num="235" count="0" type="stmt"/>
          <line num="236" count="0" type="stmt"/>
          <line num="239" count="0" type="stmt"/>
        </file>
        <file name="LunesBalanceText.js" path="/Users/joelbarbosa/workspace/mobile/mobile-wallet/app/native-base-theme/components/LunesBalanceText.js">
          <metrics statements="8" coveredstatements="0" conditionals="4" coveredconditionals="0" methods="2" coveredmethods="0"/>
          <line num="1" count="0" type="stmt"/>
          <line num="2" count="0" type="stmt"/>
          <line num="3" count="0" type="stmt"/>
          <line num="4" count="0" type="stmt"/>
          <line num="5" count="0" type="cond" truecount="0" falsecount="4"/>
          <line num="7" count="0" type="stmt"/>
          <line num="19" count="0" type="stmt"/>
          <line num="33" count="0" type="stmt"/>
        </file>
        <file name="LunesChartList.js" path="/Users/joelbarbosa/workspace/mobile/mobile-wallet/app/native-base-theme/components/LunesChartList.js">
          <metrics statements="0" coveredstatements="0" conditionals="0" coveredconditionals="0" methods="0" coveredmethods="0"/>
        </file>
        <file name="LunesChartMain.js" path="/Users/joelbarbosa/workspace/mobile/mobile-wallet/app/native-base-theme/components/LunesChartMain.js">
          <metrics statements="46" coveredstatements="0" conditionals="59" coveredconditionals="0" methods="23" coveredmethods="0"/>
          <line num="1" count="0" type="cond" truecount="0" falsecount="8"/>
          <line num="3" count="0" type="stmt"/>
          <line num="4" count="0" type="stmt"/>
          <line num="5" count="0" type="stmt"/>
          <line num="6" count="0" type="stmt"/>
          <line num="7" count="0" type="stmt"/>
          <line num="8" count="0" type="stmt"/>
          <line num="9" count="0" type="stmt"/>
          <line num="10" count="0" type="stmt"/>
          <line num="11" count="0" type="stmt"/>
          <line num="12" count="0" type="stmt"/>
          <line num="13" count="0" type="stmt"/>
          <line num="30" count="0" type="stmt"/>
          <line num="31" count="0" type="stmt"/>
          <line num="32" count="0" type="stmt"/>
          <line num="33" count="0" type="stmt"/>
          <line num="34" count="0" type="cond" truecount="0" falsecount="35"/>
          <line num="36" count="0" type="stmt"/>
          <line num="38" count="0" type="cond" truecount="0" falsecount="2"/>
          <line num="41" count="0" type="cond" truecount="0" falsecount="4"/>
          <line num="42" count="0" type="stmt"/>
          <line num="44" count="0" type="cond" truecount="0" falsecount="2"/>
          <line num="45" count="0" type="stmt"/>
          <line num="46" count="0" type="stmt"/>
          <line num="47" count="0" type="stmt"/>
          <line num="48" count="0" type="cond" truecount="0" falsecount="2"/>
          <line num="49" count="0" type="stmt"/>
          <line num="50" count="0" type="cond" truecount="0" falsecount="2"/>
          <line num="51" count="0" type="stmt"/>
          <line num="52" count="0" type="cond" truecount="0" falsecount="2"/>
          <line num="53" count="0" type="stmt"/>
          <line num="54" count="0" type="cond" truecount="0" falsecount="2"/>
          <line num="55" count="0" type="stmt"/>
          <line num="58" count="0" type="stmt"/>
          <line num="59" count="0" type="stmt"/>
          <line num="90" count="0" type="stmt"/>
          <line num="94" count="0" type="stmt"/>
          <line num="125" count="0" type="stmt"/>
          <line num="138" count="0" type="stmt"/>
          <line num="151" count="0" type="stmt"/>
          <line num="170" count="0" type="stmt"/>
          <line num="175" count="0" type="stmt"/>
          <line num="178" count="0" type="stmt"/>
          <line num="188" count="0" type="stmt"/>
          <line num="206" count="0" type="stmt"/>
          <line num="209" count="0" type="stmt"/>
        </file>
        <file name="LunesChartPeriod.js" path="/Users/joelbarbosa/workspace/mobile/mobile-wallet/app/native-base-theme/components/LunesChartPeriod.js">
          <metrics statements="18" coveredstatements="0" conditionals="35" coveredconditionals="0" methods="13" coveredmethods="0"/>
          <line num="1" count="0" type="cond" truecount="0" falsecount="8"/>
          <line num="4" count="0" type="stmt"/>
          <line num="5" count="0" type="stmt"/>
          <line num="12" count="0" type="stmt"/>
          <line num="13" count="0" type="stmt"/>
          <line num="14" count="0" type="cond" truecount="0" falsecount="23"/>
          <line num="16" count="0" type="stmt"/>
          <line num="17" count="0" type="cond" truecount="0" falsecount="2"/>
          <line num="19" count="0" type="stmt"/>
          <line num="20" count="0" type="cond" truecount="0" falsecount="2"/>
          <line num="21" count="0" type="stmt"/>
          <line num="23" count="0" type="stmt"/>
          <line num="26" count="0" type="stmt"/>
          <line num="27" count="0" type="stmt"/>
          <line num="32" count="0" type="stmt"/>
          <line num="43" count="0" type="stmt"/>
          <line num="73" count="0" type="stmt"/>
          <line num="76" count="0" type="stmt"/>
        </file>
        <file name="LunesCodeSMS.js" path="/Users/joelbarbosa/workspace/mobile/mobile-wallet/app/native-base-theme/components/LunesCodeSMS.js">
          <metrics statements="18" coveredstatements="0" conditionals="39" coveredconditionals="0" methods="14" coveredmethods="0"/>
          <line num="1" count="0" type="cond" truecount="0" falsecount="8"/>
          <line num="4" count="0" type="stmt"/>
          <line num="5" count="0" type="stmt"/>
          <line num="6" count="0" type="stmt"/>
          <line num="7" count="0" type="cond" truecount="0" falsecount="23"/>
          <line num="9" count="0" type="cond" truecount="0" falsecount="2"/>
          <line num="10" count="0" type="stmt"/>
          <line num="11" count="0" type="stmt"/>
          <line num="12" count="0" type="stmt"/>
          <line num="14" count="0" type="stmt"/>
          <line num="21" count="0" type="stmt"/>
          <line num="22" count="0" type="cond" truecount="0" falsecount="4"/>
          <line num="23" count="0" type="cond" truecount="0" falsecount="2"/>
          <line num="24" count="0" type="stmt"/>
          <line num="26" count="0" type="stmt"/>
          <line num="34" count="0" type="stmt"/>
          <line num="40" count="0" type="stmt"/>
          <line num="43" count="0" type="stmt"/>
        </file>
        <file name="LunesConfirmButton.js" path="/Users/joelbarbosa/workspace/mobile/mobile-wallet/app/native-base-theme/components/LunesConfirmButton.js">
          <metrics statements="33" coveredstatements="0" conditionals="37" coveredconditionals="0" methods="18" coveredmethods="0"/>
          <line num="1" count="0" type="cond" truecount="0" falsecount="8"/>
          <line num="4" count="0" type="stmt"/>
          <line num="5" count="0" type="stmt"/>
          <line num="13" count="0" type="stmt"/>
          <line num="14" count="0" type="stmt"/>
          <line num="15" count="0" type="stmt"/>
          <line num="16" count="0" type="stmt"/>
          <line num="17" count="0" type="stmt"/>
          <line num="18" count="0" type="stmt"/>
          <line num="19" count="0" type="cond" truecount="0" falsecount="23"/>
          <line num="21" count="0" type="stmt"/>
          <line num="22" count="0" type="cond" truecount="0" falsecount="2"/>
          <line num="24" count="0" type="stmt"/>
          <line num="25" count="0" type="stmt"/>
          <line num="27" count="0" type="stmt"/>
          <line num="30" count="0" type="stmt"/>
          <line num="36" count="0" type="stmt"/>
          <line num="39" count="0" type="stmt"/>
          <line num="40" count="0" type="cond" truecount="0" falsecount="2"/>
          <line num="41" count="0" type="stmt"/>
          <line num="42" count="0" type="stmt"/>
          <line num="55" count="0" type="stmt"/>
          <line num="66" count="0" type="stmt"/>
          <line num="80" count="0" type="stmt"/>
          <line num="94" count="0" type="stmt"/>
          <line num="97" count="0" type="stmt"/>
          <line num="98" count="0" type="cond" truecount="0" falsecount="2"/>
          <line num="99" count="0" type="stmt"/>
          <line num="101" count="0" type="stmt"/>
          <line num="111" count="0" type="stmt"/>
          <line num="115" count="0" type="stmt"/>
          <line num="121" count="0" type="stmt"/>
          <line num="124" count="0" type="stmt"/>
        </file>
        <file name="LunesContainerPhone.js" path="/Users/joelbarbosa/workspace/mobile/mobile-wallet/app/native-base-theme/components/LunesContainerPhone.js">
          <metrics statements="24" coveredstatements="0" conditionals="35" coveredconditionals="0" methods="15" coveredmethods="0"/>
          <line num="1" count="0" type="cond" truecount="0" falsecount="8"/>
          <line num="4" count="0" type="stmt"/>
          <line num="5" count="0" type="stmt"/>
          <line num="6" count="0" type="stmt"/>
          <line num="7" count="0" type="stmt"/>
          <line num="8" count="0" type="stmt"/>
          <line num="9" count="0" type="stmt"/>
          <line num="10" count="0" type="cond" truecount="0" falsecount="23"/>
          <line num="12" count="0" type="stmt"/>
          <line num="13" count="0" type="cond" truecount="0" falsecount="2"/>
          <line num="15" count="0" type="stmt"/>
          <line num="19" count="0" type="stmt"/>
          <line num="21" count="0" type="stmt"/>
          <line num="23" count="0" type="stmt"/>
          <line num="26" count="0" type="stmt"/>
          <line num="27" count="0" type="stmt"/>
          <line num="33" count="0" type="stmt"/>
          <line num="42" count="0" type="stmt"/>
          <line num="43" count="0" type="stmt"/>
          <line num="45" count="0" type="stmt"/>
          <line num="72" count="0" type="stmt"/>
          <line num="80" count="0" type="stmt"/>
          <line num="86" count="0" type="stmt"/>
          <line num="89" count="0" type="stmt"/>
        </file>
        <file name="LunesCustomIcon.js" path="/Users/joelbarbosa/workspace/mobile/mobile-wallet/app/native-base-theme/components/LunesCustomIcon.js">
          <metrics statements="18" coveredstatements="0" conditionals="56" coveredconditionals="0" methods="14" coveredmethods="0"/>
          <line num="1" count="0" type="stmt"/>
          <line num="2" count="0" type="stmt"/>
          <line num="3" count="0" type="stmt"/>
          <line num="4" count="0" type="stmt"/>
          <line num="7" count="0" type="cond" truecount="0" falsecount="4"/>
          <line num="9" count="0" type="stmt"/>
          <line num="17" count="0" type="stmt"/>
          <line num="25" count="0" type="stmt"/>
          <line num="33" count="0" type="stmt"/>
          <line num="41" count="0" type="stmt"/>
          <line num="49" count="0" type="stmt"/>
          <line num="57" count="0" type="stmt"/>
          <line num="65" count="0" type="stmt"/>
          <line num="73" count="0" type="stmt"/>
          <line num="81" count="0" type="stmt"/>
          <line num="90" count="0" type="stmt"/>
          <line num="99" count="0" type="stmt"/>
          <line num="108" count="0" type="stmt"/>
        </file>
        <file name="LunesGradientButton.js" path="/Users/joelbarbosa/workspace/mobile/mobile-wallet/app/native-base-theme/components/LunesGradientButton.js">
          <metrics statements="8" coveredstatements="0" conditionals="33" coveredconditionals="0" methods="10" coveredmethods="0"/>
          <line num="1" count="0" type="cond" truecount="0" falsecount="8"/>
          <line num="2" count="0" type="stmt"/>
          <line num="3" count="0" type="stmt"/>
          <line num="4" count="0" type="cond" truecount="0" falsecount="23"/>
          <line num="6" count="0" type="cond" truecount="0" falsecount="2"/>
          <line num="8" count="0" type="stmt"/>
          <line num="15" count="0" type="stmt"/>
          <line num="18" count="0" type="stmt"/>
        </file>
        <file name="LunesInputPhone.js" path="/Users/joelbarbosa/workspace/mobile/mobile-wallet/app/native-base-theme/components/LunesInputPhone.js">
          <metrics statements="13" coveredstatements="0" conditionals="37" coveredconditionals="0" methods="12" coveredmethods="0"/>
          <line num="1" count="0" type="cond" truecount="0" falsecount="8"/>
          <line num="4" count="0" type="stmt"/>
          <line num="5" count="0" type="stmt"/>
          <line num="6" count="0" type="stmt"/>
          <line num="7" count="0" type="stmt"/>
          <line num="8" count="0" type="cond" truecount="0" falsecount="23"/>
          <line num="10" count="0" type="cond" truecount="0" falsecount="2"/>
          <line num="12" count="0" type="stmt"/>
          <line num="17" count="0" type="stmt"/>
          <line num="18" count="0" type="stmt"/>
          <line num="26" count="0" type="stmt"/>
          <line num="29" count="0" type="stmt"/>
          <line num="32" count="0" type="stmt"/>
        </file>
        <file name="LunesLoading.js" path="/Users/joelbarbosa/workspace/mobile/mobile-wallet/app/native-base-theme/components/LunesLoading.js">
          <metrics statements="10" coveredstatements="0" conditionals="35" coveredconditionals="0" methods="10" coveredmethods="0"/>
          <line num="1" count="0" type="cond" truecount="0" falsecount="8"/>
          <line num="4" count="0" type="stmt"/>
          <line num="5" count="0" type="stmt"/>
          <line num="6" count="0" type="stmt"/>
          <line num="7" count="0" type="stmt"/>
          <line num="8" count="0" type="cond" truecount="0" falsecount="23"/>
          <line num="10" count="0" type="cond" truecount="0" falsecount="2"/>
          <line num="12" count="0" type="stmt"/>
          <line num="20" count="0" type="stmt"/>
          <line num="23" count="0" type="stmt"/>
        </file>
        <file name="LunesLoginForm.js" path="/Users/joelbarbosa/workspace/mobile/mobile-wallet/app/native-base-theme/components/LunesLoginForm.js">
          <metrics statements="74" coveredstatements="0" conditionals="87" coveredconditionals="0" methods="34" coveredmethods="0"/>
          <line num="1" count="0" type="cond" truecount="0" falsecount="8"/>
          <line num="3" count="0" type="stmt"/>
          <line num="4" count="0" type="stmt"/>
          <line num="12" count="0" type="stmt"/>
          <line num="13" count="0" type="stmt"/>
          <line num="14" count="0" type="stmt"/>
          <line num="15" count="0" type="stmt"/>
          <line num="16" count="0" type="stmt"/>
          <line num="17" count="0" type="cond" truecount="0" falsecount="23"/>
          <line num="19" count="0" type="stmt"/>
          <line num="20" count="0" type="cond" truecount="0" falsecount="2"/>
          <line num="22" count="0" type="stmt"/>
          <line num="29" count="0" type="stmt"/>
          <line num="31" count="0" type="stmt"/>
          <line num="34" count="0" type="cond" truecount="0" falsecount="4"/>
          <line num="35" count="0" type="stmt"/>
          <line num="36" count="0" type="stmt"/>
          <line num="38" count="0" type="cond" truecount="0" falsecount="4"/>
          <line num="39" count="0" type="stmt"/>
          <line num="40" count="0" type="stmt"/>
          <line num="42" count="0" type="cond" truecount="0" falsecount="2"/>
          <line num="43" count="0" type="stmt"/>
          <line num="44" count="0" type="stmt"/>
          <line num="46" count="0" type="stmt"/>
          <line num="49" count="0" type="stmt"/>
          <line num="50" count="0" type="cond" truecount="0" falsecount="2"/>
          <line num="51" count="0" type="stmt"/>
          <line num="59" count="0" type="stmt"/>
          <line num="62" count="0" type="stmt"/>
          <line num="68" count="0" type="stmt"/>
          <line num="71" count="0" type="stmt"/>
          <line num="72" count="0" type="cond" truecount="0" falsecount="2"/>
          <line num="73" count="0" type="stmt"/>
          <line num="80" count="0" type="stmt"/>
          <line num="81" count="0" type="stmt"/>
          <line num="90" count="0" type="stmt"/>
          <line num="94" count="0" type="cond" truecount="0" falsecount="2"/>
          <line num="100" count="0" type="cond" truecount="0" falsecount="2"/>
          <line num="107" count="0" type="stmt"/>
          <line num="108" count="0" type="cond" truecount="0" falsecount="2"/>
          <line num="113" count="0" type="stmt"/>
          <line num="115" count="0" type="stmt"/>
          <line num="119" count="0" type="stmt"/>
          <line num="120" count="0" type="stmt"/>
          <line num="131" count="0" type="cond" truecount="0" falsecount="2"/>
          <line num="136" count="0" type="stmt"/>
          <line num="145" count="0" type="stmt"/>
          <line num="149" count="0" type="stmt"/>
          <line num="156" count="0" type="cond" truecount="0" falsecount="2"/>
          <line num="162" count="0" type="stmt"/>
          <line num="171" count="0" type="stmt"/>
          <line num="175" count="0" type="cond" truecount="0" falsecount="2"/>
          <line num="181" count="0" type="stmt"/>
          <line num="188" count="0" type="cond" truecount="0" falsecount="2"/>
          <line num="193" count="0" type="stmt"/>
          <line num="201" count="0" type="stmt"/>
          <line num="204" count="0" type="stmt"/>
          <line num="205" count="0" type="stmt"/>
          <line num="208" count="0" type="stmt"/>
          <line num="223" count="0" type="stmt"/>
          <line num="224" count="0" type="stmt"/>
          <line num="226" count="0" type="stmt"/>
          <line num="228" count="0" type="stmt"/>
          <line num="235" count="0" type="stmt"/>
          <line num="236" count="0" type="stmt"/>
          <line num="247" count="0" type="stmt"/>
          <line num="248" count="0" type="stmt"/>
          <line num="250" count="0" type="stmt"/>
          <line num="263" count="0" type="stmt"/>
          <line num="264" count="0" type="stmt"/>
          <line num="268" count="0" type="cond" truecount="0" falsecount="2"/>
          <line num="269" count="0" type="stmt"/>
          <line num="288" count="0" type="stmt"/>
          <line num="291" count="0" type="stmt"/>
        </file>
        <file name="LunesLogo.js" path="/Users/joelbarbosa/workspace/mobile/mobile-wallet/app/native-base-theme/components/LunesLogo.js">
          <metrics statements="12" coveredstatements="0" conditionals="35" coveredconditionals="0" methods="10" coveredmethods="0"/>
          <line num="1" count="0" type="cond" truecount="0" falsecount="8"/>
          <line num="4" count="0" type="stmt"/>
          <line num="5" count="0" type="stmt"/>
          <line num="6" count="0" type="stmt"/>
          <line num="7" count="0" type="cond" truecount="0" falsecount="23"/>
          <line num="9" count="0" type="cond" truecount="0" falsecount="2"/>
          <line num="11" count="0" type="stmt"/>
          <line num="12" count="0" type="cond" truecount="0" falsecount="2"/>
          <line num="13" count="0" type="stmt"/>
[...]
          <metrics statements="6" coveredstatements="0" conditionals="4" coveredconditionals="0" methods="1" coveredmethods="0"/>
          <line num="1" count="0" type="stmt"/>
          <line num="2" count="0" type="stmt"/>
          <line num="3" count="0" type="stmt"/>
          <line num="4" count="0" type="stmt"/>
          <line num="5" count="0" type="cond" truecount="0" falsecount="4"/>
          <line num="7" count="0" type="stmt"/>
        </file>
      </package>
      <package name="utils">
        <metrics statements="315" coveredstatements="0" conditionals="221" coveredconditionals="0" methods="42" coveredmethods="0"/>
        <file name="btcConverter.js" path="/Users/joelbarbosa/workspace/mobile/mobile-wallet/app/utils/btcConverter.js">
          <metrics statements="26" coveredstatements="0" conditionals="18" coveredconditionals="0" methods="5" coveredmethods="0"/>
          <line num="1" count="0" type="stmt"/>
          <line num="7" count="0" type="cond" truecount="0" falsecount="4"/>
          <line num="10" count="0" type="stmt"/>
          <line num="13" count="0" type="cond" truecount="0" falsecount="2"/>
          <line num="14" count="0" type="stmt"/>
          <line num="15" count="0" type="cond" truecount="0" falsecount="2"/>
          <line num="21" count="0" type="stmt"/>
          <line num="22" count="0" type="stmt"/>
          <line num="34" count="0" type="stmt"/>
          <line num="35" count="0" type="cond" truecount="0" falsecount="2"/>
          <line num="36" count="0" type="stmt"/>
          <line num="37" count="0" type="stmt"/>
          <line num="39" count="0" type="cond" truecount="0" falsecount="2"/>
          <line num="40" count="0" type="stmt"/>
          <line num="44" count="0" type="cond" truecount="0" falsecount="2"/>
          <line num="45" count="0" type="stmt"/>
          <line num="50" count="0" type="stmt"/>
          <line num="51" count="0" type="stmt"/>
          <line num="62" count="0" type="stmt"/>
          <line num="63" count="0" type="cond" truecount="0" falsecount="2"/>
          <line num="64" count="0" type="stmt"/>
          <line num="65" count="0" type="stmt"/>
          <line num="67" count="0" type="cond" truecount="0" falsecount="2"/>
          <line num="68" count="0" type="stmt"/>
          <line num="73" count="0" type="stmt"/>
          <line num="74" count="0" type="stmt"/>
        </file>
        <file name="ccc-streamer-utilities.js" path="/Users/joelbarbosa/workspace/mobile/mobile-wallet/app/utils/ccc-streamer-utilities.js">
          <metrics statements="227" coveredstatements="0" conditionals="145" coveredconditionals="0" methods="20" coveredmethods="0"/>
          <line num="1" count="0" type="stmt"/>
          <line num="3" count="0" type="stmt"/>
          <line num="5" count="0" type="cond" truecount="0" falsecount="2"/>
          <line num="7" count="0" type="stmt"/>
          <line num="27" count="0" type="cond" truecount="0" falsecount="2"/>
          <line num="29" count="0" type="stmt"/>
          <line num="46" count="0" type="stmt"/>
          <line num="47" count="0" type="cond" truecount="0" falsecount="2"/>
          <line num="50" count="0" type="stmt"/>
          <line num="56" count="0" type="cond" truecount="0" falsecount="2"/>
          <line num="64" count="0" type="stmt"/>
          <line num="65" count="0" type="stmt"/>
          <line num="68" count="0" type="stmt"/>
          <line num="71" count="0" type="cond" truecount="0" falsecount="2"/>
          <line num="72" count="0" type="stmt"/>
          <line num="74" count="0" type="stmt"/>
          <line num="77" count="0" type="stmt"/>
          <line num="78" count="0" type="cond" truecount="0" falsecount="2"/>
          <line num="80" count="0" type="stmt"/>
          <line num="81" count="0" type="cond" truecount="0" falsecount="2"/>
          <line num="82" count="0" type="stmt"/>
          <line num="83" count="0" type="stmt"/>
          <line num="85" count="0" type="cond" truecount="0" falsecount="2"/>
          <line num="86" count="0" type="stmt"/>
          <line num="87" count="0" type="stmt"/>
          <line num="88" count="0" type="stmt"/>
          <line num="90" count="0" type="stmt"/>
          <line num="91" count="0" type="stmt"/>
          <line num="92" count="0" type="stmt"/>
          <line num="95" count="0" type="stmt"/>
          <line num="96" count="0" type="cond" truecount="0" falsecount="2"/>
          <line num="97" count="0" type="stmt"/>
          <line num="98" count="0" type="stmt"/>
          <line num="100" count="0" type="cond" truecount="0" falsecount="2"/>
          <line num="101" count="0" type="stmt"/>
          <line num="103" count="0" type="cond" truecount="0" falsecount="2"/>
          <line num="104" count="0" type="stmt"/>
          <line num="106" count="0" type="cond" truecount="0" falsecount="2"/>
          <line num="107" count="0" type="stmt"/>
          <line num="109" count="0" type="stmt"/>
          <line num="112" count="0" type="stmt"/>
          <line num="113" count="0" type="stmt"/>
          <line num="116" count="0" type="stmt"/>
          <line num="117" count="0" type="stmt"/>
          <line num="118" count="0" type="stmt"/>
          <line num="119" count="0" type="stmt"/>
          <line num="122" count="0" type="stmt"/>
          <line num="123" count="0" type="stmt"/>
          <line num="124" count="0" type="stmt"/>
          <line num="133" count="0" type="stmt"/>
          <line num="134" count="0" type="stmt"/>
          <line num="135" count="0" type="stmt"/>
          <line num="136" count="0" type="stmt"/>
          <line num="137" count="0" type="stmt"/>
          <line num="138" count="0" type="stmt"/>
          <line num="139" count="0" type="stmt"/>
          <line num="140" count="0" type="cond" truecount="0" falsecount="2"/>
          <line num="141" count="0" type="stmt"/>
          <line num="142" count="0" type="stmt"/>
          <line num="143" count="0" type="stmt"/>
          <line num="145" count="0" type="cond" truecount="0" falsecount="2"/>
          <line num="146" count="0" type="stmt"/>
          <line num="147" count="0" type="stmt"/>
          <line num="148" count="0" type="stmt"/>
          <line num="149" count="0" type="cond" truecount="0" falsecount="4"/>
          <line num="150" count="0" type="stmt"/>
          <line num="152" count="0" type="cond" truecount="0" falsecount="4"/>
          <line num="153" count="0" type="stmt"/>
          <line num="155" count="0" type="cond" truecount="0" falsecount="4"/>
          <line num="156" count="0" type="stmt"/>
          <line num="158" count="0" type="cond" truecount="0" falsecount="4"/>
          <line num="159" count="0" type="stmt"/>
          <line num="162" count="0" type="cond" truecount="0" falsecount="2"/>
          <line num="163" count="0" type="stmt"/>
          <line num="165" count="0" type="cond" truecount="0" falsecount="2"/>
          <line num="166" count="0" type="stmt"/>
          <line num="168" count="0" type="cond" truecount="0" falsecount="2"/>
          <line num="169" count="0" type="stmt"/>
          <line num="172" count="0" type="cond" truecount="0" falsecount="5"/>
          <line num="173" count="0" type="stmt"/>
          <line num="175" count="0" type="cond" truecount="0" falsecount="5"/>
          <line num="176" count="0" type="stmt"/>
          <line num="178" count="0" type="cond" truecount="0" falsecount="4"/>
          <line num="179" count="0" type="stmt"/>
          <line num="182" count="0" type="cond" truecount="0" falsecount="4"/>
          <line num="183" count="0" type="cond" truecount="0" falsecount="2"/>
          <line num="184" count="0" type="stmt"/>
          <line num="185" count="0" type="stmt"/>
          <line num="194" count="0" type="cond" truecount="0" falsecount="2"/>
          <line num="195" count="0" type="stmt"/>
          <line num="196" count="0" type="stmt"/>
          <line num="205" count="0" type="cond" truecount="0" falsecount="2"/>
          <line num="206" count="0" type="stmt"/>
          <line num="207" count="0" type="stmt"/>
          <line num="216" count="0" type="cond" truecount="0" falsecount="4"/>
          <line num="217" count="0" type="stmt"/>
          <line num="225" count="0" type="cond" truecount="0" falsecount="2"/>
          <line num="226" count="0" type="stmt"/>
          <line num="234" count="0" type="stmt"/>
          <line num="238" count="0" type="cond" truecount="0" falsecount="2"/>
          <line num="239" count="0" type="stmt"/>
          <line num="248" count="0" type="stmt"/>
          <line num="258" count="0" type="cond" truecount="0" falsecount="2"/>
          <line num="263" count="0" type="stmt"/>
          <line num="269" count="0" type="stmt"/>
          <line num="282" count="0" type="cond" truecount="0" falsecount="2"/>
          <line num="283" count="0" type="stmt"/>
          <line num="296" count="0" type="stmt"/>
          <line num="297" count="0" type="stmt"/>
          <line num="298" count="0" type="stmt"/>
          <line num="299" count="0" type="stmt"/>
          <line num="300" count="0" type="stmt"/>
          <line num="301" count="0" type="stmt"/>
          <line num="303" count="0" type="stmt"/>
          <line num="306" count="0" type="stmt"/>
          <line num="307" count="0" type="stmt"/>
          <line num="308" count="0" type="stmt"/>
          <line num="309" count="0" type="stmt"/>
          <line num="310" count="0" type="stmt"/>
          <line num="311" count="0" type="stmt"/>
          <line num="312" count="0" type="stmt"/>
          <line num="313" count="0" type="stmt"/>
          <line num="314" count="0" type="cond" truecount="0" falsecount="2"/>
          <line num="315" count="0" type="stmt"/>
          <line num="316" count="0" type="stmt"/>
          <line num="317" count="0" type="cond" truecount="0" falsecount="2"/>
          <line num="318" count="0" type="stmt"/>
          <line num="319" count="0" type="stmt"/>
          <line num="323" count="0" type="stmt"/>
          <line num="326" count="0" type="stmt"/>
          <line num="327" count="0" type="stmt"/>
          <line num="338" count="0" type="cond" truecount="0" falsecount="2"/>
          <line num="343" count="0" type="stmt"/>
          <line num="358" count="0" type="stmt"/>
          <line num="385" count="0" type="cond" truecount="0" falsecount="2"/>
          <line num="386" count="0" type="stmt"/>
          <line num="413" count="0" type="stmt"/>
          <line num="414" count="0" type="stmt"/>
          <line num="415" count="0" type="stmt"/>
          <line num="416" count="0" type="stmt"/>
          <line num="417" count="0" type="cond" truecount="0" falsecount="2"/>
          <line num="418" count="0" type="stmt"/>
          <line num="419" count="0" type="stmt"/>
          <line num="423" count="0" type="stmt"/>
          <line num="426" count="0" type="stmt"/>
          <line num="427" count="0" type="stmt"/>
          <line num="428" count="0" type="stmt"/>
          <line num="429" count="0" type="stmt"/>
          <line num="430" count="0" type="stmt"/>
          <line num="431" count="0" type="stmt"/>
          <line num="432" count="0" type="stmt"/>
          <line num="433" count="0" type="stmt"/>
          <line num="434" count="0" type="cond" truecount="0" falsecount="2"/>
          <line num="435" count="0" type="stmt"/>
          <line num="436" count="0" type="stmt"/>
          <line num="437" count="0" type="cond" truecount="0" falsecount="2"/>
          <line num="440" count="0" type="cond" truecount="0" falsecount="2"/>
          <line num="441" count="0" type="stmt"/>
          <line num="443" count="0" type="stmt"/>
          <line num="445" count="0" type="stmt"/>
          <line num="449" count="0" type="stmt"/>
          <line num="451" count="0" type="stmt"/>
          <line num="452" count="0" type="stmt"/>
          <line num="462" count="0" type="stmt"/>
          <line num="463" count="0" type="stmt"/>
          <line num="464" count="0" type="stmt"/>
          <line num="475" count="0" type="stmt"/>
          <line num="476" count="0" type="stmt"/>
          <line num="477" count="0" type="cond" truecount="0" falsecount="2"/>
          <line num="479" count="0" type="stmt"/>
          <line num="480" count="0" type="cond" truecount="0" falsecount="2"/>
          <line num="481" count="0" type="stmt"/>
          <line num="482" count="0" type="stmt"/>
          <line num="484" count="0" type="cond" truecount="0" falsecount="2"/>
          <line num="485" count="0" type="stmt"/>
          <line num="486" count="0" type="stmt"/>
          <line num="487" count="0" type="stmt"/>
          <line num="489" count="0" type="stmt"/>
          <line num="490" count="0" type="stmt"/>
          <line num="491" count="0" type="stmt"/>
          <line num="494" count="0" type="stmt"/>
          <line num="495" count="0" type="stmt"/>
          <line num="497" count="0" type="stmt"/>
          <line num="498" count="0" type="stmt"/>
          <line num="499" count="0" type="stmt"/>
          <line num="500" count="0" type="stmt"/>
          <line num="503" count="0" type="stmt"/>
          <line num="504" count="0" type="stmt"/>
          <line num="505" count="0" type="stmt"/>
          <line num="506" count="0" type="stmt"/>
          <line num="507" count="0" type="stmt"/>
          <line num="508" count="0" type="stmt"/>
          <line num="509" count="0" type="stmt"/>
          <line num="510" count="0" type="stmt"/>
          <line num="511" count="0" type="cond" truecount="0" falsecount="2"/>
          <line num="512" count="0" type="stmt"/>
          <line num="513" count="0" type="stmt"/>
          <line num="514" count="0" type="stmt"/>
          <line num="516" count="0" type="cond" truecount="0" falsecount="2"/>
          <line num="517" count="0" type="stmt"/>
          <line num="519" count="0" type="cond" truecount="0" falsecount="2"/>
          <line num="520" count="0" type="stmt"/>
          <line num="523" count="0" type="cond" truecount="0" falsecount="2"/>
          <line num="524" count="0" type="stmt"/>
          <line num="527" count="0" type="cond" truecount="0" falsecount="5"/>
          <line num="528" count="0" type="stmt"/>
          <line num="530" count="0" type="cond" truecount="0" falsecount="5"/>
          <line num="531" count="0" type="stmt"/>
          <line num="533" count="0" type="cond" truecount="0" falsecount="5"/>
          <line num="534" count="0" type="stmt"/>
          <line num="537" count="0" type="cond" truecount="0" falsecount="2"/>
          <line num="538" count="0" type="cond" truecount="0" falsecount="2"/>
          <line num="539" count="0" type="stmt"/>
          <line num="540" count="0" type="stmt"/>
          <line num="549" count="0" type="cond" truecount="0" falsecount="2"/>
          <line num="550" count="0" type="stmt"/>
          <line num="551" count="0" type="stmt"/>
          <line num="560" count="0" type="cond" truecount="0" falsecount="2"/>
          <line num="561" count="0" type="stmt"/>
          <line num="562" count="0" type="stmt"/>
          <line num="571" count="0" type="cond" truecount="0" falsecount="2"/>
          <line num="572" count="0" type="stmt"/>
          <line num="580" count="0" type="stmt"/>
          <line num="582" count="0" type="cond" truecount="0" falsecount="2"/>
          <line num="583" count="0" type="stmt"/>
          <line num="592" count="0" type="stmt"/>
          <line num="599" count="0" type="stmt"/>
        </file>
        <file name="firebase.js" path="/Users/joelbarbosa/workspace/mobile/mobile-wallet/app/utils/firebase.js">
          <metrics statements="7" coveredstatements="0" conditionals="4" coveredconditionals="0" methods="2" coveredmethods="0"/>
          <line num="1" count="0" type="stmt"/>
          <line num="4" count="0" type="stmt"/>
          <line num="5" count="0" type="cond" truecount="0" falsecount="4"/>
          <line num="8" count="0" type="stmt"/>
          <line num="10" count="0" type="stmt"/>
          <line num="12" count="0" type="stmt"/>
          <line num="16" count="0" type="stmt"/>
        </file>
        <file name="pubnubUtils.js" path="/Users/joelbarbosa/workspace/mobile/mobile-wallet/app/utils/pubnubUtils.js">
          <metrics statements="6" coveredstatements="0" conditionals="4" coveredconditionals="0" methods="1" coveredmethods="0"/>
          <line num="1" count="0" type="stmt"/>
          <line num="2" count="0" type="cond" truecount="0" falsecount="4"/>
          <line num="4" count="0" type="stmt"/>
          <line num="8" count="0" type="stmt"/>
          <line num="9" count="0" type="stmt"/>
          <line num="11" count="0" type="stmt"/>
        </file>
        <file name="stringUtils.js" path="/Users/joelbarbosa/workspace/mobile/mobile-wallet/app/utils/stringUtils.js">
          <metrics statements="49" coveredstatements="0" conditionals="50" coveredconditionals="0" methods="14" coveredmethods="0"/>
          <line num="1" count="0" type="stmt"/>
          <line num="3" count="0" type="stmt"/>
          <line num="4" count="0" type="stmt"/>
          <line num="5" count="0" type="stmt"/>
          <line num="6" count="0" type="cond" truecount="0" falsecount="4"/>
          <line num="8" count="0" type="stmt"/>
          <line num="13" count="0" type="stmt"/>
          <line num="14" count="0" type="stmt"/>
          <line num="15" count="0" type="stmt"/>
          <line num="18" count="0" type="stmt"/>
          <line num="19" count="0" type="stmt"/>
          <line num="22" count="0" type="stmt"/>
          <line num="25" count="0" type="stmt"/>
          <line num="29" count="0" type="stmt"/>
          <line num="34" count="0" type="stmt"/>
          <line num="37" count="0" type="stmt"/>
          <line num="52" count="0" type="stmt"/>
          <line num="57" count="0" type="stmt"/>
          <line num="60" count="0" type="stmt"/>
          <line num="69" count="0" type="stmt"/>
          <line num="74" count="0" type="stmt"/>
          <line num="77" count="0" type="cond" truecount="0" falsecount="4"/>
          <line num="78" count="0" type="stmt"/>
          <line num="80" count="0" type="stmt"/>
          <line num="83" count="0" type="stmt"/>
          <line num="88" count="0" type="stmt"/>
          <line num="91" count="0" type="cond" truecount="0" falsecount="4"/>
          <line num="92" count="0" type="stmt"/>
          <line num="93" count="0" type="cond" truecount="0" falsecount="4"/>
          <line num="94" count="0" type="stmt"/>
          <line num="95" count="0" type="cond" truecount="0" falsecount="4"/>
          <line num="96" count="0" type="stmt"/>
          <line num="97" count="0" type="cond" truecount="0" falsecount="4"/>
          <line num="98" count="0" type="stmt"/>
          <line num="99" count="0" type="cond" truecount="0" falsecount="4"/>
          <line num="100" count="0" type="stmt"/>
          <line num="101" count="0" type="cond" truecount="0" falsecount="4"/>
          <line num="102" count="0" type="stmt"/>
          <line num="103" count="0" type="cond" truecount="0" falsecount="4"/>
          <line num="104" count="0" type="stmt"/>
          <line num="105" count="0" type="cond" truecount="0" falsecount="4"/>
          <line num="106" count="0" type="stmt"/>
          <line num="107" count="0" type="cond" truecount="0" falsecount="4"/>
          <line num="108" count="0" type="stmt"/>
          <line num="109" count="0" type="cond" truecount="0" falsecount="2"/>
          <line num="112" count="0" type="cond" truecount="0" falsecount="4"/>
          <line num="113" count="0" type="stmt"/>
          <line num="115" count="0" type="stmt"/>
          <line num="117" count="0" type="stmt"/>
        </file>
      </package>
    </metrics>
  </project>
</coverage>
