TN:
SF:/Users/joelbarbosa/workspace/mobile/mobile-wallet/app/components/Avatar.js
FN:1,(anonymous_0)
FN:1,defineProperties
FN:1,(anonymous_2)
FN:4,_interopRequireDefault
FN:4,_classCallCheck
FN:4,_possibleConstructorReturn
FN:4,_inherits
FN:6,(anonymous_7)
FN:6,Avatar
FN:6,render
FNF:10
FNH:0
FNDA:0,(anonymous_0)
FNDA:0,defineProperties
FNDA:0,(anonymous_2)
FNDA:0,_interopRequireDefault
FNDA:0,_classCallCheck
FNDA:0,_possibleConstructorReturn
FNDA:0,_inherits
FNDA:0,(anonymous_7)
FNDA:0,Avatar
FNDA:0,render
DA:1,0
DA:2,0
DA:3,0
DA:4,0
DA:6,0
DA:8,0
DA:10,0
DA:19,0
LF:8
LH:0
BRDA:1,0,0,0
BRDA:1,0,1,0
BRDA:1,1,0,0
BRDA:1,1,1,0
BRDA:1,2,0,0
BRDA:1,2,1,0
BRDA:1,3,0,0
BRDA:1,3,1,0
BRDA:4,4,0,0
BRDA:4,4,1,0
BRDA:4,5,0,0
BRDA:4,5,1,0
BRDA:4,6,0,0
BRDA:4,6,1,0
BRDA:4,7,0,0
BRDA:4,7,1,0
BRDA:4,8,0,0
BRDA:4,8,1,0
BRDA:4,9,0,0
BRDA:4,9,1,0
BRDA:4,9,2,0
BRDA:4,10,0,0
BRDA:4,10,1,0
BRDA:4,11,0,0
BRDA:4,11,1,0
BRDA:4,12,0,0
BRDA:4,12,1,0
BRDA:4,13,0,0
BRDA:4,13,1,0
BRDA:4,14,0,0
BRDA:4,14,1,0
BRDA:6,15,0,0
BRDA:6,15,1,0
BRDA:12,16,0,0
BRDA:12,16,1,0
BRF:35
BRH:0
end_of_record
TN:
SF:/Users/joelbarbosa/workspace/mobile/mobile-wallet/app/components/Base.js
FN:1,(anonymous_0)
FN:1,defineProperties
FN:1,(anonymous_2)
FN:5,_interopRequireDefault
FN:5,_classCallCheck
FN:5,_possibleConstructorReturn
FN:5,_inherits
FN:7,(anonymous_7)
FN:7,Base
FN:7,render
FNF:10
FNH:0
FNDA:0,(anonymous_0)
FNDA:0,defineProperties
FNDA:0,(anonymous_2)
FNDA:0,_interopRequireDefault
FNDA:0,_classCallCheck
FNDA:0,_possibleConstructorReturn
FNDA:0,_inherits
FNDA:0,(anonymous_7)
FNDA:0,Base
FNDA:0,render
DA:1,0
DA:3,0
DA:4,0
DA:5,0
DA:7,0
DA:9,0
DA:15,0
LF:7
LH:0
BRDA:1,0,0,0
BRDA:1,0,1,0
BRDA:1,1,0,0
BRDA:1,1,1,0
BRDA:1,2,0,0
BRDA:1,2,1,0
BRDA:1,3,0,0
BRDA:1,3,1,0
BRDA:5,4,0,0
BRDA:5,4,1,0
BRDA:5,5,0,0
BRDA:5,5,1,0
BRDA:5,6,0,0
BRDA:5,6,1,0
BRDA:5,7,0,0
BRDA:5,7,1,0
BRDA:5,8,0,0
BRDA:5,8,1,0
BRDA:5,9,0,0
BRDA:5,9,1,0
BRDA:5,9,2,0
BRDA:5,10,0,0
BRDA:5,10,1,0
BRDA:5,11,0,0
BRDA:5,11,1,0
BRDA:5,12,0,0
BRDA:5,12,1,0
BRDA:5,13,0,0
BRDA:5,13,1,0
BRDA:5,14,0,0
BRDA:5,14,1,0
BRDA:7,15,0,0
BRDA:7,15,1,0
BRF:33
BRH:0
end_of_record
TN:
SF:/Users/joelbarbosa/workspace/mobile/mobile-wallet/app/components/FormTextInput.js
FN:1,(anonymous_0)
FN:1,defineProperties
FN:1,(anonymous_2)
FN:4,_interopRequireDefault
FN:4,_classCallCheck
FN:4,_possibleConstructorReturn
FN:4,_inherits
FN:6,(anonymous_7)
FN:6,FormTextInput
FN:6,render
FNF:10
FNH:0
FNDA:0,(anonymous_0)
FNDA:0,defineProperties
FNDA:0,(anonymous_2)
FNDA:0,_interopRequireDefault
FNDA:0,_classCallCheck
FNDA:0,_possibleConstructorReturn
FNDA:0,_inherits
FNDA:0,(anonymous_7)
FNDA:0,FormTextInput
FNDA:0,render
DA:1,0
DA:2,0
DA:3,0
DA:4,0
DA:6,0
DA:8,0
DA:19,0
LF:7
LH:0
BRDA:1,0,0,0
BRDA:1,0,1,0
BRDA:1,1,0,0
BRDA:1,1,1,0
BRDA:1,2,0,0
BRDA:1,2,1,0
BRDA:1,3,0,0
BRDA:1,3,1,0
BRDA:4,4,0,0
BRDA:4,4,1,0
BRDA:4,5,0,0
BRDA:4,5,1,0
BRDA:4,6,0,0
BRDA:4,6,1,0
BRDA:4,7,0,0
BRDA:4,7,1,0
BRDA:4,8,0,0
BRDA:4,8,1,0
BRDA:4,9,0,0
BRDA:4,9,1,0
BRDA:4,9,2,0
BRDA:4,10,0,0
BRDA:4,10,1,0
BRDA:4,11,0,0
BRDA:4,11,1,0
BRDA:4,12,0,0
BRDA:4,12,1,0
BRDA:4,13,0,0
BRDA:4,13,1,0
BRDA:4,14,0,0
BRDA:4,14,1,0
BRDA:6,15,0,0
BRDA:6,15,1,0
BRF:33
BRH:0
end_of_record
TN:
SF:/Users/joelbarbosa/workspace/mobile/mobile-wallet/app/components/Header.js
FN:1,(anonymous_0)
FN:1,defineProperties
FN:1,(anonymous_2)
FN:25,_interopRequireDefault
FN:25,_classCallCheck
FN:25,_possibleConstructorReturn
FN:25,_inherits
FN:27,(anonymous_7)
FN:27,Header
FN:29,openModal
FN:34,closeModal
FN:38,renderIconHamburguerMenu
FN:50,renderDropdown
FN:58,onPress
FN:68,render
FN:82,onPress
FN:95,onPress
FN:109,onPress
FN:126,mpStateToProps
FN:130,mapDispatchToProps
FNF:20
FNH:0
FNDA:0,(anonymous_0)
FNDA:0,defineProperties
FNDA:0,(anonymous_2)
FNDA:0,_interopRequireDefault
FNDA:0,_classCallCheck
FNDA:0,_possibleConstructorReturn
FNDA:0,_inherits
FNDA:0,(anonymous_7)
FNDA:0,Header
FNDA:0,openModal
FNDA:0,closeModal
FNDA:0,renderIconHamburguerMenu
FNDA:0,renderDropdown
FNDA:0,onPress
FNDA:0,render
FNDA:0,onPress
FNDA:0,onPress
FNDA:0,onPress
FNDA:0,mpStateToProps
FNDA:0,mapDispatchToProps
DA:1,0
DA:4,0
DA:5,0
DA:14,0
DA:15,0
DA:16,0
DA:17,0
DA:18,0
DA:20,0
DA:21,0
DA:22,0
DA:23,0
DA:24,0
DA:25,0
DA:27,0
DA:29,0
DA:33,0
DA:37,0
DA:40,0
DA:41,0
DA:52,0
DA:53,0
DA:54,0
DA:59,0
DA:70,0
DA:71,0
DA:82,0
DA:96,0
DA:110,0
DA:111,0
DA:112,0
DA:113,0
DA:123,0
DA:126,0
DA:130,0
DA:131,0
DA:135,0
LF:37
LH:0
BRDA:1,0,0,0
BRDA:1,0,1,0
BRDA:1,1,0,0
BRDA:1,1,1,0
BRDA:1,2,0,0
BRDA:1,2,1,0
BRDA:1,3,0,0
BRDA:1,3,1,0
BRDA:25,4,0,0
BRDA:25,4,1,0
BRDA:25,5,0,0
BRDA:25,5,1,0
BRDA:25,6,0,0
BRDA:25,6,1,0
BRDA:25,7,0,0
BRDA:25,7,1,0
BRDA:25,8,0,0
BRDA:25,8,1,0
BRDA:25,9,0,0
BRDA:25,9,1,0
BRDA:25,9,2,0
BRDA:25,10,0,0
BRDA:25,10,1,0
BRDA:25,11,0,0
BRDA:25,11,1,0
BRDA:25,12,0,0
BRDA:25,12,1,0
BRDA:25,13,0,0
BRDA:25,13,1,0
BRDA:25,14,0,0
BRDA:25,14,1,0
BRDA:27,15,0,0
BRDA:27,15,1,0
BRF:33
BRH:0
end_of_record
TN:
SF:/Users/joelbarbosa/workspace/mobile/mobile-wallet/app/components/LoginForm.js
FN:1,(anonymous_0)
FN:1,defineProperties
FN:1,(anonymous_2)
FN:12,_interopRequireDefault
FN:12,_classCallCheck
FN:12,_possibleConstructorReturn
FN:12,_inherits
FN:14,(anonymous_7)
FN:15,LoginForm
FN:22,onSubmit
FN:38,renderFieldName
FN:50,onChangeText
FN:53,onSubmitEditing
FN:60,renderButtonSubmit
FN:67,onPress
FN:72,render
FN:86,onChangeText
FN:87,onSubmitEditing
FN:89,ref
FN:101,onChangeText
FN:102,ref
FNF:21
FNH:0
FNDA:0,(anonymous_0)
FNDA:0,defineProperties
FNDA:0,(anonymous_2)
FNDA:0,_interopRequireDefault
FNDA:0,_classCallCheck
FNDA:0,_possibleConstructorReturn
FNDA:0,_inherits
FNDA:0,(anonymous_7)
FNDA:0,LoginForm
FNDA:0,onSubmit
FNDA:0,renderFieldName
FNDA:0,onChangeText
FNDA:0,onSubmitEditing
FNDA:0,renderButtonSubmit
FNDA:0,onPress
FNDA:0,render
FNDA:0,onChangeText
FNDA:0,onSubmitEditing
FNDA:0,ref
FNDA:0,onChangeText
FNDA:0,ref
DA:1,0
DA:3,0
DA:4,0
DA:10,0
DA:11,0
DA:12,0
DA:14,0
DA:15,0
DA:17,0
DA:20,0
DA:22,0
DA:25,0
DA:26,0
DA:27,0
DA:29,0
DA:30,0
DA:31,0
DA:33,0
DA:34,0
DA:35,0
DA:37,0
DA:40,0
DA:41,0
DA:42,0
DA:50,0
DA:53,0
DA:59,0
DA:62,0
DA:63,0
DA:65,0
DA:67,0
DA:74,0
DA:75,0
DA:86,0
DA:87,0
DA:89,0
DA:101,0
DA:102,0
DA:112,0
LF:39
LH:0
BRDA:1,0,0,0
BRDA:1,0,1,0
BRDA:1,1,0,0
BRDA:1,1,1,0
BRDA:1,2,0,0
BRDA:1,2,1,0
BRDA:1,3,0,0
BRDA:1,3,1,0
BRDA:12,4,0,0
BRDA:12,4,1,0
BRDA:12,5,0,0
BRDA:12,5,1,0
BRDA:12,6,0,0
BRDA:12,6,1,0
BRDA:12,7,0,0
BRDA:12,7,1,0
BRDA:12,8,0,0
BRDA:12,8,1,0
BRDA:12,9,0,0
BRDA:12,9,1,0
BRDA:12,9,2,0
BRDA:12,10,0,0
BRDA:12,10,1,0
BRDA:12,11,0,0
BRDA:12,11,1,0
BRDA:12,12,0,0
BRDA:12,12,1,0
BRDA:12,13,0,0
BRDA:12,13,1,0
BRDA:12,14,0,0
BRDA:12,14,1,0
BRDA:15,15,0,0
BRDA:15,15,1,0
BRDA:25,16,0,0
BRDA:25,16,1,0
BRDA:25,17,0,0
BRDA:25,17,1,0
BRDA:29,18,0,0
BRDA:29,18,1,0
BRDA:29,19,0,0
BRDA:29,19,1,0
BRDA:33,20,0,0
BRDA:33,20,1,0
BRDA:41,21,0,0
BRDA:41,21,1,0
BRDA:63,22,0,0
BRDA:63,22,1,0
BRF:47
BRH:0
end_of_record
TN:
SF:/Users/joelbarbosa/workspace/mobile/mobile-wallet/app/components/Logo.js
FN:1,(anonymous_0)
FN:1,defineProperties
FN:1,(anonymous_2)
FN:5,_interopRequireDefault
FN:5,_classCallCheck
FN:5,_possibleConstructorReturn
FN:5,_inherits
FN:7,(anonymous_7)
FN:7,Logo
FN:7,render
FNF:10
FNH:0
FNDA:0,(anonymous_0)
FNDA:0,defineProperties
FNDA:0,(anonymous_2)
FNDA:0,_interopRequireDefault
FNDA:0,_classCallCheck
FNDA:0,_possibleConstructorReturn
FNDA:0,_inherits
FNDA:0,(anonymous_7)
FNDA:0,Logo
FNDA:0,render
DA:1,0
DA:3,0
DA:4,0
DA:5,0
DA:7,0
DA:9,0
DA:16,0
LF:7
LH:0
BRDA:1,0,0,0
BRDA:1,0,1,0
BRDA:1,1,0,0
BRDA:1,1,1,0
BRDA:1,2,0,0
BRDA:1,2,1,0
BRDA:1,3,0,0
BRDA:1,3,1,0
BRDA:5,4,0,0
BRDA:5,4,1,0
BRDA:5,5,0,0
BRDA:5,5,1,0
BRDA:5,6,0,0
BRDA:5,6,1,0
BRDA:5,7,0,0
BRDA:5,7,1,0
BRDA:5,8,0,0
BRDA:5,8,1,0
BRDA:5,9,0,0
BRDA:5,9,1,0
BRDA:5,9,2,0
BRDA:5,10,0,0
BRDA:5,10,1,0
BRDA:5,11,0,0
BRDA:5,11,1,0
BRDA:5,12,0,0
BRDA:5,12,1,0
BRDA:5,13,0,0
BRDA:5,13,1,0
BRDA:5,14,0,0
BRDA:5,14,1,0
BRDA:7,15,0,0
BRDA:7,15,1,0
BRF:33
BRH:0
end_of_record
TN:
SF:/Users/joelbarbosa/workspace/mobile/mobile-wallet/app/components/LogoSmall.js
FN:1,(anonymous_0)
FN:1,defineProperties
FN:1,(anonymous_2)
FN:5,_interopRequireDefault
FN:5,_classCallCheck
FN:5,_possibleConstructorReturn
FN:5,_inherits
FN:7,(anonymous_7)
FN:7,LogoSmall
FN:7,render
FNF:10
FNH:0
FNDA:0,(anonymous_0)
FNDA:0,defineProperties
FNDA:0,(anonymous_2)
FNDA:0,_interopRequireDefault
FNDA:0,_classCallCheck
FNDA:0,_possibleConstructorReturn
FNDA:0,_inherits
FNDA:0,(anonymous_7)
FNDA:0,LogoSmall
FNDA:0,render
DA:1,0
DA:3,0
DA:4,0
DA:5,0
DA:7,0
DA:9,0
DA:16,0
LF:7
LH:0
BRDA:1,0,0,0
BRDA:1,0,1,0
BRDA:1,1,0,0
BRDA:1,1,1,0
BRDA:1,2,0,0
BRDA:1,2,1,0
BRDA:1,3,0,0
BRDA:1,3,1,0
BRDA:5,4,0,0
BRDA:5,4,1,0
BRDA:5,5,0,0
BRDA:5,5,1,0
BRDA:5,6,0,0
BRDA:5,6,1,0
BRDA:5,7,0,0
BRDA:5,7,1,0
BRDA:5,8,0,0
BRDA:5,8,1,0
BRDA:5,9,0,0
BRDA:5,9,1,0
BRDA:5,9,2,0
BRDA:5,10,0,0
BRDA:5,10,1,0
BRDA:5,11,0,0
BRDA:5,11,1,0
BRDA:5,12,0,0
BRDA:5,12,1,0
BRDA:5,13,0,0
BRDA:5,13,1,0
BRDA:5,14,0,0
BRDA:5,14,1,0
BRDA:7,15,0,0
BRDA:7,15,1,0
BRF:33
BRH:0
end_of_record
TN:
SF:/Users/joelbarbosa/workspace/mobile/mobile-wallet/app/components/index.js
FN:12,_interopRequireDefault
FNF:1
FNH:0
FNDA:0,_interopRequireDefault
DA:1,0
DA:3,0
DA:4,0
DA:5,0
DA:6,0
DA:7,0
DA:8,0
DA:9,0
DA:10,0
DA:11,0
DA:12,0
DA:15,0
DA:16,0
DA:17,0
DA:18,0
DA:19,0
DA:20,0
DA:21,0
DA:22,0
DA:23,0
LF:20
LH:0
BRDA:12,0,0,0
BRDA:12,0,1,0
BRDA:12,1,0,0
BRDA:12,1,1,0
BRF:4
BRH:0
end_of_record
TN:
SF:/Users/joelbarbosa/workspace/mobile/mobile-wallet/app/components/button/Button.js
FN:1,(anonymous_0)
FN:1,defineProperties
FN:1,(anonymous_2)
FN:17,_interopRequireDefault
FN:17,_classCallCheck
FN:17,_possibleConstructorReturn
FN:17,_inherits
FN:19,(anonymous_7)
FN:19,Button
FN:19,defaultButton
FN:23,onPress
FN:31,disabledButton
FN:36,onPress
FN:44,primaryButton
FN:49,onPress
FN:57,roundedPrimaryButton
FN:63,onPress
FN:72,roundedButtonOpened
FN:79,onPress
FN:97,onPress
FN:120,renderTest
FN:131,onPress
FN:142,onPress
FN:153,onPress
FN:164,onPress
FN:178,onPress
FN:191,render
FNF:27
FNH:0
FNDA:0,(anonymous_0)
FNDA:0,defineProperties
FNDA:0,(anonymous_2)
FNDA:0,_interopRequireDefault
FNDA:0,_classCallCheck
FNDA:0,_possibleConstructorReturn
FNDA:0,_inherits
FNDA:0,(anonymous_7)
FNDA:0,Button
FNDA:0,defaultButton
FNDA:0,onPress
FNDA:0,disabledButton
FNDA:0,onPress
FNDA:0,primaryButton
FNDA:0,onPress
FNDA:0,roundedPrimaryButton
FNDA:0,onPress
FNDA:0,roundedButtonOpened
FNDA:0,onPress
FNDA:0,onPress
FNDA:0,renderTest
FNDA:0,onPress
FNDA:0,onPress
FNDA:0,onPress
FNDA:0,onPress
FNDA:0,onPress
FNDA:0,render
DA:1,0
DA:4,0
DA:5,0
DA:13,0
DA:14,0
DA:15,0
DA:16,0
DA:17,0
DA:19,0
DA:20,0
DA:21,0
DA:22,0
DA:23,0
DA:30,0
DA:33,0
DA:34,0
DA:35,0
DA:36,0
DA:43,0
DA:46,0
DA:47,0
DA:48,0
DA:49,0
DA:56,0
DA:59,0
DA:60,0
DA:61,0
DA:63,0
DA:71,0
DA:74,0
DA:75,0
DA:76,0
DA:77,0
DA:79,0
DA:97,0
DA:119,0
DA:123,0
DA:124,0
DA:131,0
DA:142,0
DA:153,0
DA:164,0
DA:178,0
DA:194,0
DA:204,0
DA:207,0
LF:46
LH:0
BRDA:1,0,0,0
BRDA:1,0,1,0
BRDA:1,1,0,0
BRDA:1,1,1,0
BRDA:1,2,0,0
BRDA:1,2,1,0
BRDA:1,3,0,0
BRDA:1,3,1,0
BRDA:17,4,0,0
BRDA:17,4,1,0
BRDA:17,5,0,0
BRDA:17,5,1,0
BRDA:17,6,0,0
BRDA:17,6,1,0
BRDA:17,7,0,0
BRDA:17,7,1,0
BRDA:17,8,0,0
BRDA:17,8,1,0
BRDA:17,9,0,0
BRDA:17,9,1,0
BRDA:17,9,2,0
BRDA:17,10,0,0
BRDA:17,10,1,0
BRDA:17,11,0,0
BRDA:17,11,1,0
BRDA:17,12,0,0
BRDA:17,12,1,0
BRDA:17,13,0,0
BRDA:17,13,1,0
BRDA:17,14,0,0
BRDA:17,14,1,0
BRDA:19,15,0,0
BRDA:19,15,1,0
BRDA:21,16,0,0
BRDA:21,16,1,0
BRDA:34,17,0,0
BRDA:34,17,1,0
BRDA:47,18,0,0
BRDA:47,18,1,0
BRDA:60,19,0,0
BRDA:60,19,1,0
BRDA:76,20,0,0
BRDA:76,20,1,0
BRF:43
BRH:0
end_of_record
TN:
SF:/Users/joelbarbosa/workspace/mobile/mobile-wallet/app/components/button/style.js
FN:4,_interopRequireDefault
FNF:1
FNH:0
FNDA:0,_interopRequireDefault
DA:1,0
DA:3,0
DA:4,0
DA:6,0
DA:80,0
LF:5
LH:0
BRDA:4,0,0,0
BRDA:4,0,1,0
BRDA:4,1,0,0
BRDA:4,1,1,0
BRF:4
BRH:0
end_of_record
TN:
SF:/Users/joelbarbosa/workspace/mobile/mobile-wallet/app/components/sidebar/DrawerNavigator.js
FN:11,_interopRequireDefault
FN:13,generateDrawerHamburger
FN:14,onPress
FN:18,getStackNavOption
FNF:4
FNH:0
FNDA:0,_interopRequireDefault
FNDA:0,generateDrawerHamburger
FNDA:0,onPress
FNDA:0,getStackNavOption
DA:1,0
DA:2,0
DA:3,0
DA:4,0
DA:5,0
DA:6,0
DA:7,0
DA:8,0
DA:9,0
DA:10,0
DA:11,0
DA:13,0
DA:14,0
DA:15,0
DA:18,0
DA:22,0
DA:29,0
DA:36,0
DA:43,0
DA:50,0
DA:57,0
DA:64,0
DA:67,0
LF:23
LH:0
BRDA:11,0,0,0
BRDA:11,0,1,0
BRDA:11,1,0,0
BRDA:11,1,1,0
BRF:4
BRH:0
end_of_record
TN:
SF:/Users/joelbarbosa/workspace/mobile/mobile-wallet/app/components/sidebar/SideMenu.js
FN:1,(anonymous_0)
FN:1,defineProperties
FN:1,(anonymous_2)
FN:15,_interopRequireDefault
FN:15,_classCallCheck
FN:15,_possibleConstructorReturn
FN:15,_inherits
FN:17,(anonymous_7)
FN:17,SideMenu
FN:17,render
FNF:10
FNH:0
FNDA:0,(anonymous_0)
FNDA:0,defineProperties
FNDA:0,(anonymous_2)
FNDA:0,_interopRequireDefault
FNDA:0,_classCallCheck
FNDA:0,_possibleConstructorReturn
FNDA:0,_inherits
FNDA:0,(anonymous_7)
FNDA:0,SideMenu
FNDA:0,render
DA:1,0
DA:8,0
DA:9,0
DA:10,0
DA:12,0
DA:13,0
DA:14,0
DA:15,0
DA:17,0
DA:19,0
DA:20,0
DA:110,0
LF:12
LH:0
BRDA:1,0,0,0
BRDA:1,0,1,0
BRDA:1,1,0,0
BRDA:1,1,1,0
BRDA:1,2,0,0
BRDA:1,2,1,0
BRDA:1,3,0,0
BRDA:1,3,1,0
BRDA:15,4,0,0
BRDA:15,4,1,0
BRDA:15,5,0,0
BRDA:15,5,1,0
BRDA:15,6,0,0
BRDA:15,6,1,0
BRDA:15,7,0,0
BRDA:15,7,1,0
BRDA:15,8,0,0
BRDA:15,8,1,0
BRDA:15,9,0,0
BRDA:15,9,1,0
BRDA:15,9,2,0
BRDA:15,10,0,0
BRDA:15,10,1,0
BRDA:15,11,0,0
BRDA:15,11,1,0
BRDA:15,12,0,0
BRDA:15,12,1,0
BRDA:15,13,0,0
BRDA:15,13,1,0
BRDA:15,14,0,0
BRDA:15,14,1,0
BRDA:17,15,0,0
BRDA:17,15,1,0
BRF:33
BRH:0
end_of_record
TN:
SF:/Users/joelbarbosa/workspace/mobile/mobile-wallet/app/components/sidebar/SideMenuAvatar.js
FN:1,(anonymous_0)
FN:1,defineProperties
FN:1,(anonymous_2)
FN:7,_interopRequireDefault
FN:7,_classCallCheck
FN:7,_possibleConstructorReturn
FN:7,_inherits
FN:9,(anonymous_7)
FN:9,SideMenuAvatar
FN:9,componentWillMount
FN:13,render
FN:48,onPress
FNF:12
FNH:0
FNDA:0,(anonymous_0)
FNDA:0,defineProperties
FNDA:0,(anonymous_2)
FNDA:0,_interopRequireDefault
FNDA:0,_classCallCheck
FNDA:0,_possibleConstructorReturn
FNDA:0,_inherits
FNDA:0,(anonymous_7)
FNDA:0,SideMenuAvatar
FNDA:0,componentWillMount
FNDA:0,render
FNDA:0,onPress
DA:1,0
DA:2,0
DA:3,0
DA:4,0
DA:5,0
DA:6,0
DA:7,0
DA:9,0
DA:11,0
DA:16,0
DA:19,0
DA:22,0
DA:29,0
DA:48,0
DA:59,0
LF:15
LH:0
BRDA:1,0,0,0
BRDA:1,0,1,0
BRDA:1,1,0,0
BRDA:1,1,1,0
BRDA:1,2,0,0
BRDA:1,2,1,0
BRDA:1,3,0,0
BRDA:1,3,1,0
BRDA:7,4,0,0
BRDA:7,4,1,0
BRDA:7,5,0,0
BRDA:7,5,1,0
BRDA:7,6,0,0
BRDA:7,6,1,0
BRDA:7,7,0,0
BRDA:7,7,1,0
BRDA:7,8,0,0
BRDA:7,8,1,0
BRDA:7,9,0,0
BRDA:7,9,1,0
BRDA:7,9,2,0
BRDA:7,10,0,0
BRDA:7,10,1,0
BRDA:7,11,0,0
BRDA:7,11,1,0
BRDA:7,12,0,0
BRDA:7,12,1,0
BRDA:7,13,0,0
BRDA:7,13,1,0
BRDA:7,14,0,0
BRDA:7,14,1,0
BRDA:9,15,0,0
BRDA:9,15,1,0
BRDA:19,16,0,0
BRDA:19,16,1,0
BRDA:19,17,0,0
BRDA:19,17,1,0
BRDA:23,18,0,0
BRDA:23,18,1,0
BRDA:41,19,0,0
BRDA:41,19,1,0
BRF:41
BRH:0
end_of_record
TN:
SF:/Users/joelbarbosa/workspace/mobile/mobile-wallet/app/components/sidebar/SideMenuAvatarContainer.js
FN:5,_interopRequireDefault
FN:7,mapStateToProps
FN:12,mapDispatchToProps
FNF:3
FNH:0
FNDA:0,_interopRequireDefault
FNDA:0,mapStateToProps
FNDA:0,mapDispatchToProps
DA:1,0
DA:2,0
DA:3,0
DA:4,0
DA:5,0
DA:7,0
DA:12,0
DA:13,0
LF:8
LH:0
BRDA:5,0,0,0
BRDA:5,0,1,0
BRDA:5,1,0,0
BRDA:5,1,1,0
BRDA:8,2,0,0
BRDA:8,2,1,0
BRDA:9,3,0,0
BRDA:9,3,1,0
BRF:8
BRH:0
end_of_record
TN:
SF:/Users/joelbarbosa/workspace/mobile/mobile-wallet/app/components/sidebar/SideMenuFooter.js
FN:1,(anonymous_0)
FN:1,defineProperties
FN:1,(anonymous_2)
FN:7,_interopRequireDefault
FN:7,_classCallCheck
FN:7,_possibleConstructorReturn
FN:7,_inherits
FN:13,getMyAmount
FN:16,getMyBRLAmount
FN:18,getMyDolarAmount
FN:20,(anonymous_10)
FN:20,SideMenuFooter
FN:20,getBalance
FN:27,render
FNF:14
FNH:0
FNDA:0,(anonymous_0)
FNDA:0,defineProperties
FNDA:0,(anonymous_2)
FNDA:0,_interopRequireDefault
FNDA:0,_classCallCheck
FNDA:0,_possibleConstructorReturn
FNDA:0,_inherits
FNDA:0,getMyAmount
FNDA:0,getMyBRLAmount
FNDA:0,getMyDolarAmount
FNDA:0,(anonymous_10)
FNDA:0,SideMenuFooter
FNDA:0,getBalance
FNDA:0,render
DA:1,0
DA:2,0
DA:3,0
DA:4,0
DA:5,0
DA:6,0
DA:7,0
DA:10,0
DA:13,0
DA:16,0
DA:18,0
DA:20,0
DA:23,0
DA:26,0
DA:29,0
DA:30,0
DA:52,0
DA:55,0
DA:74,0
LF:19
LH:0
BRDA:1,0,0,0
BRDA:1,0,1,0
BRDA:1,1,0,0
BRDA:1,1,1,0
BRDA:1,2,0,0
BRDA:1,2,1,0
BRDA:1,3,0,0
BRDA:1,3,1,0
BRDA:7,4,0,0
BRDA:7,4,1,0
BRDA:7,5,0,0
BRDA:7,5,1,0
BRDA:7,6,0,0
BRDA:7,6,1,0
BRDA:7,7,0,0
BRDA:7,7,1,0
BRDA:7,8,0,0
BRDA:7,8,1,0
BRDA:7,9,0,0
BRDA:7,9,1,0
BRDA:7,9,2,0
BRDA:7,10,0,0
BRDA:7,10,1,0
BRDA:7,11,0,0
BRDA:7,11,1,0
BRDA:7,12,0,0
BRDA:7,12,1,0
BRDA:7,13,0,0
BRDA:7,13,1,0
BRDA:7,14,0,0
BRDA:7,14,1,0
BRDA:20,15,0,0
BRDA:20,15,1,0
BRDA:23,16,0,0
BRDA:23,16,1,0
BRDA:23,17,0,0
BRDA:23,17,1,0
BRF:37
BRH:0
end_of_record
TN:
SF:/Users/joelbarbosa/workspace/mobile/mobile-wallet/app/components/sidebar/SideMenuFooterContainer.js
FN:4,_interopRequireDefault
FN:6,mapStateToProps
FNF:2
FNH:0
FNDA:0,_interopRequireDefault
FNDA:0,mapStateToProps
DA:1,0
DA:2,0
DA:3,0
DA:4,0
DA:6,0
DA:9,0
LF:6
LH:0
BRDA:4,0,0,0
BRDA:4,0,1,0
BRDA:4,1,0,0
BRDA:4,1,1,0
BRDA:7,2,0,0
BRDA:7,2,1,0
BRF:6
BRH:0
end_of_record
TN:
SF:/Users/joelbarbosa/workspace/mobile/mobile-wallet/app/components/sidebar/SideMenuItem.js
FN:1,(anonymous_0)
FN:1,defineProperties
FN:1,(anonymous_2)
FN:9,_interopRequireDefault
FN:9,_classCallCheck
FN:9,_possibleConstructorReturn
FN:9,_inherits
FN:11,getSpace
FN:12,(anonymous_8)
FN:16,(anonymous_9)
FN:16,SideMenuItem
FN:17,(anonymous_11)
FN:17,(anonymous_12)
FN:19,renderMenuItem
FN:38,render
FNF:15
FNH:0
FNDA:0,(anonymous_0)
FNDA:0,defineProperties
FNDA:0,(anonymous_2)
FNDA:0,_interopRequireDefault
FNDA:0,_classCallCheck
FNDA:0,_possibleConstructorReturn
FNDA:0,_inherits
FNDA:0,getSpace
FNDA:0,(anonymous_8)
FNDA:0,(anonymous_9)
FNDA:0,SideMenuItem
FNDA:0,(anonymous_11)
FNDA:0,(anonymous_12)
FNDA:0,renderMenuItem
FNDA:0,render
DA:1,0
DA:2,0
DA:3,0
DA:4,0
DA:5,0
DA:6,0
DA:7,0
DA:8,0
DA:9,0
DA:11,0
DA:12,0
DA:16,0
DA:17,0
DA:18,0
DA:19,0
DA:22,0
DA:23,0
DA:24,0
DA:33,0
DA:41,0
DA:47,0
DA:50,0
LF:22
LH:0
BRDA:1,0,0,0
BRDA:1,0,1,0
BRDA:1,1,0,0
BRDA:1,1,1,0
BRDA:1,2,0,0
BRDA:1,2,1,0
BRDA:1,3,0,0
BRDA:1,3,1,0
BRDA:9,4,0,0
BRDA:9,4,1,0
BRDA:9,5,0,0
BRDA:9,5,1,0
BRDA:9,6,0,0
BRDA:9,6,1,0
BRDA:9,7,0,0
BRDA:9,7,1,0
BRDA:9,8,0,0
BRDA:9,8,1,0
BRDA:9,9,0,0
BRDA:9,9,1,0
BRDA:9,9,2,0
BRDA:9,10,0,0
BRDA:9,10,1,0
BRDA:9,11,0,0
BRDA:9,11,1,0
BRDA:9,12,0,0
BRDA:9,12,1,0
BRDA:9,13,0,0
BRDA:9,13,1,0
BRDA:9,14,0,0
BRDA:9,14,1,0
BRDA:16,15,0,0
BRDA:16,15,1,0
BRDA:23,16,0,0
BRDA:23,16,1,0
BRF:35
BRH:0
end_of_record
TN:
SF:/Users/joelbarbosa/workspace/mobile/mobile-wallet/app/components/sidebar/index.js
FN:1,_interopRequireDefault
FNF:1
FNH:0
FNDA:0,_interopRequireDefault
DA:1,0
LF:1
LH:0
BRDA:1,0,0,0
BRDA:1,0,1,0
BRDA:1,1,0,0
BRDA:1,1,1,0
BRF:4
BRH:0
end_of_record
TN:
SF:/Users/joelbarbosa/workspace/mobile/mobile-wallet/app/components/styles/Button.js
FNF:0
FNH:0
DA:1,0
DA:3,0
LF:2
LH:0
BRF:0
BRH:0
end_of_record
TN:
SF:/Users/joelbarbosa/workspace/mobile/mobile-wallet/app/components/styles/MenuButton.js
FN:3,_interopRequireDefault
FNF:1
FNH:0
FNDA:0,_interopRequireDefault
DA:1,0
DA:2,0
DA:3,0
DA:5,0
DA:6,0
LF:5
LH:0
BRDA:3,0,0,0
BRDA:3,0,1,0
BRDA:3,1,0,0
BRDA:3,1,1,0
BRDA:12,2,0,0
BRDA:12,2,1,0
BRF:6
BRH:0
end_of_record
TN:
SF:/Users/joelbarbosa/workspace/mobile/mobile-wallet/app/components/styles/SideMenu.js
FN:1,_interopRequireDefault
FNF:1
FNH:0
FNDA:0,_interopRequireDefault
DA:1,0
LF:1
LH:0
BRDA:1,0,0,0
BRDA:1,0,1,0
BRDA:1,1,0,0
BRDA:1,1,1,0
BRF:4
BRH:0
end_of_record
TN:
SF:/Users/joelbarbosa/workspace/mobile/mobile-wallet/app/components/tabs/TabContent.js
FN:1,(anonymous_0)
FN:1,defineProperties
FN:1,(anonymous_2)
FN:3,_interopRequireDefault
FN:3,_classCallCheck
FN:3,_possibleConstructorReturn
FN:3,_inherits
FN:5,(anonymous_7)
FN:5,TabContent
FN:5,canRender
FN:8,render
FNF:11
FNH:0
FNDA:0,(anonymous_0)
FNDA:0,defineProperties
FNDA:0,(anonymous_2)
FNDA:0,_interopRequireDefault
FNDA:0,_classCallCheck
FNDA:0,_possibleConstructorReturn
FNDA:0,_inherits
FNDA:0,(anonymous_7)
FNDA:0,TabContent
FNDA:0,canRender
FNDA:0,render
DA:1,0
DA:2,0
DA:3,0
DA:5,0
DA:7,0
DA:10,0
DA:15,0
LF:7
LH:0
BRDA:1,0,0,0
BRDA:1,0,1,0
BRDA:1,1,0,0
BRDA:1,1,1,0
BRDA:1,2,0,0
BRDA:1,2,1,0
BRDA:1,3,0,0
BRDA:1,3,1,0
BRDA:3,4,0,0
BRDA:3,4,1,0
BRDA:3,5,0,0
BRDA:3,5,1,0
BRDA:3,6,0,0
BRDA:3,6,1,0
BRDA:3,7,0,0
BRDA:3,7,1,0
BRDA:3,8,0,0
BRDA:3,8,1,0
BRDA:3,9,0,0
BRDA:3,9,1,0
BRDA:3,9,2,0
BRDA:3,10,0,0
BRDA:3,10,1,0
BRDA:3,11,0,0
BRDA:3,11,1,0
BRDA:3,12,0,0
BRDA:3,12,1,0
BRDA:3,13,0,0
BRDA:3,13,1,0
BRDA:3,14,0,0
BRDA:3,14,1,0
BRDA:5,15,0,0
BRDA:5,15,1,0
BRDA:12,16,0,0
BRDA:12,16,1,0
BRF:35
BRH:0
end_of_record
TN:
SF:/Users/joelbarbosa/workspace/mobile/mobile-wallet/app/components/tabs/TabLink.js
FN:1,(anonymous_0)
FN:1,(anonymous_1)
FN:1,defineProperties
FN:1,(anonymous_3)
FN:3,_interopRequireDefault
FN:3,_classCallCheck
FN:3,_possibleConstructorReturn
FN:3,_inherits
FN:5,(anonymous_8)
FN:5,TabLink
FN:5,render
FN:10,onPress
FNF:12
FNH:0
FNDA:0,(anonymous_0)
FNDA:0,(anonymous_1)
FNDA:0,defineProperties
FNDA:0,(anonymous_3)
FNDA:0,_interopRequireDefault
FNDA:0,_classCallCheck
FNDA:0,_possibleConstructorReturn
FNDA:0,_inherits
FNDA:0,(anonymous_8)
FNDA:0,TabLink
FNDA:0,render
FNDA:0,onPress
DA:1,0
DA:2,0
DA:3,0
DA:5,0
DA:6,0
DA:7,0
DA:8,0
DA:11,0
DA:18,0
LF:9
LH:0
BRDA:1,0,0,0
BRDA:1,0,1,0
BRDA:1,1,0,0
BRDA:1,1,1,0
BRDA:1,2,0,0
BRDA:1,2,1,0
BRDA:1,3,0,0
BRDA:1,3,1,0
BRDA:1,4,0,0
BRDA:1,4,1,0
BRDA:1,5,0,0
BRDA:1,5,1,0
BRDA:3,6,0,0
BRDA:3,6,1,0
BRDA:3,7,0,0
BRDA:3,7,1,0
BRDA:3,8,0,0
BRDA:3,8,1,0
BRDA:3,9,0,0
BRDA:3,9,1,0
BRDA:3,10,0,0
BRDA:3,10,1,0
BRDA:3,11,0,0
BRDA:3,11,1,0
BRDA:3,11,2,0
BRDA:3,12,0,0
BRDA:3,12,1,0
BRDA:3,13,0,0
BRDA:3,13,1,0
BRDA:3,14,0,0
BRDA:3,14,1,0
BRDA:3,15,0,0
BRDA:3,15,1,0
BRDA:3,16,0,0
BRDA:3,16,1,0
BRDA:5,17,0,0
BRDA:5,17,1,0
BRDA:7,18,0,0
BRDA:7,18,1,0
BRF:39
BRH:0
end_of_record
TN:
SF:/Users/joelbarbosa/workspace/mobile/mobile-wallet/app/components/tabs/TabLinkContainer.js
FN:7,_interopRequireDefault
FN:9,mapStateToProps
FN:12,mapDispatchToProps
FNF:3
FNH:0
FNDA:0,_interopRequireDefault
FNDA:0,mapStateToProps
FNDA:0,mapDispatchToProps
DA:1,0
DA:2,0
DA:3,0
DA:4,0
DA:5,0
DA:6,0
DA:7,0
DA:9,0
DA:12,0
DA:13,0
LF:10
LH:0
BRDA:7,0,0,0
BRDA:7,0,1,0
BRDA:7,1,0,0
BRDA:7,1,1,0
BRF:4
BRH:0
end_of_record
TN:
SF:/Users/joelbarbosa/workspace/mobile/mobile-wallet/app/components/tabs/Tabs.js
FN:1,(anonymous_0)
FN:1,defineProperties
FN:1,(anonymous_2)
FN:3,_interopRequireDefault
FN:3,_classCallCheck
FN:3,_possibleConstructorReturn
FN:3,_inherits
FN:5,(anonymous_7)
FN:5,Tabs
FN:5,render
FNF:10
FNH:0
FNDA:0,(anonymous_0)
FNDA:0,defineProperties
FNDA:0,(anonymous_2)
FNDA:0,_interopRequireDefault
FNDA:0,_classCallCheck
FNDA:0,_possibleConstructorReturn
FNDA:0,_inherits
FNDA:0,(anonymous_7)
FNDA:0,Tabs
FNDA:0,render
DA:1,0
DA:2,0
DA:3,0
DA:5,0
DA:7,0
DA:8,0
LF:6
LH:0
BRDA:1,0,0,0
BRDA:1,0,1,0
BRDA:1,1,0,0
BRDA:1,1,1,0
BRDA:1,2,0,0
BRDA:1,2,1,0
BRDA:1,3,0,0
BRDA:1,3,1,0
BRDA:3,4,0,0
BRDA:3,4,1,0
BRDA:3,5,0,0
BRDA:3,5,1,0
BRDA:3,6,0,0
BRDA:3,6,1,0
BRDA:3,7,0,0
BRDA:3,7,1,0
BRDA:3,8,0,0
BRDA:3,8,1,0
BRDA:3,9,0,0
BRDA:3,9,1,0
BRDA:3,9,2,0
BRDA:3,10,0,0
BRDA:3,10,1,0
BRDA:3,11,0,0
BRDA:3,11,1,0
BRDA:3,12,0,0
BRDA:3,12,1,0
BRDA:3,13,0,0
BRDA:3,13,1,0
BRDA:3,14,0,0
BRDA:3,14,1,0
BRDA:5,15,0,0
BRDA:5,15,1,0
BRF:33
BRH:0
end_of_record
TN:
SF:/Users/joelbarbosa/workspace/mobile/mobile-wallet/app/components/tabs/index.js
FN:4,_interopRequireDefault
FNF:1
FNH:0
FNDA:0,_interopRequireDefault
DA:1,0
DA:2,0
DA:3,0
DA:4,0
DA:6,0
LF:5
LH:0
BRDA:4,0,0,0
BRDA:4,0,1,0
BRDA:4,1,0,0
BRDA:4,1,1,0
BRF:4
BRH:0
end_of_record
TN:
SF:/Users/joelbarbosa/workspace/mobile/mobile-wallet/app/components/tabs/reducer.js
FN:20,changeSelectedTab
FN:20,tabsReducer
FNF:2
FNH:0
FNDA:0,changeSelectedTab
FNDA:0,tabsReducer
DA:1,0
DA:12,0
DA:20,0
DA:21,0
DA:23,0
DA:25,0
LF:6
LH:0
BRDA:20,0,0,0
BRDA:20,0,1,0
BRDA:20,1,0,0
BRDA:20,1,1,0
BRDA:21,2,0,0
BRDA:21,2,1,0
BRF:6
BRH:0
end_of_record
TN:
SF:/Users/joelbarbosa/workspace/mobile/mobile-wallet/app/components/tabs/style.js
FN:3,_interopRequireDefault
FNF:1
FNH:0
FNDA:0,_interopRequireDefault
DA:1,0
DA:2,0
DA:3,0
DA:5,0
DA:32,0
LF:5
LH:0
BRDA:3,0,0,0
BRDA:3,0,1,0
BRDA:3,1,0,0
BRDA:3,1,1,0
BRF:4
BRH:0
end_of_record
TN:
SF:/Users/joelbarbosa/workspace/mobile/mobile-wallet/app/components/theme/AppStyle.js
FN:3,_interopRequireDefault
FNF:1
FNH:0
FNDA:0,_interopRequireDefault
DA:1,0
DA:2,0
DA:3,0
DA:5,0
DA:52,0
LF:5
LH:0
BRDA:3,0,0,0
BRDA:3,0,1,0
BRDA:3,1,0,0
BRDA:3,1,1,0
BRDA:17,2,0,0
BRDA:17,2,1,0
BRF:6
BRH:0
end_of_record
TN:
SF:/Users/joelbarbosa/workspace/mobile/mobile-wallet/app/components/theme/Colors.js
FNF:0
FNH:0
DA:1,0
DA:4,0
DA:5,0
DA:6,0
DA:8,0
DA:17,0
LF:6
LH:0
BRF:0
BRH:0
end_of_record
TN:
SF:/Users/joelbarbosa/workspace/mobile/mobile-wallet/app/components/theme/FormStyle.js
FN:3,_interopRequireDefault
FNF:1
FNH:0
FNDA:0,_interopRequireDefault
DA:1,0
DA:2,0
DA:3,0
DA:5,0
DA:21,0
LF:5
LH:0
BRDA:3,0,0,0
BRDA:3,0,1,0
BRDA:3,1,0,0
BRDA:3,1,1,0
BRF:4
BRH:0
end_of_record
TN:
SF:/Users/joelbarbosa/workspace/mobile/mobile-wallet/app/components/theme/index.js
FN:5,_interopRequireDefault
FNF:1
FNH:0
FNDA:0,_interopRequireDefault
DA:1,0
DA:3,0
DA:4,0
DA:5,0
DA:7,0
LF:5
LH:0
BRDA:5,0,0,0
BRDA:5,0,1,0
BRDA:5,1,0,0
BRDA:5,1,1,0
BRF:4
BRH:0
end_of_record
TN:
SF:/Users/joelbarbosa/workspace/mobile/mobile-wallet/app/config/auth.js
FNF:0
FNH:0
DA:1,0
LF:1
LH:0
BRF:0
BRH:0
end_of_record
TN:
SF:/Users/joelbarbosa/workspace/mobile/mobile-wallet/app/config/firebase.js
FN:1,_interopRequireDefault
FNF:1
FNH:0
FNDA:0,_interopRequireDefault
DA:1,0
DA:3,0
DA:4,0
DA:5,0
LF:4
LH:0
BRDA:1,0,0,0
BRDA:1,0,1,0
BRDA:1,1,0,0
BRDA:1,1,1,0
BRF:4
BRH:0
end_of_record
TN:
SF:/Users/joelbarbosa/workspace/mobile/mobile-wallet/app/config/reducers.js
FN:14,_interopRequireDefault
FNF:1
FNH:0
FNDA:0,_interopRequireDefault
DA:1,0
DA:2,0
DA:3,0
DA:4,0
DA:5,0
DA:6,0
DA:7,0
DA:8,0
DA:9,0
DA:10,0
DA:11,0
DA:12,0
DA:13,0
DA:14,0
DA:16,0
DA:29,0
LF:16
LH:0
BRDA:14,0,0,0
BRDA:14,0,1,0
BRDA:14,1,0,0
BRDA:14,1,1,0
BRF:4
BRH:0
end_of_record
TN:
SF:/Users/joelbarbosa/workspace/mobile/mobile-wallet/app/config/reduxPersist.js
FNF:0
FNH:0
DA:1,0
DA:3,0
DA:18,0
LF:3
LH:0
BRF:0
BRH:0
end_of_record
TN:
SF:/Users/joelbarbosa/workspace/mobile/mobile-wallet/app/config/routes.js
FN:237,_interopRequireDefault
FN:237,customHeader
FN:237,onPress
FN:237,customHomeHeader
FN:237,onPress
FN:237,navigationOptions
FN:237,navigationOptions
FN:237,navigationOptions
FN:237,navigationOptions
FN:237,navigationOptions
FN:237,navigationOptions
FN:237,navigationOptions
FN:237,navigationOptions
FN:237,navigationOptions
FN:237,navigationOptions
FN:237,navigationOptions
FN:237,setNavigator
FN:237,navigate
FNF:18
FNH:0
FNDA:0,_interopRequireDefault
FNDA:0,customHeader
FNDA:0,onPress
FNDA:0,customHomeHeader
FNDA:0,onPress
FNDA:0,navigationOptions
FNDA:0,navigationOptions
FNDA:0,navigationOptions
FNDA:0,navigationOptions
FNDA:0,navigationOptions
FNDA:0,navigationOptions
FNDA:0,navigationOptions
FNDA:0,navigationOptions
FNDA:0,navigationOptions
FNDA:0,navigationOptions
FNDA:0,navigationOptions
FNDA:0,setNavigator
FNDA:0,navigate
DA:1,0
DA:233,0
DA:237,0
DA:238,0
DA:239,0
DA:241,0
LF:6
LH:0
BRDA:237,0,0,0
BRDA:237,0,1,0
BRDA:237,1,0,0
BRDA:237,1,1,0
BRDA:238,2,0,0
BRDA:238,2,1,0
BRF:6
BRH:0
end_of_record
TN:
SF:/Users/joelbarbosa/workspace/mobile/mobile-wallet/app/config/store.js
FN:10,_interopRequireDefault
FNF:1
FNH:0
FNDA:0,_interopRequireDefault
DA:1,0
DA:2,0
DA:3,0
DA:4,0
DA:5,0
DA:6,0
DA:7,0
DA:9,0
DA:10,0
DA:13,0
DA:15,0
LF:11
LH:0
BRDA:10,0,0,0
BRDA:10,0,1,0
BRDA:10,1,0,0
BRDA:10,1,1,0
BRF:4
BRH:0
end_of_record
TN:
SF:/Users/joelbarbosa/workspace/mobile/mobile-wallet/app/config/types.js
FNF:0
FNH:0
DA:1,0
LF:1
LH:0
BRF:0
BRH:0
end_of_record
TN:
SF:/Users/joelbarbosa/workspace/mobile/mobile-wallet/app/constants/api.js
FNF:0
FNH:0
DA:1,0
LF:1
LH:0
BRF:0
BRH:0
end_of_record
TN:
SF:/Users/joelbarbosa/workspace/mobile/mobile-wallet/app/constants/general.js
FNF:0
FNH:0
DA:1,0
LF:1
LH:0
BRF:0
BRH:0
end_of_record
TN:
SF:/Users/joelbarbosa/workspace/mobile/mobile-wallet/app/i18n/i18n.js
FN:4,_interopRequireDefault
FNF:1
FNH:0
FNDA:0,_interopRequireDefault
DA:1,0
DA:2,0
DA:3,0
DA:4,0
DA:6,0
DA:8,0
DA:10,0
LF:7
LH:0
BRDA:4,0,0,0
BRDA:4,0,1,0
BRDA:4,1,0,0
BRDA:4,1,1,0
BRF:4
BRH:0
end_of_record
TN:
SF:/Users/joelbarbosa/workspace/mobile/mobile-wallet/app/i18n/locales/en.js
FNF:0
FNH:0
DA:1,0
LF:1
LH:0
BRF:0
BRH:0
end_of_record
TN:
SF:/Users/joelbarbosa/workspace/mobile/mobile-wallet/app/i18n/locales/es.js
FNF:0
FNH:0
DA:1,0
LF:1
LH:0
BRF:0
BRH:0
end_of_record
TN:
SF:/Users/joelbarbosa/workspace/mobile/mobile-wallet/app/i18n/locales/pt.js
FNF:0
FNH:0
DA:1,0
LF:1
LH:0
BRF:0
BRH:0
end_of_record
TN:
SF:/Users/joelbarbosa/workspace/mobile/mobile-wallet/app/lunes-ui/index.js
FN:1,_interopRequireDefault
FNF:1
FNH:0
FNDA:0,_interopRequireDefault
DA:1,0
LF:1
LH:0
BRDA:1,0,0,0
BRDA:1,0,1,0
BRDA:1,1,0,0
BRDA:1,1,1,0
BRF:4
BRH:0
end_of_record
TN:
SF:/Users/joelbarbosa/workspace/mobile/mobile-wallet/app/lunes-ui/button/ButtonUI.js
FN:1,(anonymous_0)
FN:1,defineProperties
FN:1,(anonymous_2)
FN:13,_interopRequireDefault
FN:13,_classCallCheck
FN:13,_possibleConstructorReturn
FN:13,_inherits
FN:15,(anonymous_7)
FN:15,ButtonUI
FN:15,checkFunctionOnPress
FN:20,defaultButton
FN:30,onPress
FN:40,primaryButton
FN:50,onPress
FN:60,disabledButton
FN:70,onPress
FN:80,roundedPrimaryButton
FN:86,onPress
FN:97,render
FNF:19
FNH:0
FNDA:0,(anonymous_0)
FNDA:0,defineProperties
FNDA:0,(anonymous_2)
FNDA:0,_interopRequireDefault
FNDA:0,_classCallCheck
FNDA:0,_possibleConstructorReturn
FNDA:0,_inherits
FNDA:0,(anonymous_7)
FNDA:0,ButtonUI
FNDA:0,checkFunctionOnPress
FNDA:0,defaultButton
FNDA:0,onPress
FNDA:0,primaryButton
FNDA:0,onPress
FNDA:0,disabledButton
FNDA:0,onPress
FNDA:0,roundedPrimaryButton
FNDA:0,onPress
FNDA:0,render
DA:1,0
DA:4,0
DA:5,0
DA:6,0
DA:7,0
DA:8,0
DA:9,0
DA:10,0
DA:11,0
DA:12,0
DA:13,0
DA:15,0
DA:17,0
DA:18,0
DA:22,0
DA:23,0
DA:24,0
DA:25,0
DA:26,0
DA:27,0
DA:29,0
DA:30,0
DA:39,0
DA:42,0
DA:43,0
DA:44,0
DA:45,0
DA:46,0
DA:47,0
DA:49,0
DA:50,0
DA:59,0
DA:62,0
DA:63,0
DA:64,0
DA:65,0
DA:66,0
DA:67,0
DA:69,0
DA:70,0
DA:79,0
DA:82,0
DA:83,0
DA:84,0
DA:86,0
DA:96,0
DA:100,0
DA:108,0
LF:48
LH:0
BRDA:1,0,0,0
BRDA:1,0,1,0
BRDA:1,1,0,0
BRDA:1,1,1,0
BRDA:1,2,0,0
BRDA:1,2,1,0
BRDA:1,3,0,0
BRDA:1,3,1,0
BRDA:13,4,0,0
BRDA:13,4,1,0
BRDA:13,5,0,0
BRDA:13,5,1,0
BRDA:13,6,0,0
BRDA:13,6,1,0
BRDA:13,7,0,0
BRDA:13,7,1,0
BRDA:13,8,0,0
BRDA:13,8,1,0
BRDA:13,9,0,0
BRDA:13,9,1,0
BRDA:13,9,2,0
BRDA:13,10,0,0
BRDA:13,10,1,0
BRDA:13,11,0,0
BRDA:13,11,1,0
BRDA:13,12,0,0
BRDA:13,12,1,0
BRDA:13,13,0,0
BRDA:13,13,1,0
BRDA:13,14,0,0
BRDA:13,14,1,0
BRDA:15,15,0,0
BRDA:15,15,1,0
BRDA:17,16,0,0
BRDA:17,16,1,0
BRDA:25,17,0,0
BRDA:25,17,1,0
BRDA:26,18,0,0
BRDA:26,18,1,0
BRDA:45,19,0,0
BRDA:45,19,1,0
BRDA:46,20,0,0
BRDA:46,20,1,0
BRDA:65,21,0,0
BRDA:65,21,1,0
BRDA:66,22,0,0
BRDA:66,22,1,0
BRDA:83,23,0,0
BRDA:83,23,1,0
BRF:49
BRH:0
end_of_record
TN:
SF:/Users/joelbarbosa/workspace/mobile/mobile-wallet/app/lunes-ui/button/atomicBtnStyleDefault.js
FN:6,_interopRequireDefault
FN:8,_getWidth
FNF:2
FNH:0
FNDA:0,_interopRequireDefault
FNDA:0,_getWidth
DA:1,0
DA:3,0
DA:4,0
DA:5,0
DA:6,0
DA:8,0
LF:6
LH:0
BRDA:6,0,0,0
BRDA:6,0,1,0
BRDA:6,1,0,0
BRDA:6,1,1,0
BRF:4
BRH:0
end_of_record
TN:
SF:/Users/joelbarbosa/workspace/mobile/mobile-wallet/app/lunes-ui/button/atomicBtnStyleDisabled.js
FN:6,_interopRequireDefault
FN:8,_getWidth
FNF:2
FNH:0
FNDA:0,_interopRequireDefault
FNDA:0,_getWidth
DA:1,0
DA:3,0
DA:4,0
DA:5,0
DA:6,0
DA:8,0
LF:6
LH:0
BRDA:6,0,0,0
BRDA:6,0,1,0
BRDA:6,1,0,0
BRDA:6,1,1,0
BRF:4
BRH:0
end_of_record
TN:
SF:/Users/joelbarbosa/workspace/mobile/mobile-wallet/app/lunes-ui/button/atomicBtnStylePrimary.js
FN:6,_interopRequireDefault
FN:8,_getWidth
FNF:2
FNH:0
FNDA:0,_interopRequireDefault
FNDA:0,_getWidth
DA:1,0
DA:3,0
DA:4,0
DA:5,0
DA:6,0
DA:8,0
LF:6
LH:0
BRDA:6,0,0,0
BRDA:6,0,1,0
BRDA:6,1,0,0
BRDA:6,1,1,0
BRF:4
BRH:0
end_of_record
TN:
SF:/Users/joelbarbosa/workspace/mobile/mobile-wallet/app/lunes-ui/button/atomicBtnStyleRounded.js
FN:6,_interopRequireDefault
FN:8,_getWidth
FNF:2
FNH:0
FNDA:0,_interopRequireDefault
FNDA:0,_getWidth
DA:1,0
DA:3,0
DA:4,0
DA:5,0
DA:6,0
DA:8,0
LF:6
LH:0
BRDA:6,0,0,0
BRDA:6,0,1,0
BRDA:6,1,0,0
BRDA:6,1,1,0
BRF:4
BRH:0
end_of_record
TN:
SF:/Users/joelbarbosa/workspace/mobile/mobile-wallet/app/native-base-theme/components/Badge.js
FN:1,_interopRequireDefault
FN:3,(anonymous_1)
FNF:2
FNH:0
FNDA:0,_interopRequireDefault
FNDA:0,(anonymous_1)
DA:1,0
DA:3,0
DA:4,0
DA:34,0
LF:4
LH:0
BRDA:1,0,0,0
BRDA:1,0,1,0
BRDA:1,1,0,0
BRDA:1,1,1,0
BRDA:3,2,0,0
BRDA:3,2,1,0
BRDA:3,3,0,0
BRDA:3,3,1,0
BRF:8
BRH:0
end_of_record
TN:
SF:/Users/joelbarbosa/workspace/mobile/mobile-wallet/app/native-base-theme/components/Body.js
FN:1,_interopRequireDefault
FN:3,(anonymous_1)
FNF:2
FNH:0
FNDA:0,_interopRequireDefault
FNDA:0,(anonymous_1)
DA:1,0
DA:3,0
DA:4,0
DA:10,0
LF:4
LH:0
BRDA:1,0,0,0
BRDA:1,0,1,0
BRDA:1,1,0,0
BRDA:1,1,1,0
BRDA:3,2,0,0
BRDA:3,2,1,0
BRDA:3,3,0,0
BRDA:3,3,1,0
BRF:8
BRH:0
end_of_record
TN:
SF:/Users/joelbarbosa/workspace/mobile/mobile-wallet/app/native-base-theme/components/Button.js
FN:2,_interopRequireDefault
FN:4,(anonymous_1)
FNF:2
FNH:0
FNDA:0,_interopRequireDefault
FNDA:0,(anonymous_1)
DA:1,0
DA:2,0
DA:4,0
DA:5,0
DA:6,0
DA:8,0
DA:481,0
LF:7
LH:0
BRDA:2,0,0,0
BRDA:2,0,1,0
BRDA:2,1,0,0
BRDA:2,1,1,0
BRDA:4,2,0,0
BRDA:4,2,1,0
BRDA:4,3,0,0
BRDA:4,3,1,0
BRDA:419,4,0,0
BRDA:419,4,1,0
BRDA:425,5,0,0
BRDA:425,5,1,0
BRDA:473,6,0,0
BRDA:473,6,1,0
BRDA:475,7,0,0
BRDA:475,7,1,0
BRDA:476,8,0,0
BRDA:476,8,1,0
BRDA:477,9,0,0
BRDA:477,9,1,0
BRF:20
BRH:0
end_of_record
TN:
SF:/Users/joelbarbosa/workspace/mobile/mobile-wallet/app/native-base-theme/components/Card.js
FN:1,_interopRequireDefault
FN:3,(anonymous_1)
FNF:2
FNH:0
FNDA:0,_interopRequireDefault
FNDA:0,(anonymous_1)
DA:1,0
DA:3,0
DA:4,0
DA:27,0
LF:4
LH:0
BRDA:1,0,0,0
BRDA:1,0,1,0
BRDA:1,1,0,0
BRDA:1,1,1,0
BRDA:3,2,0,0
BRDA:3,2,1,0
BRDA:3,3,0,0
BRDA:3,3,1,0
BRF:8
BRH:0
end_of_record
TN:
SF:/Users/joelbarbosa/workspace/mobile/mobile-wallet/app/native-base-theme/components/CardItem.js
FN:2,_interopRequireDefault
FN:4,(anonymous_1)
FNF:2
FNH:0
FNDA:0,_interopRequireDefault
FNDA:0,(anonymous_1)
DA:1,0
DA:2,0
DA:4,0
DA:5,0
DA:7,0
DA:213,0
LF:6
LH:0
BRDA:2,0,0,0
BRDA:2,0,1,0
BRDA:2,1,0,0
BRDA:2,1,1,0
BRDA:4,2,0,0
BRDA:4,2,1,0
BRDA:4,3,0,0
BRDA:4,3,1,0
BRDA:58,4,0,0
BRDA:58,4,1,0
BRDA:159,5,0,0
BRDA:159,5,1,0
BRDA:164,6,0,0
BRDA:164,6,1,0
BRDA:166,7,0,0
BRDA:166,7,1,0
BRDA:174,8,0,0
BRDA:174,8,1,0
BRDA:181,9,0,0
BRDA:181,9,1,0
BRF:20
BRH:0
end_of_record
TN:
SF:/Users/joelbarbosa/workspace/mobile/mobile-wallet/app/native-base-theme/components/CheckBox.js
FN:1,_interopRequireDefault
FN:3,(anonymous_1)
FNF:2
FNH:0
FNDA:0,_interopRequireDefault
FNDA:0,(anonymous_1)
DA:1,0
DA:3,0
DA:4,0
DA:35,0
LF:4
LH:0
BRDA:1,0,0,0
BRDA:1,0,1,0
BRDA:1,1,0,0
BRDA:1,1,1,0
BRDA:3,2,0,0
BRDA:3,2,1,0
BRDA:3,3,0,0
BRDA:3,3,1,0
BRF:8
BRH:0
end_of_record
TN:
SF:/Users/joelbarbosa/workspace/mobile/mobile-wallet/app/native-base-theme/components/Container.js
FN:4,_interopRequireDefault
FN:7,(anonymous_1)
FNF:2
FNH:0
FNDA:0,_interopRequireDefault
FNDA:0,(anonymous_1)
DA:1,0
DA:3,0
DA:4,0
DA:6,0
DA:7,0
DA:8,0
DA:17,0
LF:7
LH:0
BRDA:4,0,0,0
BRDA:4,0,1,0
BRDA:4,1,0,0
BRDA:4,1,1,0
BRDA:7,2,0,0
BRDA:7,2,1,0
BRDA:7,3,0,0
BRDA:7,3,1,0
BRDA:10,4,0,0
BRDA:10,4,1,0
BRF:10
BRH:0
end_of_record
TN:
SF:/Users/joelbarbosa/workspace/mobile/mobile-wallet/app/native-base-theme/components/Content.js
FN:1,_interopRequireDefault
FN:3,(anonymous_1)
FNF:2
FNH:0
FNDA:0,_interopRequireDefault
FNDA:0,(anonymous_1)
DA:1,0
DA:3,0
DA:4,0
DA:16,0
LF:4
LH:0
BRDA:1,0,0,0
BRDA:1,0,1,0
BRDA:1,1,0,0
BRDA:1,1,1,0
BRDA:3,2,0,0
BRDA:3,2,1,0
BRDA:3,3,0,0
BRDA:3,3,1,0
BRF:8
BRH:0
end_of_record
TN:
SF:/Users/joelbarbosa/workspace/mobile/mobile-wallet/app/native-base-theme/components/Fab.js
FN:2,_interopRequireDefault
FN:4,(anonymous_1)
FNF:2
FNH:0
FNDA:0,_interopRequireDefault
FNDA:0,(anonymous_1)
DA:1,0
DA:2,0
DA:4,0
DA:5,0
DA:7,0
DA:27,0
LF:6
LH:0
BRDA:2,0,0,0
BRDA:2,0,1,0
BRDA:2,1,0,0
BRDA:2,1,1,0
BRDA:4,2,0,0
BRDA:4,2,1,0
BRDA:4,3,0,0
BRDA:4,3,1,0
BRF:8
BRH:0
end_of_record
TN:
SF:/Users/joelbarbosa/workspace/mobile/mobile-wallet/app/native-base-theme/components/Footer.js
FN:2,_interopRequireDefault
FN:4,(anonymous_1)
FNF:2
FNH:0
FNDA:0,_interopRequireDefault
FNDA:0,(anonymous_1)
DA:1,0
DA:2,0
DA:4,0
DA:5,0
DA:6,0
DA:8,0
DA:101,0
LF:7
LH:0
BRDA:2,0,0,0
BRDA:2,0,1,0
BRDA:2,1,0,0
BRDA:2,1,1,0
BRDA:4,2,0,0
BRDA:4,2,1,0
BRDA:4,3,0,0
BRDA:4,3,1,0
BRDA:88,4,0,0
BRDA:88,4,1,0
BRDA:88,5,0,0
BRDA:88,5,1,0
BRDA:92,6,0,0
BRDA:92,6,1,0
BRDA:92,7,0,0
BRDA:92,7,1,0
BRF:16
BRH:0
end_of_record
TN:
SF:/Users/joelbarbosa/workspace/mobile/mobile-wallet/app/native-base-theme/components/FooterTab.js
FN:4,_interopRequireDefault
FN:6,(anonymous_1)
FNF:2
FNH:0
FNDA:0,_interopRequireDefault
FNDA:0,(anonymous_1)
DA:1,0
DA:2,0
DA:4,0
DA:6,0
DA:7,0
DA:9,0
DA:76,0
LF:7
LH:0
BRDA:4,0,0,0
BRDA:4,0,1,0
BRDA:4,1,0,0
BRDA:4,1,1,0
BRDA:6,2,0,0
BRDA:6,2,1,0
BRDA:6,3,0,0
BRDA:6,3,1,0
BRDA:35,4,0,0
BRDA:35,4,1,0
BRDA:41,5,0,0
BRDA:41,5,1,0
BRDA:69,6,0,0
BRDA:69,6,1,0
BRF:14
BRH:0
end_of_record
TN:
SF:/Users/joelbarbosa/workspace/mobile/mobile-wallet/app/native-base-theme/components/Form.js
FN:2,_interopRequireDefault
FN:4,(anonymous_1)
FNF:2
FNH:0
FNDA:0,_interopRequireDefault
FNDA:0,(anonymous_1)
DA:1,0
DA:2,0
DA:4,0
DA:5,0
DA:7,0
DA:88,0
LF:6
LH:0
BRDA:2,0,0,0
BRDA:2,0,1,0
BRDA:2,1,0,0
BRDA:2,1,1,0
BRDA:4,2,0,0
BRDA:4,2,1,0
BRDA:4,3,0,0
BRDA:4,3,1,0
BRF:8
BRH:0
end_of_record
TN:
SF:/Users/joelbarbosa/workspace/mobile/mobile-wallet/app/native-base-theme/components/H1.js
FN:1,_interopRequireDefault
FN:3,(anonymous_1)
FNF:2
FNH:0
FNDA:0,_interopRequireDefault
FNDA:0,(anonymous_1)
DA:1,0
DA:3,0
DA:4,0
DA:10,0
LF:4
LH:0
BRDA:1,0,0,0
BRDA:1,0,1,0
BRDA:1,1,0,0
BRDA:1,1,1,0
BRDA:3,2,0,0
BRDA:3,2,1,0
BRDA:3,3,0,0
BRDA:3,3,1,0
BRF:8
BRH:0
end_of_record
TN:
SF:/Users/joelbarbosa/workspace/mobile/mobile-wallet/app/native-base-theme/components/H2.js
FN:1,_interopRequireDefault
FN:3,(anonymous_1)
FNF:2
FNH:0
FNDA:0,_interopRequireDefault
FNDA:0,(anonymous_1)
DA:1,0
DA:3,0
DA:4,0
DA:10,0
LF:4
LH:0
BRDA:1,0,0,0
BRDA:1,0,1,0
BRDA:1,1,0,0
BRDA:1,1,1,0
BRDA:3,2,0,0
BRDA:3,2,1,0
BRDA:3,3,0,0
BRDA:3,3,1,0
BRF:8
BRH:0
end_of_record
TN:
SF:/Users/joelbarbosa/workspace/mobile/mobile-wallet/app/native-base-theme/components/H3.js
FN:1,_interopRequireDefault
FN:3,(anonymous_1)
FNF:2
FNH:0
FNDA:0,_interopRequireDefault
FNDA:0,(anonymous_1)
DA:1,0
DA:3,0
DA:4,0
DA:10,0
LF:4
LH:0
BRDA:1,0,0,0
BRDA:1,0,1,0
BRDA:1,1,0,0
BRDA:1,1,1,0
BRDA:3,2,0,0
BRDA:3,2,1,0
BRDA:3,3,0,0
BRDA:3,3,1,0
BRF:8
BRH:0
end_of_record
TN:
SF:/Users/joelbarbosa/workspace/mobile/mobile-wallet/app/native-base-theme/components/Header.js
FN:4,_interopRequireDefault
FN:6,(anonymous_1)
FNF:2
FNH:0
FNDA:0,_interopRequireDefault
FNDA:0,(anonymous_1)
DA:1,0
DA:2,0
DA:4,0
DA:6,0
DA:7,0
DA:8,0
DA:10,0
DA:324,0
LF:8
LH:0
BRDA:4,0,0,0
BRDA:4,0,1,0
BRDA:4,1,0,0
BRDA:4,1,1,0
BRDA:6,2,0,0
BRDA:6,2,1,0
BRDA:6,3,0,0
BRDA:6,3,1,0
BRDA:118,4,0,0
BRDA:118,4,1,0
BRDA:120,5,0,0
BRDA:120,5,1,0
BRDA:121,6,0,0
BRDA:121,6,1,0
BRDA:122,7,0,0
BRDA:122,7,1,0
BRDA:128,8,0,0
BRDA:128,8,1,0
BRDA:128,9,0,0
BRDA:128,9,1,0
BRDA:176,10,0,0
BRDA:176,10,1,0
BRDA:195,11,0,0
BRDA:195,11,1,0
BRDA:195,12,0,0
BRDA:195,12,1,0
BRDA:202,13,0,0
BRDA:202,13,1,0
BRDA:202,14,0,0
BRDA:202,14,1,0
BRDA:209,15,0,0
BRDA:209,15,1,0
BRDA:259,16,0,0
BRDA:259,16,1,0
BRDA:269,17,0,0
BRDA:269,17,1,0
BRDA:279,18,0,0
BRDA:279,18,1,0
BRDA:308,19,0,0
BRDA:308,19,1,0
BRDA:308,20,0,0
BRDA:308,20,1,0
BRDA:310,21,0,0
BRDA:310,21,1,0
BRDA:314,22,0,0
BRDA:314,22,1,0
BRDA:316,23,0,0
BRDA:316,23,1,0
BRDA:317,24,0,0
BRDA:317,24,1,0
BRDA:318,25,0,0
BRDA:318,25,1,0
BRF:52
BRH:0
end_of_record
TN:
SF:/Users/joelbarbosa/workspace/mobile/mobile-wallet/app/native-base-theme/components/Icon.js
FN:1,_interopRequireDefault
FN:3,(anonymous_1)
FNF:2
FNH:0
FNDA:0,_interopRequireDefault
FNDA:0,(anonymous_1)
DA:1,0
DA:3,0
DA:4,0
DA:9,0
LF:4
LH:0
BRDA:1,0,0,0
BRDA:1,0,1,0
BRDA:1,1,0,0
BRDA:1,1,1,0
BRDA:3,2,0,0
BRDA:3,2,1,0
BRDA:3,3,0,0
BRDA:3,3,1,0
BRF:8
BRH:0
end_of_record
TN:
SF:/Users/joelbarbosa/workspace/mobile/mobile-wallet/app/native-base-theme/components/Input.js
FN:1,_interopRequireDefault
FN:3,(anonymous_1)
FNF:2
FNH:0
FNDA:0,_interopRequireDefault
FNDA:0,(anonymous_1)
DA:1,0
DA:3,0
DA:4,0
DA:17,0
LF:4
LH:0
BRDA:1,0,0,0
BRDA:1,0,1,0
BRDA:1,1,0,0
BRDA:1,1,1,0
BRDA:3,2,0,0
BRDA:3,2,1,0
BRDA:3,3,0,0
BRDA:3,3,1,0
BRF:8
BRH:0
end_of_record
TN:
SF:/Users/joelbarbosa/workspace/mobile/mobile-wallet/app/native-base-theme/components/InputGroup.js
FN:1,_interopRequireDefault
FN:3,(anonymous_1)
FNF:2
FNH:0
FNDA:0,_interopRequireDefault
FNDA:0,(anonymous_1)
DA:1,0
DA:3,0
DA:4,0
DA:129,0
LF:4
LH:0
BRDA:1,0,0,0
BRDA:1,0,1,0
BRDA:1,1,0,0
BRDA:1,1,1,0
BRDA:3,2,0,0
BRDA:3,2,1,0
BRDA:3,3,0,0
BRDA:3,3,1,0
BRF:8
BRH:0
end_of_record
TN:
SF:/Users/joelbarbosa/workspace/mobile/mobile-wallet/app/native-base-theme/components/Item.js
FN:3,_interopRequireDefault
FN:5,(anonymous_1)
FNF:2
FNH:0
FNDA:0,_interopRequireDefault
FNDA:0,(anonymous_1)
DA:1,0
DA:3,0
DA:5,0
DA:6,0
DA:214,0
LF:5
LH:0
BRDA:3,0,0,0
BRDA:3,0,1,0
BRDA:3,1,0,0
BRDA:3,1,1,0
BRDA:5,2,0,0
BRDA:5,2,1,0
BRDA:5,3,0,0
BRDA:5,3,1,0
BRDA:49,4,0,0
BRDA:49,4,1,0
BRDA:51,5,0,0
BRDA:51,5,1,0
BRDA:93,6,0,0
BRDA:93,6,1,0
BRF:14
BRH:0
end_of_record
TN:
SF:/Users/joelbarbosa/workspace/mobile/mobile-wallet/app/native-base-theme/components/Label.js
FN:1,_interopRequireDefault
FN:3,(anonymous_1)
FNF:2
FNH:0
FNDA:0,_interopRequireDefault
FNDA:0,(anonymous_1)
DA:1,0
DA:3,0
DA:4,0
DA:11,0
LF:4
LH:0
BRDA:1,0,0,0
BRDA:1,0,1,0
BRDA:1,1,0,0
BRDA:1,1,1,0
BRDA:3,2,0,0
BRDA:3,2,1,0
BRDA:3,3,0,0
BRDA:3,3,1,0
BRF:8
BRH:0
end_of_record
TN:
SF:/Users/joelbarbosa/workspace/mobile/mobile-wallet/app/native-base-theme/components/Left.js
FN:1,_interopRequireDefault
FN:3,(anonymous_1)
FNF:2
FNH:0
FNDA:0,_interopRequireDefault
FNDA:0,(anonymous_1)
DA:1,0
DA:3,0
DA:4,0
DA:10,0
LF:4
LH:0
BRDA:1,0,0,0
BRDA:1,0,1,0
BRDA:1,1,0,0
BRDA:1,1,1,0
BRDA:3,2,0,0
BRDA:3,2,1,0
BRDA:3,3,0,0
BRDA:3,3,1,0
BRF:8
BRH:0
end_of_record
TN:
SF:/Users/joelbarbosa/workspace/mobile/mobile-wallet/app/native-base-theme/components/ListItem.js
FN:1,(anonymous_0)
FN:5,_interopRequireDefault
FN:7,(anonymous_2)
FNF:3
FNH:0
FNDA:0,(anonymous_0)
FNDA:0,_interopRequireDefault
FNDA:0,(anonymous_2)
DA:1,0
DA:2,0
DA:4,0
DA:5,0
DA:7,0
DA:8,0
DA:10,0
DA:406,0
LF:8
LH:0
BRDA:1,0,0,0
BRDA:1,0,1,0
BRDA:1,1,0,0
BRDA:1,1,1,0
BRDA:5,2,0,0
BRDA:5,2,1,0
BRDA:5,3,0,0
BRDA:5,3,1,0
BRDA:7,4,0,0
BRDA:7,4,1,0
BRDA:7,5,0,0
BRDA:7,5,1,0
BRDA:32,6,0,0
BRDA:32,6,1,0
BRDA:51,7,0,0
BRDA:51,7,1,0
BRDA:62,8,0,0
BRDA:62,8,1,0
BRDA:64,9,0,0
BRDA:64,9,1,0
BRDA:65,10,0,0
BRDA:65,10,1,0
BRDA:66,11,0,0
BRDA:66,11,1,0
BRDA:85,12,0,0
BRDA:85,12,1,0
BRDA:90,13,0,0
BRDA:90,13,1,0
BRDA:92,14,0,0
BRDA:92,14,1,0
BRDA:97,15,0,0
BRDA:97,15,1,0
BRDA:371,16,0,0
BRDA:371,16,1,0
BRF:34
BRH:0
end_of_record
TN:
SF:/Users/joelbarbosa/workspace/mobile/mobile-wallet/app/native-base-theme/components/LunesAbout.js
FN:1,(anonymous_0)
FN:1,defineProperties
FN:1,(anonymous_2)
FN:15,_interopRequireDefault
FN:15,_classCallCheck
FN:15,_possibleConstructorReturn
FN:15,_inherits
FN:19,(anonymous_7)
FN:20,LunesAbout
FN:22,render
FNF:10
FNH:0
FNDA:0,(anonymous_0)
FNDA:0,defineProperties
FNDA:0,(anonymous_2)
FNDA:0,_interopRequireDefault
FNDA:0,_classCallCheck
FNDA:0,_possibleConstructorReturn
FNDA:0,_inherits
FNDA:0,(anonymous_7)
FNDA:0,LunesAbout
FNDA:0,render
DA:1,0
DA:2,0
DA:3,0
DA:11,0
DA:12,0
DA:13,0
DA:14,0
DA:15,0
DA:17,0
DA:19,0
DA:20,0
DA:22,0
DA:25,0
DA:39,0
DA:42,0
LF:15
LH:0
BRDA:1,0,0,0
BRDA:1,0,1,0
BRDA:1,1,0,0
BRDA:1,1,1,0
BRDA:1,2,0,0
BRDA:1,2,1,0
BRDA:1,3,0,0
BRDA:1,3,1,0
BRDA:15,4,0,0
BRDA:15,4,1,0
BRDA:15,5,0,0
BRDA:15,5,1,0
BRDA:15,6,0,0
BRDA:15,6,1,0
BRDA:15,7,0,0
BRDA:15,7,1,0
BRDA:15,8,0,0
BRDA:15,8,1,0
BRDA:15,9,0,0
BRDA:15,9,1,0
BRDA:15,9,2,0
BRDA:15,10,0,0
BRDA:15,10,1,0
BRDA:15,11,0,0
BRDA:15,11,1,0
BRDA:15,12,0,0
BRDA:15,12,1,0
BRDA:15,13,0,0
BRDA:15,13,1,0
BRDA:15,14,0,0
BRDA:15,14,1,0
BRDA:20,15,0,0
BRDA:20,15,1,0
BRF:33
BRH:0
end_of_record
TN:
SF:/Users/joelbarbosa/workspace/mobile/mobile-wallet/app/native-base-theme/components/LunesAlert.js
FN:1,(anonymous_0)
FN:1,defineProperties
FN:1,(anonymous_2)
FN:19,_interopRequireDefault
FN:19,_classCallCheck
FN:19,_possibleConstructorReturn
FN:19,_inherits
FN:23,(anonymous_7)
FN:24,LunesAlert
FN:29,componentWillMount
FN:37,componentWillReceiveProps
FN:41,renderCloseIcon
FN:46,onPress
FN:55,renderConfirmBtn
FN:64,onPress
FN:80,renderAlertError
FN:115,renderAlertSuccess
FN:150,renderAlertWarning
FN:176,renderAlertInfo
FN:214,renderAlert
FN:232,render
FNF:21
FNH:0
FNDA:0,(anonymous_0)
FNDA:0,defineProperties
FNDA:0,(anonymous_2)
FNDA:0,_interopRequireDefault
FNDA:0,_classCallCheck
FNDA:0,_possibleConstructorReturn
FNDA:0,_inherits
FNDA:0,(anonymous_7)
FNDA:0,LunesAlert
FNDA:0,componentWillMount
FNDA:0,componentWillReceiveProps
FNDA:0,renderCloseIcon
FNDA:0,onPress
FNDA:0,renderConfirmBtn
FNDA:0,onPress
FNDA:0,renderAlertError
FNDA:0,renderAlertSuccess
FNDA:0,renderAlertWarning
FNDA:0,renderAlertInfo
FNDA:0,renderAlert
FNDA:0,render
DA:1,0
DA:2,0
DA:3,0
DA:11,0
DA:12,0
DA:13,0
DA:14,0
DA:19,0
DA:21,0
DA:23,0
DA:24,0
DA:26,0
DA:27,0
DA:29,0
DA:32,0
DA:33,0
DA:40,0
DA:43,0
DA:44,0
DA:47,0
DA:48,0
DA:49,0
DA:57,0
DA:58,0
DA:59,0
DA:64,0
DA:79,0
DA:95,0
DA:96,0
DA:114,0
DA:130,0
DA:131,0
DA:149,0
DA:153,0
DA:154,0
DA:175,0
DA:191,0
DA:192,0
DA:193,0
DA:213,0
DA:217,0
DA:218,0
DA:231,0
DA:235,0
DA:236,0
DA:239,0
LF:46
LH:0
BRDA:1,0,0,0
BRDA:1,0,1,0
BRDA:1,1,0,0
BRDA:1,1,1,0
BRDA:1,2,0,0
BRDA:1,2,1,0
BRDA:1,3,0,0
BRDA:1,3,1,0
BRDA:19,4,0,0
BRDA:19,4,1,0
BRDA:19,5,0,0
BRDA:19,5,1,0
BRDA:19,6,0,0
BRDA:19,6,1,0
BRDA:19,7,0,0
BRDA:19,7,1,0
BRDA:19,8,0,0
BRDA:19,8,1,0
BRDA:19,9,0,0
BRDA:19,9,1,0
BRDA:19,9,2,0
BRDA:19,10,0,0
BRDA:19,10,1,0
BRDA:19,11,0,0
BRDA:19,11,1,0
BRDA:19,12,0,0
BRDA:19,12,1,0
BRDA:19,13,0,0
BRDA:19,13,1,0
BRDA:19,14,0,0
BRDA:19,14,1,0
BRDA:24,15,0,0
BRDA:24,15,1,0
BRDA:32,16,0,0
BRDA:32,16,1,0
BRDA:48,17,0,0
BRDA:48,17,1,0
BRDA:48,18,0,0
BRDA:48,18,1,0
BRDA:58,19,0,0
BRDA:58,19,1,0
BRDA:95,20,0,0
BRDA:95,20,1,0
BRDA:95,21,0,0
BRDA:95,21,1,0
BRDA:130,22,0,0
BRDA:130,22,1,0
BRDA:130,23,0,0
BRDA:130,23,1,0
BRDA:153,24,0,0
BRDA:153,24,1,0
BRDA:153,25,0,0
BRDA:153,25,1,0
BRDA:191,26,0,0
BRDA:191,26,1,0
BRDA:192,27,0,0
BRDA:192,27,1,0
BRDA:192,28,0,0
BRDA:192,28,1,0
BRDA:217,29,0,0
BRDA:217,29,1,0
BRF:61
BRH:0
end_of_record
TN:
SF:/Users/joelbarbosa/workspace/mobile/mobile-wallet/app/native-base-theme/components/LunesBalanceText.js
FN:5,_interopRequireDefault
FN:7,LunesBalanceText
FNF:2
FNH:0
FNDA:0,_interopRequireDefault
FNDA:0,LunesBalanceText
DA:1,0
DA:2,0
DA:3,0
DA:4,0
DA:5,0
DA:7,0
DA:19,0
DA:33,0
LF:8
LH:0
BRDA:5,0,0,0
BRDA:5,0,1,0
BRDA:5,1,0,0
BRDA:5,1,1,0
BRF:4
BRH:0
end_of_record
TN:
SF:/Users/joelbarbosa/workspace/mobile/mobile-wallet/app/native-base-theme/components/LunesChartList.js
FNF:0
FNH:0
LF:0
LH:0
BRF:0
BRH:0
end_of_record
TN:
SF:/Users/joelbarbosa/workspace/mobile/mobile-wallet/app/native-base-theme/components/LunesChartMain.js
FN:1,(anonymous_0)
FN:1,defineProperties
FN:1,(anonymous_2)
FN:34,_interopRequireWildcard
FN:34,_interopRequireDefault
FN:34,_objectWithoutProperties
FN:34,_classCallCheck
FN:34,_possibleConstructorReturn
FN:34,_inherits
FN:38,(anonymous_9)
FN:38,LunesChartMain
FN:38,render
FN:42,(anonymous_12)
FN:58,TooltipTop
FN:59,onPress
FN:90,TooltipBottom
FN:94,onPress
FN:125,HorizontalLineTop
FN:138,HorizontalLineBottom
FN:170,renderExtra
FN:175,renderDecorator
FN:177,onPress
FN:188,renderGradient
FNF:23
FNH:0
FNDA:0,(anonymous_0)
FNDA:0,defineProperties
FNDA:0,(anonymous_2)
FNDA:0,_interopRequireWildcard
FNDA:0,_interopRequireDefault
FNDA:0,_objectWithoutProperties
FNDA:0,_classCallCheck
FNDA:0,_possibleConstructorReturn
FNDA:0,_inherits
FNDA:0,(anonymous_9)
FNDA:0,LunesChartMain
FNDA:0,render
FNDA:0,(anonymous_12)
FNDA:0,TooltipTop
FNDA:0,onPress
FNDA:0,TooltipBottom
FNDA:0,onPress
FNDA:0,HorizontalLineTop
FNDA:0,HorizontalLineBottom
FNDA:0,renderExtra
FNDA:0,renderDecorator
FNDA:0,onPress
FNDA:0,renderGradient
DA:1,0
DA:3,0
DA:4,0
DA:5,0
DA:6,0
DA:7,0
DA:8,0
DA:9,0
DA:10,0
DA:11,0
DA:12,0
DA:13,0
DA:30,0
DA:31,0
DA:32,0
DA:33,0
DA:34,0
DA:36,0
DA:38,0
DA:41,0
DA:42,0
DA:44,0
DA:45,0
DA:46,0
DA:47,0
DA:48,0
DA:49,0
DA:50,0
DA:51,0
DA:52,0
DA:53,0
DA:54,0
DA:55,0
DA:58,0
DA:59,0
DA:90,0
DA:94,0
DA:125,0
DA:138,0
DA:151,0
DA:170,0
DA:175,0
DA:178,0
DA:188,0
DA:206,0
DA:209,0
LF:46
LH:0
BRDA:1,0,0,0
BRDA:1,0,1,0
BRDA:1,1,0,0
BRDA:1,1,1,0
BRDA:1,2,0,0
BRDA:1,2,1,0
BRDA:1,3,0,0
BRDA:1,3,1,0
BRDA:34,4,0,0
BRDA:34,4,1,0
BRDA:34,5,0,0
BRDA:34,5,1,0
BRDA:34,6,0,0
BRDA:34,6,1,0
BRDA:34,7,0,0
BRDA:34,7,1,0
BRDA:34,8,0,0
BRDA:34,8,1,0
BRDA:34,9,0,0
BRDA:34,9,1,0
BRDA:34,10,0,0
BRDA:34,10,1,0
BRDA:34,11,0,0
BRDA:34,11,1,0
BRDA:34,12,0,0
BRDA:34,12,1,0
BRDA:34,13,0,0
BRDA:34,13,1,0
BRDA:34,14,0,0
BRDA:34,14,1,0
BRDA:34,15,0,0
BRDA:34,15,1,0
BRDA:34,15,2,0
BRDA:34,16,0,0
BRDA:34,16,1,0
BRDA:34,17,0,0
BRDA:34,17,1,0
BRDA:34,18,0,0
BRDA:34,18,1,0
BRDA:34,19,0,0
BRDA:34,19,1,0
BRDA:34,20,0,0
BRDA:34,20,1,0
BRDA:38,21,0,0
BRDA:38,21,1,0
BRDA:41,22,0,0
BRDA:41,22,1,0
BRDA:41,23,0,0
BRDA:41,23,1,0
BRDA:44,24,0,0
BRDA:44,24,1,0
BRDA:48,25,0,0
BRDA:48,25,1,0
BRDA:50,26,0,0
BRDA:50,26,1,0
BRDA:52,27,0,0
BRDA:52,27,1,0
BRDA:54,28,0,0
BRDA:54,28,1,0
BRF:59
BRH:0
end_of_record
TN:
SF:/Users/joelbarbosa/workspace/mobile/mobile-wallet/app/native-base-theme/components/LunesChartPeriod.js
FN:1,(anonymous_0)
FN:1,defineProperties
FN:1,(anonymous_2)
FN:14,_interopRequireDefault
FN:14,_classCallCheck
FN:14,_possibleConstructorReturn
FN:14,_inherits
FN:17,(anonymous_7)
FN:17,LunesChartPeriod
FN:17,isSelected
FN:24,renderTouchablePeriod
FN:31,onPress
FN:40,render
FNF:13
FNH:0
FNDA:0,(anonymous_0)
FNDA:0,defineProperties
FNDA:0,(anonymous_2)
FNDA:0,_interopRequireDefault
FNDA:0,_classCallCheck
FNDA:0,_possibleConstructorReturn
FNDA:0,_inherits
FNDA:0,(anonymous_7)
FNDA:0,LunesChartPeriod
FNDA:0,isSelected
FNDA:0,renderTouchablePeriod
FNDA:0,onPress
FNDA:0,render
DA:1,0
DA:4,0
DA:5,0
DA:12,0
DA:13,0
DA:14,0
DA:16,0
DA:17,0
DA:19,0
DA:20,0
DA:21,0
DA:23,0
DA:26,0
DA:27,0
DA:32,0
DA:43,0
DA:73,0
DA:76,0
LF:18
LH:0
BRDA:1,0,0,0
BRDA:1,0,1,0
BRDA:1,1,0,0
BRDA:1,1,1,0
BRDA:1,2,0,0
BRDA:1,2,1,0
BRDA:1,3,0,0
BRDA:1,3,1,0
BRDA:14,4,0,0
BRDA:14,4,1,0
BRDA:14,5,0,0
BRDA:14,5,1,0
BRDA:14,6,0,0
BRDA:14,6,1,0
BRDA:14,7,0,0
BRDA:14,7,1,0
BRDA:14,8,0,0
BRDA:14,8,1,0
BRDA:14,9,0,0
BRDA:14,9,1,0
BRDA:14,9,2,0
BRDA:14,10,0,0
BRDA:14,10,1,0
BRDA:14,11,0,0
BRDA:14,11,1,0
BRDA:14,12,0,0
BRDA:14,12,1,0
BRDA:14,13,0,0
BRDA:14,13,1,0
BRDA:14,14,0,0
BRDA:14,14,1,0
BRDA:17,15,0,0
BRDA:17,15,1,0
BRDA:20,16,0,0
BRDA:20,16,1,0
BRF:35
BRH:0
end_of_record
TN:
SF:/Users/joelbarbosa/workspace/mobile/mobile-wallet/app/native-base-theme/components/LunesCodeSMS.js
FN:1,(anonymous_0)
FN:1,defineProperties
FN:1,(anonymous_2)
FN:7,_interopRequireDefault
FN:7,_classCallCheck
FN:7,_possibleConstructorReturn
FN:7,_inherits
FN:9,(anonymous_7)
FN:9,LunesCodeSMS
FN:9,renderInputs
FN:12,(anonymous_10)
FN:14,ref
FN:20,onChangeText
FN:32,render
FNF:14
FNH:0
FNDA:0,(anonymous_0)
FNDA:0,defineProperties
FNDA:0,(anonymous_2)
FNDA:0,_interopRequireDefault
FNDA:0,_classCallCheck
FNDA:0,_possibleConstructorReturn
FNDA:0,_inherits
FNDA:0,(anonymous_7)
FNDA:0,LunesCodeSMS
FNDA:0,renderInputs
FNDA:0,(anonymous_10)
FNDA:0,ref
FNDA:0,onChangeText
FNDA:0,render
DA:1,0
DA:4,0
DA:5,0
DA:6,0
DA:7,0
DA:9,0
DA:10,0
DA:11,0
DA:12,0
DA:14,0
DA:21,0
DA:22,0
DA:23,0
DA:24,0
DA:26,0
DA:34,0
DA:40,0
DA:43,0
LF:18
LH:0
BRDA:1,0,0,0
BRDA:1,0,1,0
BRDA:1,1,0,0
BRDA:1,1,1,0
BRDA:1,2,0,0
BRDA:1,2,1,0
BRDA:1,3,0,0
BRDA:1,3,1,0
BRDA:7,4,0,0
BRDA:7,4,1,0
BRDA:7,5,0,0
BRDA:7,5,1,0
BRDA:7,6,0,0
BRDA:7,6,1,0
BRDA:7,7,0,0
BRDA:7,7,1,0
BRDA:7,8,0,0
BRDA:7,8,1,0
BRDA:7,9,0,0
BRDA:7,9,1,0
BRDA:7,9,2,0
BRDA:7,10,0,0
BRDA:7,10,1,0
BRDA:7,11,0,0
BRDA:7,11,1,0
BRDA:7,12,0,0
BRDA:7,12,1,0
BRDA:7,13,0,0
BRDA:7,13,1,0
BRDA:7,14,0,0
BRDA:7,14,1,0
BRDA:9,15,0,0
BRDA:9,15,1,0
BRDA:22,16,0,0
BRDA:22,16,1,0
BRDA:22,17,0,0
BRDA:22,17,1,0
BRDA:23,18,0,0
BRDA:23,18,1,0
BRF:39
BRH:0
end_of_record
TN:
SF:/Users/joelbarbosa/workspace/mobile/mobile-wallet/app/native-base-theme/components/LunesConfirmButton.js
FN:1,(anonymous_0)
FN:1,defineProperties
FN:1,(anonymous_2)
FN:19,_interopRequireDefault
FN:19,_classCallCheck
FN:19,_possibleConstructorReturn
FN:19,_inherits
FN:21,(anonymous_7)
FN:22,LunesConfirmButton
FN:27,onPress
FN:33,redirect
FN:37,renderOpenedButton
FN:55,onPress
FN:66,onPress
FN:80,onPress
FN:95,renderClosedButton
FN:101,onPress
FN:112,render
FNF:18
FNH:0
FNDA:0,(anonymous_0)
FNDA:0,defineProperties
FNDA:0,(anonymous_2)
FNDA:0,_interopRequireDefault
FNDA:0,_classCallCheck
FNDA:0,_possibleConstructorReturn
FNDA:0,_inherits
FNDA:0,(anonymous_7)
FNDA:0,LunesConfirmButton
FNDA:0,onPress
FNDA:0,redirect
FNDA:0,renderOpenedButton
FNDA:0,onPress
FNDA:0,onPress
FNDA:0,onPress
FNDA:0,renderClosedButton
FNDA:0,onPress
FNDA:0,render
DA:1,0
DA:4,0
DA:5,0
DA:13,0
DA:14,0
DA:15,0
DA:16,0
DA:17,0
DA:18,0
DA:19,0
DA:21,0
DA:22,0
DA:24,0
DA:25,0
DA:27,0
DA:30,0
DA:36,0
DA:39,0
DA:40,0
DA:41,0
DA:42,0
DA:55,0
DA:66,0
DA:80,0
DA:94,0
DA:97,0
DA:98,0
DA:99,0
DA:101,0
DA:111,0
DA:115,0
DA:121,0
DA:124,0
LF:33
LH:0
BRDA:1,0,0,0
BRDA:1,0,1,0
BRDA:1,1,0,0
BRDA:1,1,1,0
BRDA:1,2,0,0
BRDA:1,2,1,0
BRDA:1,3,0,0
BRDA:1,3,1,0
BRDA:19,4,0,0
BRDA:19,4,1,0
BRDA:19,5,0,0
BRDA:19,5,1,0
BRDA:19,6,0,0
BRDA:19,6,1,0
BRDA:19,7,0,0
BRDA:19,7,1,0
BRDA:19,8,0,0
BRDA:19,8,1,0
BRDA:19,9,0,0
BRDA:19,9,1,0
BRDA:19,9,2,0
BRDA:19,10,0,0
BRDA:19,10,1,0
BRDA:19,11,0,0
BRDA:19,11,1,0
BRDA:19,12,0,0
BRDA:19,12,1,0
BRDA:19,13,0,0
BRDA:19,13,1,0
BRDA:19,14,0,0
BRDA:19,14,1,0
BRDA:22,15,0,0
BRDA:22,15,1,0
BRDA:40,16,0,0
BRDA:40,16,1,0
BRDA:98,17,0,0
BRDA:98,17,1,0
BRF:37
BRH:0
end_of_record
TN:
SF:/Users/joelbarbosa/workspace/mobile/mobile-wallet/app/native-base-theme/components/LunesContainerPhone.js
FN:1,(anonymous_0)
FN:1,defineProperties
FN:1,(anonymous_2)
FN:10,_interopRequireDefault
FN:10,_classCallCheck
FN:10,_possibleConstructorReturn
FN:10,_inherits
FN:12,(anonymous_7)
FN:13,LunesContainerPhone
FN:23,onValueChange
FN:30,renderCountries
FN:33,(anonymous_11)
FN:40,render
FN:71,onChangeText
FN:79,onChangeText
FNF:15
FNH:0
FNDA:0,(anonymous_0)
FNDA:0,defineProperties
FNDA:0,(anonymous_2)
FNDA:0,_interopRequireDefault
FNDA:0,_classCallCheck
FNDA:0,_possibleConstructorReturn
FNDA:0,_inherits
FNDA:0,(anonymous_7)
FNDA:0,LunesContainerPhone
FNDA:0,onValueChange
FNDA:0,renderCountries
FNDA:0,(anonymous_11)
FNDA:0,render
FNDA:0,onChangeText
FNDA:0,onChangeText
DA:1,0
DA:4,0
DA:5,0
DA:6,0
DA:7,0
DA:8,0
DA:9,0
DA:10,0
DA:12,0
DA:13,0
DA:15,0
DA:19,0
DA:21,0
DA:23,0
DA:26,0
DA:27,0
DA:33,0
DA:42,0
DA:43,0
DA:45,0
DA:72,0
DA:80,0
DA:86,0
DA:89,0
LF:24
LH:0
BRDA:1,0,0,0
BRDA:1,0,1,0
BRDA:1,1,0,0
BRDA:1,1,1,0
BRDA:1,2,0,0
BRDA:1,2,1,0
BRDA:1,3,0,0
BRDA:1,3,1,0
BRDA:10,4,0,0
BRDA:10,4,1,0
BRDA:10,5,0,0
BRDA:10,5,1,0
BRDA:10,6,0,0
BRDA:10,6,1,0
BRDA:10,7,0,0
BRDA:10,7,1,0
BRDA:10,8,0,0
BRDA:10,8,1,0
BRDA:10,9,0,0
BRDA:10,9,1,0
BRDA:10,9,2,0
BRDA:10,10,0,0
BRDA:10,10,1,0
BRDA:10,11,0,0
BRDA:10,11,1,0
BRDA:10,12,0,0
BRDA:10,12,1,0
BRDA:10,13,0,0
BRDA:10,13,1,0
BRDA:10,14,0,0
BRDA:10,14,1,0
BRDA:13,15,0,0
BRDA:13,15,1,0
BRDA:102,16,0,0
BRDA:102,16,1,0
BRF:35
BRH:0
end_of_record
TN:
SF:/Users/joelbarbosa/workspace/mobile/mobile-wallet/app/native-base-theme/components/LunesCustomIcon.js
FN:7,_interopRequireDefault
FN:9,LunesIconError
FN:17,LunesIconSuccess
FN:25,LunesIconWarning
FN:33,LunesIconSendPayment
FN:41,LunesIconReceivePayment
FN:49,LunesIconKey
FN:57,LunesIconVersion
FN:65,LunesIconAbout
FN:73,LunesIconSupport
FN:81,LunesIconLocal
FN:90,LunesIconMail
FN:99,LunesIconCalendar
FN:108,LunesIconPhone
FNF:14
FNH:0
FNDA:0,_interopRequireDefault
FNDA:0,LunesIconError
FNDA:0,LunesIconSuccess
FNDA:0,LunesIconWarning
FNDA:0,LunesIconSendPayment
FNDA:0,LunesIconReceivePayment
FNDA:0,LunesIconKey
FNDA:0,LunesIconVersion
FNDA:0,LunesIconAbout
FNDA:0,LunesIconSupport
FNDA:0,LunesIconLocal
FNDA:0,LunesIconMail
FNDA:0,LunesIconCalendar
FNDA:0,LunesIconPhone
DA:1,0
DA:2,0
DA:3,0
DA:4,0
DA:7,0
DA:9,0
DA:17,0
DA:25,0
DA:33,0
DA:41,0
DA:49,0
DA:57,0
DA:65,0
DA:73,0
DA:81,0
DA:90,0
DA:99,0
DA:108,0
LF:18
LH:0
BRDA:7,0,0,0
BRDA:7,0,1,0
BRDA:7,1,0,0
BRDA:7,1,1,0
BRDA:12,2,0,0
BRDA:12,2,1,0
BRDA:13,3,0,0
BRDA:13,3,1,0
BRDA:20,4,0,0
BRDA:20,4,1,0
BRDA:21,5,0,0
BRDA:21,5,1,0
BRDA:28,6,0,0
BRDA:28,6,1,0
BRDA:29,7,0,0
BRDA:29,7,1,0
BRDA:36,8,0,0
BRDA:36,8,1,0
BRDA:37,9,0,0
BRDA:37,9,1,0
BRDA:44,10,0,0
BRDA:44,10,1,0
BRDA:45,11,0,0
BRDA:45,11,1,0
BRDA:52,12,0,0
BRDA:52,12,1,0
BRDA:53,13,0,0
BRDA:53,13,1,0
BRDA:60,14,0,0
BRDA:60,14,1,0
BRDA:61,15,0,0
BRDA:61,15,1,0
BRDA:68,16,0,0
BRDA:68,16,1,0
BRDA:69,17,0,0
BRDA:69,17,1,0
BRDA:76,18,0,0
BRDA:76,18,1,0
BRDA:77,19,0,0
BRDA:77,19,1,0
BRDA:85,20,0,0
BRDA:85,20,1,0
BRDA:86,21,0,0
BRDA:86,21,1,0
BRDA:94,22,0,0
BRDA:94,22,1,0
BRDA:95,23,0,0
BRDA:95,23,1,0
BRDA:103,24,0,0
BRDA:103,24,1,0
BRDA:104,25,0,0
BRDA:104,25,1,0
BRDA:112,26,0,0
BRDA:112,26,1,0
BRDA:113,27,0,0
BRDA:113,27,1,0
BRF:56
BRH:0
end_of_record
TN:
SF:/Users/joelbarbosa/workspace/mobile/mobile-wallet/app/native-base-theme/components/LunesGradientButton.js
FN:1,(anonymous_0)
FN:1,defineProperties
FN:1,(anonymous_2)
FN:4,_interopRequireDefault
FN:4,_classCallCheck
FN:4,_possibleConstructorReturn
FN:4,_inherits
FN:6,(anonymous_7)
FN:6,LunesGradientButton
FN:6,render
FNF:10
FNH:0
FNDA:0,(anonymous_0)
FNDA:0,defineProperties
FNDA:0,(anonymous_2)
FNDA:0,_interopRequireDefault
FNDA:0,_classCallCheck
FNDA:0,_possibleConstructorReturn
FNDA:0,_inherits
FNDA:0,(anonymous_7)
FNDA:0,LunesGradientButton
FNDA:0,render
DA:1,0
DA:2,0
DA:3,0
DA:4,0
DA:6,0
DA:8,0
DA:15,0
DA:18,0
LF:8
LH:0
BRDA:1,0,0,0
BRDA:1,0,1,0
BRDA:1,1,0,0
BRDA:1,1,1,0
BRDA:1,2,0,0
BRDA:1,2,1,0
BRDA:1,3,0,0
BRDA:1,3,1,0
BRDA:4,4,0,0
BRDA:4,4,1,0
BRDA:4,5,0,0
BRDA:4,5,1,0
BRDA:4,6,0,0
BRDA:4,6,1,0
BRDA:4,7,0,0
BRDA:4,7,1,0
BRDA:4,8,0,0
BRDA:4,8,1,0
BRDA:4,9,0,0
BRDA:4,9,1,0
BRDA:4,9,2,0
BRDA:4,10,0,0
BRDA:4,10,1,0
BRDA:4,11,0,0
BRDA:4,11,1,0
BRDA:4,12,0,0
BRDA:4,12,1,0
BRDA:4,13,0,0
BRDA:4,13,1,0
BRDA:4,14,0,0
BRDA:4,14,1,0
BRDA:6,15,0,0
BRDA:6,15,1,0
BRF:33
BRH:0
end_of_record
TN:
SF:/Users/joelbarbosa/workspace/mobile/mobile-wallet/app/native-base-theme/components/LunesInputPhone.js
FN:1,(anonymous_0)
FN:1,defineProperties
FN:1,(anonymous_2)
FN:8,_interopRequireDefault
FN:8,_classCallCheck
FN:8,_possibleConstructorReturn
FN:8,_inherits
FN:10,(anonymous_7)
FN:10,LunesInputPhone
FN:10,onValueChange
FN:15,render
FN:26,onChangeText
FNF:12
FNH:0
FNDA:0,(anonymous_0)
FNDA:0,defineProperties
FNDA:0,(anonymous_2)
FNDA:0,_interopRequireDefault
FNDA:0,_classCallCheck
FNDA:0,_possibleConstructorReturn
FNDA:0,_inherits
FNDA:0,(anonymous_7)
FNDA:0,LunesInputPhone
FNDA:0,onValueChange
FNDA:0,render
FNDA:0,onChangeText
DA:1,0
DA:4,0
DA:5,0
DA:6,0
DA:7,0
DA:8,0
DA:10,0
DA:12,0
DA:17,0
DA:18,0
DA:26,0
DA:29,0
DA:32,0
LF:13
LH:0
BRDA:1,0,0,0
BRDA:1,0,1,0
BRDA:1,1,0,0
BRDA:1,1,1,0
BRDA:1,2,0,0
BRDA:1,2,1,0
BRDA:1,3,0,0
BRDA:1,3,1,0
BRDA:8,4,0,0
BRDA:8,4,1,0
BRDA:8,5,0,0
BRDA:8,5,1,0
BRDA:8,6,0,0
BRDA:8,6,1,0
BRDA:8,7,0,0
BRDA:8,7,1,0
BRDA:8,8,0,0
BRDA:8,8,1,0
BRDA:8,9,0,0
BRDA:8,9,1,0
BRDA:8,9,2,0
BRDA:8,10,0,0
BRDA:8,10,1,0
BRDA:8,11,0,0
BRDA:8,11,1,0
BRDA:8,12,0,0
BRDA:8,12,1,0
BRDA:8,13,0,0
BRDA:8,13,1,0
BRDA:8,14,0,0
BRDA:8,14,1,0
BRDA:10,15,0,0
BRDA:10,15,1,0
BRDA:21,16,0,0
BRDA:21,16,1,0
BRDA:25,17,0,0
BRDA:25,17,1,0
BRF:37
BRH:0
end_of_record
TN:
SF:/Users/joelbarbosa/workspace/mobile/mobile-wallet/app/native-base-theme/components/LunesLoading.js
FN:1,(anonymous_0)
FN:1,defineProperties
FN:1,(anonymous_2)
FN:8,_interopRequireDefault
FN:8,_classCallCheck
FN:8,_possibleConstructorReturn
FN:8,_inherits
FN:10,(anonymous_7)
FN:10,LunesLoading
FN:10,render
FNF:10
FNH:0
FNDA:0,(anonymous_0)
FNDA:0,defineProperties
FNDA:0,(anonymous_2)
FNDA:0,_interopRequireDefault
FNDA:0,_classCallCheck
FNDA:0,_possibleConstructorReturn
FNDA:0,_inherits
FNDA:0,(anonymous_7)
FNDA:0,LunesLoading
FNDA:0,render
DA:1,0
DA:4,0
DA:5,0
DA:6,0
DA:7,0
DA:8,0
DA:10,0
DA:12,0
DA:20,0
DA:23,0
LF:10
LH:0
BRDA:1,0,0,0
BRDA:1,0,1,0
BRDA:1,1,0,0
BRDA:1,1,1,0
BRDA:1,2,0,0
BRDA:1,2,1,0
BRDA:1,3,0,0
BRDA:1,3,1,0
BRDA:8,4,0,0
BRDA:8,4,1,0
BRDA:8,5,0,0
BRDA:8,5,1,0
BRDA:8,6,0,0
BRDA:8,6,1,0
BRDA:8,7,0,0
BRDA:8,7,1,0
BRDA:8,8,0,0
BRDA:8,8,1,0
BRDA:8,9,0,0
BRDA:8,9,1,0
BRDA:8,9,2,0
BRDA:8,10,0,0
BRDA:8,10,1,0
BRDA:8,11,0,0
BRDA:8,11,1,0
BRDA:8,12,0,0
BRDA:8,12,1,0
BRDA:8,13,0,0
BRDA:8,13,1,0
BRDA:8,14,0,0
BRDA:8,14,1,0
BRDA:10,15,0,0
BRDA:10,15,1,0
BRDA:16,16,0,0
BRDA:16,16,1,0
BRF:35
BRH:0
end_of_record
TN:
SF:/Users/joelbarbosa/workspace/mobile/mobile-wallet/app/native-base-theme/components/LunesLoginForm.js
FN:1,(anonymous_0)
FN:1,defineProperties
FN:1,(anonymous_2)
FN:17,_interopRequireDefault
FN:17,_classCallCheck
FN:17,_possibleConstructorReturn
FN:17,_inherits
FN:19,(anonymous_7)
FN:20,LunesLoginForm
FN:31,onSubmit
FN:47,renderFieldName
FN:59,onChangeText
FN:62,onSubmitEditing
FN:69,renderFieldConfirmPassword
FN:80,onChangeText
FN:81,ref
FN:91,getTextButton
FN:97,checkButtonIsDisabled
FN:116,renderDisabledButton
FN:125,renderHelpPasswordExample
FN:146,invalidPasswordMatch
FN:150,renderErrorConfirmPassword
FN:172,renderPasswordValidate
FN:202,renderEyePassword
FN:208,onPress
FN:221,renderButtonSubmit
FN:228,onPress
FN:233,render
FN:247,onChangeText
FN:248,onSubmitEditing
FN:250,ref
FN:263,onChangeText
FN:264,ref
FN:267,onSubmitEditing
FNF:34
FNH:0
FNDA:0,(anonymous_0)
FNDA:0,defineProperties
FNDA:0,(anonymous_2)
FNDA:0,_interopRequireDefault
FNDA:0,_classCallCheck
FNDA:0,_possibleConstructorReturn
FNDA:0,_inherits
FNDA:0,(anonymous_7)
FNDA:0,LunesLoginForm
FNDA:0,onSubmit
FNDA:0,renderFieldName
FNDA:0,onChangeText
FNDA:0,onSubmitEditing
FNDA:0,renderFieldConfirmPassword
FNDA:0,onChangeText
FNDA:0,ref
FNDA:0,getTextButton
FNDA:0,checkButtonIsDisabled
FNDA:0,renderDisabledButton
FNDA:0,renderHelpPasswordExample
FNDA:0,invalidPasswordMatch
FNDA:0,renderErrorConfirmPassword
FNDA:0,renderPasswordValidate
FNDA:0,renderEyePassword
FNDA:0,onPress
FNDA:0,renderButtonSubmit
FNDA:0,onPress
FNDA:0,render
FNDA:0,onChangeText
FNDA:0,onSubmitEditing
FNDA:0,ref
FNDA:0,onChangeText
FNDA:0,ref
FNDA:0,onSubmitEditing
DA:1,0
DA:3,0
DA:4,0
DA:12,0
DA:13,0
DA:14,0
DA:15,0
DA:16,0
DA:17,0
DA:19,0
DA:20,0
DA:22,0
DA:29,0
DA:31,0
DA:34,0
DA:35,0
DA:36,0
DA:38,0
DA:39,0
DA:40,0
DA:42,0
DA:43,0
DA:44,0
DA:46,0
DA:49,0
DA:50,0
DA:51,0
DA:59,0
DA:62,0
DA:68,0
DA:71,0
DA:72,0
DA:73,0
DA:80,0
DA:81,0
DA:90,0
DA:94,0
DA:100,0
DA:107,0
DA:108,0
DA:113,0
DA:115,0
DA:119,0
DA:120,0
DA:131,0
DA:136,0
DA:145,0
DA:149,0
DA:156,0
DA:162,0
DA:171,0
DA:175,0
DA:181,0
DA:188,0
DA:193,0
DA:201,0
DA:204,0
DA:205,0
DA:208,0
DA:223,0
DA:224,0
DA:226,0
DA:228,0
DA:235,0
DA:236,0
DA:247,0
DA:248,0
DA:250,0
DA:263,0
DA:264,0
DA:268,0
DA:269,0
DA:288,0
DA:291,0
LF:74
LH:0
BRDA:1,0,0,0
BRDA:1,0,1,0
BRDA:1,1,0,0
BRDA:1,1,1,0
BRDA:1,2,0,0
BRDA:1,2,1,0
BRDA:1,3,0,0
BRDA:1,3,1,0
BRDA:17,4,0,0
BRDA:17,4,1,0
BRDA:17,5,0,0
BRDA:17,5,1,0
BRDA:17,6,0,0
BRDA:17,6,1,0
BRDA:17,7,0,0
BRDA:17,7,1,0
BRDA:17,8,0,0
BRDA:17,8,1,0
BRDA:17,9,0,0
BRDA:17,9,1,0
BRDA:17,9,2,0
BRDA:17,10,0,0
BRDA:17,10,1,0
BRDA:17,11,0,0
BRDA:17,11,1,0
BRDA:17,12,0,0
BRDA:17,12,1,0
BRDA:17,13,0,0
BRDA:17,13,1,0
BRDA:17,14,0,0
BRDA:17,14,1,0
BRDA:20,15,0,0
BRDA:20,15,1,0
BRDA:34,16,0,0
BRDA:34,16,1,0
BRDA:34,17,0,0
BRDA:34,17,1,0
BRDA:38,18,0,0
BRDA:38,18,1,0
BRDA:38,19,0,0
BRDA:38,19,1,0
BRDA:42,20,0,0
BRDA:42,20,1,0
BRDA:50,21,0,0
BRDA:50,21,1,0
BRDA:72,22,0,0
BRDA:72,22,1,0
BRDA:94,23,0,0
BRDA:94,23,1,0
BRDA:100,24,0,0
BRDA:100,24,1,0
BRDA:101,25,0,0
BRDA:101,25,1,0
BRDA:101,25,2,0
BRDA:101,25,3,0
BRDA:101,25,4,0
BRDA:108,26,0,0
BRDA:108,26,1,0
BRDA:109,27,0,0
BRDA:109,27,1,0
BRDA:109,27,2,0
BRDA:131,28,0,0
BRDA:131,28,1,0
BRDA:132,29,0,0
BRDA:132,29,1,0
BRDA:132,29,2,0
BRDA:156,30,0,0
BRDA:156,30,1,0
BRDA:157,31,0,0
BRDA:157,31,1,0
BRDA:157,31,2,0
BRDA:157,31,3,0
BRDA:175,32,0,0
BRDA:175,32,1,0
BRDA:176,33,0,0
BRDA:176,33,1,0
BRDA:176,33,2,0
BRDA:176,33,3,0
BRDA:188,34,0,0
BRDA:188,34,1,0
BRDA:189,35,0,0
BRDA:189,35,1,0
BRDA:189,35,2,0
BRDA:212,36,0,0
BRDA:212,36,1,0
BRDA:268,37,0,0
BRDA:268,37,1,0
BRF:87
BRH:0
end_of_record
TN:
SF:/Users/joelbarbosa/workspace/mobile/mobile-wallet/app/native-base-theme/components/LunesLogo.js
FN:1,(anonymous_0)
FN:1,defineProperties
FN:1,(anonymous_2)
FN:7,_interopRequireDefault
FN:7,_classCallCheck
FN:7,_possibleConstructorReturn
FN:7,_inherits
FN:9,(anonymous_7)
FN:9,LunesLogo
FN:9,render
FNF:10
FNH:0
FNDA:0,(anonymous_0)
FNDA:0,defineProperties
FNDA:0,(anonymous_2)
FNDA:0,_interopRequireDefault
FNDA:0,_classCallCheck
FNDA:0,_possibleConstructorReturn
FNDA:0,_inherits
FNDA:0,(anonymous_7)
FNDA:0,LunesLogo
FNDA:0,render
DA:1,0
DA:4,0
DA:5,0
DA:6,0
DA:7,0
DA:9,0
DA:11,0
DA:12,0
DA:13,0
DA:15,0
DA:22,0
DA:25,0
LF:12
LH:0
BRDA:1,0,0,0
BRDA:1,0,1,0
BRDA:1,1,0,0
BRDA:1,1,1,0
BRDA:1,2,0,0
BRDA:1,2,1,0
BRDA:1,3,0,0
BRDA:1,3,1,0
BRDA:7,4,0,0
BRDA:7,4,1,0
BRDA:7,5,0,0
BRDA:7,5,1,0
BRDA:7,6,0,0
BRDA:7,6,1,0
BRDA:7,7,0,0
BRDA:7,7,1,0
BRDA:7,8,0,0
BRDA:7,8,1,0
BRDA:7,9,0,0
BRDA:7,9,1,0
BRDA:7,9,2,0
BRDA:7,10,0,0
BRDA:7,10,1,0
BRDA:7,11,0,0
BRDA:7,11,1,0
BRDA:7,12,0,0
BRDA:7,12,1,0
BRDA:7,13,0,0
BRDA:7,13,1,0
BRDA:7,14,0,0
BRDA:7,14,1,0
BRDA:9,15,0,0
BRDA:9,15,1,0
BRDA:12,16,0,0
BRDA:12,16,1,0
BRF:35
BRH:0
end_of_record
TN:
SF:/Users/joelbarbosa/workspace/mobile/mobile-wallet/app/native-base-theme/components/LunesPIN.js
FN:1,(anonymous_0)
FN:1,defineProperties
FN:1,(anonymous_2)
FN:20,_interopRequireDefault
FN:20,_classCallCheck
FN:20,_possibleConstructorReturn
FN:20,_inherits
FN:22,(anonymous_7)
FN:23,LunesPIN
FN:35,onChangeInputValue
FN:47,onDeleteInputValue
FN:59,onSavePIN
FN:78,renderInput1
FN:103,renderInput2
FN:128,renderInput3
FN:153,renderInput4
FN:178,renderKeyboardGreen
FN:190,renderKeyboardInput
FN:197,onPress
FN:205,render
FN:260,onPress
FN:273,onPress
FNF:22
FNH:0
FNDA:0,(anonymous_0)
FNDA:0,defineProperties
FNDA:0,(anonymous_2)
FNDA:0,_interopRequireDefault
FNDA:0,_classCallCheck
FNDA:0,_possibleConstructorReturn
FNDA:0,_inherits
FNDA:0,(anonymous_7)
FNDA:0,LunesPIN
FNDA:0,onChangeInputValue
FNDA:0,onDeleteInputValue
FNDA:0,onSavePIN
FNDA:0,renderInput1
FNDA:0,renderInput2
FNDA:0,renderInput3
FNDA:0,renderInput4
FNDA:0,renderKeyboardGreen
FNDA:0,renderKeyboardInput
FNDA:0,onPress
FNDA:0,render
FNDA:0,onPress
FNDA:0,onPress
DA:1,0
DA:4,0
DA:5,0
DA:13,0
DA:14,0
DA:15,0
DA:16,0
DA:17,0
DA:18,0
DA:19,0
DA:20,0
DA:22,0
DA:23,0
DA:25,0
DA:33,0
DA:35,0
DA:38,0
DA:39,0
DA:40,0
DA:41,0
DA:42,0
DA:43,0
DA:44,0
DA:45,0
DA:50,0
DA:51,0
DA:52,0
DA:53,0
DA:54,0
DA:55,0
DA:56,0
DA:57,0
DA:62,0
DA:63,0
DA:64,0
DA:66,0
DA:67,0
DA:68,0
DA:69,0
DA:70,0
DA:71,0
DA:72,0
DA:73,0
DA:74,0
DA:76,0
DA:81,0
DA:82,0
DA:93,0
DA:106,0
DA:107,0
DA:118,0
DA:131,0
DA:132,0
DA:143,0
DA:156,0
DA:157,0
DA:168,0
DA:181,0
DA:187,0
DA:189,0
DA:192,0
DA:193,0
DA:198,0
DA:207,0
DA:208,0
DA:261,0
DA:274,0
DA:287,0
DA:290,0
LF:69
LH:0
BRDA:1,0,0,0
BRDA:1,0,1,0
BRDA:1,1,0,0
BRDA:1,1,1,0
BRDA:1,2,0,0
BRDA:1,2,1,0
BRDA:1,3,0,0
BRDA:1,3,1,0
BRDA:20,4,0,0
BRDA:20,4,1,0
BRDA:20,5,0,0
BRDA:20,5,1,0
BRDA:20,6,0,0
BRDA:20,6,1,0
BRDA:20,7,0,0
BRDA:20,7,1,0
BRDA:20,8,0,0
BRDA:20,8,1,0
BRDA:20,9,0,0
BRDA:20,9,1,0
BRDA:20,9,2,0
BRDA:20,10,0,0
BRDA:20,10,1,0
BRDA:20,11,0,0
BRDA:20,11,1,0
BRDA:20,12,0,0
BRDA:20,12,1,0
BRDA:20,13,0,0
BRDA:20,13,1,0
BRDA:20,14,0,0
BRDA:20,14,1,0
BRDA:23,15,0,0
BRDA:23,15,1,0
BRDA:38,16,0,0
BRDA:38,16,1,0
BRDA:40,17,0,0
BRDA:40,17,1,0
BRDA:42,18,0,0
BRDA:42,18,1,0
BRDA:44,19,0,0
BRDA:44,19,1,0
BRDA:50,20,0,0
BRDA:50,20,1,0
BRDA:52,21,0,0
BRDA:52,21,1,0
BRDA:54,22,0,0
BRDA:54,22,1,0
BRDA:56,23,0,0
BRDA:56,23,1,0
BRDA:62,24,0,0
BRDA:62,24,1,0
BRDA:66,25,0,0
BRDA:66,25,1,0
BRDA:69,26,0,0
BRDA:69,26,1,0
BRDA:72,27,0,0
BRDA:72,27,1,0
BRDA:81,28,0,0
BRDA:81,28,1,0
BRDA:106,29,0,0
BRDA:106,29,1,0
BRDA:131,30,0,0
BRDA:131,30,1,0
BRDA:156,31,0,0
BRDA:156,31,1,0
BRDA:181,32,0,0
BRDA:181,32,1,0
BRDA:182,33,0,0
BRDA:182,33,1,0
BRDA:182,33,2,0
BRDA:182,33,3,0
BRDA:222,34,0,0
BRDA:222,34,1,0
BRF:73
BRH:0
end_of_record
TN:
SF:/Users/joelbarbosa/workspace/mobile/mobile-wallet/app/native-base-theme/components/LunesPaymentButton.js
FN:1,(anonymous_0)
FN:1,defineProperties
FN:1,(anonymous_2)
FN:21,_interopRequireDefault
FN:21,_classCallCheck
FN:21,_possibleConstructorReturn
FN:21,_inherits
FN:26,(anonymous_7)
FN:27,LunesPaymentButton
FN:32,onPress
FN:38,redirect
FN:42,renderOpenedButton
FN:54,onPress
FN:64,onPress
FN:74,onPress
FN:85,onPress
FN:99,onPress
FN:114,renderClosedButton
FN:120,onPress
FN:131,render
FNF:20
FNH:0
FNDA:0,(anonymous_0)
FNDA:0,defineProperties
FNDA:0,(anonymous_2)
FNDA:0,_interopRequireDefault
FNDA:0,_classCallCheck
FNDA:0,_possibleConstructorReturn
FNDA:0,_inherits
FNDA:0,(anonymous_7)
FNDA:0,LunesPaymentButton
FNDA:0,onPress
FNDA:0,redirect
FNDA:0,renderOpenedButton
FNDA:0,onPress
FNDA:0,onPress
FNDA:0,onPress
FNDA:0,onPress
FNDA:0,onPress
FNDA:0,renderClosedButton
FNDA:0,onPress
FNDA:0,render
DA:1,0
DA:4,0
DA:5,0
DA:13,0
DA:14,0
DA:15,0
DA:16,0
DA:17,0
DA:18,0
DA:19,0
DA:20,0
DA:21,0
DA:26,0
DA:27,0
DA:29,0
DA:30,0
DA:32,0
DA:35,0
DA:41,0
DA:44,0
DA:45,0
DA:46,0
DA:47,0
DA:54,0
DA:64,0
DA:74,0
DA:85,0
DA:99,0
DA:113,0
DA:116,0
DA:117,0
DA:118,0
DA:120,0
DA:130,0
DA:134,0
DA:140,0
DA:143,0
LF:37
LH:0
BRDA:1,0,0,0
BRDA:1,0,1,0
BRDA:1,1,0,0
BRDA:1,1,1,0
BRDA:1,2,0,0
BRDA:1,2,1,0
BRDA:1,3,0,0
BRDA:1,3,1,0
BRDA:21,4,0,0
BRDA:21,4,1,0
BRDA:21,5,0,0
BRDA:21,5,1,0
BRDA:21,6,0,0
BRDA:21,6,1,0
BRDA:21,7,0,0
BRDA:21,7,1,0
BRDA:21,8,0,0
BRDA:21,8,1,0
BRDA:21,9,0,0
BRDA:21,9,1,0
BRDA:21,9,2,0
BRDA:21,10,0,0
BRDA:21,10,1,0
BRDA:21,11,0,0
BRDA:21,11,1,0
BRDA:21,12,0,0
BRDA:21,12,1,0
BRDA:21,13,0,0
BRDA:21,13,1,0
BRDA:21,14,0,0
BRDA:21,14,1,0
BRDA:27,15,0,0
BRDA:27,15,1,0
BRDA:45,16,0,0
BRDA:45,16,1,0
BRDA:117,17,0,0
BRDA:117,17,1,0
BRF:37
BRH:0
end_of_record
TN:
SF:/Users/joelbarbosa/workspace/mobile/mobile-wallet/app/native-base-theme/components/LunesPickerCountry.js
FN:1,(anonymous_0)
FN:1,defineProperties
FN:1,(anonymous_2)
FN:10,_interopRequireDefault
FN:10,_classCallCheck
FN:10,_possibleConstructorReturn
FN:10,_inherits
FN:12,(anonymous_7)
FN:13,LunesPickerCountry
FN:36,onValueChange
FN:43,(anonymous_10)
FN:48,renderCountries
FN:51,(anonymous_12)
FN:58,renderFlag
FN:69,render
FNF:15
FNH:0
FNDA:0,(anonymous_0)
FNDA:0,defineProperties
FNDA:0,(anonymous_2)
FNDA:0,_interopRequireDefault
FNDA:0,_classCallCheck
FNDA:0,_possibleConstructorReturn
FNDA:0,_inherits
FNDA:0,(anonymous_7)
FNDA:0,LunesPickerCountry
FNDA:0,onValueChange
FNDA:0,(anonymous_10)
FNDA:0,renderCountries
FNDA:0,(anonymous_12)
FNDA:0,renderFlag
FNDA:0,render
DA:1,0
DA:4,0
DA:5,0
DA:6,0
DA:7,0
DA:8,0
DA:9,0
DA:10,0
DA:12,0
DA:13,0
DA:15,0
DA:31,0
DA:34,0
DA:36,0
DA:39,0
DA:40,0
DA:42,0
DA:43,0
DA:45,0
DA:51,0
DA:61,0
DA:72,0
DA:73,0
DA:86,0
DA:89,0
LF:25
LH:0
BRDA:1,0,0,0
BRDA:1,0,1,0
BRDA:1,1,0,0
BRDA:1,1,1,0
BRDA:1,2,0,0
BRDA:1,2,1,0
BRDA:1,3,0,0
BRDA:1,3,1,0
BRDA:10,4,0,0
BRDA:10,4,1,0
BRDA:10,5,0,0
BRDA:10,5,1,0
BRDA:10,6,0,0
BRDA:10,6,1,0
BRDA:10,7,0,0
BRDA:10,7,1,0
BRDA:10,8,0,0
BRDA:10,8,1,0
BRDA:10,9,0,0
BRDA:10,9,1,0
BRDA:10,9,2,0
BRDA:10,10,0,0
BRDA:10,10,1,0
BRDA:10,11,0,0
BRDA:10,11,1,0
BRDA:10,12,0,0
BRDA:10,12,1,0
BRDA:10,13,0,0
BRDA:10,13,1,0
BRDA:10,14,0,0
BRDA:10,14,1,0
BRDA:13,15,0,0
BRDA:13,15,1,0
BRDA:34,16,0,0
BRDA:34,16,1,0
BRDA:39,17,0,0
BRDA:39,17,1,0
BRDA:97,18,0,0
BRDA:97,18,1,0
BRF:39
BRH:0
end_of_record
TN:
SF:/Users/joelbarbosa/workspace/mobile/mobile-wallet/app/native-base-theme/components/LunesQuotation.js
FN:1,(anonymous_0)
FN:1,defineProperties
FN:1,(anonymous_2)
FN:18,_interopRequireDefault
FN:18,_classCallCheck
FN:18,_possibleConstructorReturn
FN:18,_inherits
FN:20,(anonymous_7)
FN:21,LunesQuotation
FN:24,componentDidMount
FN:28,renderImage
FN:42,spin
FN:51,stopSpin
FN:55,renderContent
FN:91,render
FN:99,(anonymous_15)
FNF:16
FNH:0
FNDA:0,(anonymous_0)
FNDA:0,defineProperties
FNDA:0,(anonymous_2)
FNDA:0,_interopRequireDefault
FNDA:0,_classCallCheck
FNDA:0,_possibleConstructorReturn
FNDA:0,_inherits
FNDA:0,(anonymous_7)
FNDA:0,LunesQuotation
FNDA:0,componentDidMount
FNDA:0,renderImage
FNDA:0,spin
FNDA:0,stopSpin
FNDA:0,renderContent
FNDA:0,render
FNDA:0,(anonymous_15)
DA:1,0
DA:2,0
DA:3,0
DA:12,0
DA:13,0
DA:17,0
DA:18,0
DA:20,0
DA:21,0
DA:23,0
DA:24,0
DA:27,0
DA:32,0
DA:34,0
DA:35,0
DA:36,0
DA:38,0
DA:39,0
DA:41,0
DA:45,0
DA:46,0
DA:54,0
DA:58,0
DA:59,0
DA:68,0
DA:69,0
DA:80,0
DA:81,0
DA:93,0
DA:94,0
DA:99,0
DA:100,0
DA:103,0
DA:120,0
DA:123,0
LF:35
LH:0
BRDA:1,0,0,0
BRDA:1,0,1,0
BRDA:1,1,0,0
BRDA:1,1,1,0
BRDA:1,2,0,0
BRDA:1,2,1,0
BRDA:1,3,0,0
BRDA:1,3,1,0
BRDA:18,4,0,0
BRDA:18,4,1,0
BRDA:18,5,0,0
BRDA:18,5,1,0
BRDA:18,6,0,0
BRDA:18,6,1,0
BRDA:18,7,0,0
BRDA:18,7,1,0
BRDA:18,8,0,0
BRDA:18,8,1,0
BRDA:18,9,0,0
BRDA:18,9,1,0
BRDA:18,9,2,0
BRDA:18,10,0,0
BRDA:18,10,1,0
BRDA:18,11,0,0
BRDA:18,11,1,0
BRDA:18,12,0,0
BRDA:18,12,1,0
BRDA:18,13,0,0
BRDA:18,13,1,0
BRDA:18,14,0,0
BRDA:18,14,1,0
BRDA:21,15,0,0
BRDA:21,15,1,0
BRDA:35,16,0,0
BRDA:35,16,1,0
BRDA:35,17,0,0
BRDA:35,17,1,0
BRDA:38,18,0,0
BRDA:38,18,1,0
BRDA:38,19,0,0
BRDA:38,19,1,0
BRDA:58,20,0,0
BRDA:58,20,1,0
BRDA:68,21,0,0
BRDA:68,21,1,0
BRDA:80,22,0,0
BRDA:80,22,1,0
BRF:47
BRH:0
end_of_record
TN:
SF:/Users/joelbarbosa/workspace/mobile/mobile-wallet/app/native-base-theme/components/LunesScreenNotification.js
FN:1,(anonymous_0)
FN:1,defineProperties
FN:1,(anonymous_2)
FN:21,_interopRequireDefault
FN:21,_classCallCheck
FN:21,_possibleConstructorReturn
FN:21,_inherits
FN:23,(anonymous_7)
FN:23,LunesScreenNotification
FN:23,render
FNF:10
FNH:0
FNDA:0,(anonymous_0)
FNDA:0,defineProperties
FNDA:0,(anonymous_2)
FNDA:0,_interopRequireDefault
FNDA:0,_classCallCheck
FNDA:0,_possibleConstructorReturn
FNDA:0,_inherits
FNDA:0,(anonymous_7)
FNDA:0,LunesScreenNotification
FNDA:0,render
DA:1,0
DA:4,0
DA:5,0
DA:13,0
DA:14,0
DA:15,0
DA:16,0
DA:17,0
DA:18,0
DA:19,0
DA:20,0
DA:21,0
DA:23,0
DA:25,0
DA:49,0
DA:52,0
LF:16
LH:0
BRDA:1,0,0,0
BRDA:1,0,1,0
BRDA:1,1,0,0
BRDA:1,1,1,0
BRDA:1,2,0,0
BRDA:1,2,1,0
BRDA:1,3,0,0
BRDA:1,3,1,0
BRDA:21,4,0,0
BRDA:21,4,1,0
BRDA:21,5,0,0
BRDA:21,5,1,0
BRDA:21,6,0,0
BRDA:21,6,1,0
BRDA:21,7,0,0
BRDA:21,7,1,0
BRDA:21,8,0,0
BRDA:21,8,1,0
BRDA:21,9,0,0
BRDA:21,9,1,0
BRDA:21,9,2,0
BRDA:21,10,0,0
BRDA:21,10,1,0
BRDA:21,11,0,0
BRDA:21,11,1,0
BRDA:21,12,0,0
BRDA:21,12,1,0
BRDA:21,13,0,0
BRDA:21,13,1,0
BRDA:21,14,0,0
BRDA:21,14,1,0
BRDA:23,15,0,0
BRDA:23,15,1,0
BRF:33
BRH:0
end_of_record
TN:
SF:/Users/joelbarbosa/workspace/mobile/mobile-wallet/app/native-base-theme/components/LunesSupport.js
FN:1,(anonymous_0)
FN:1,defineProperties
FN:1,(anonymous_2)
FN:11,_interopRequireDefault
FN:11,_classCallCheck
FN:11,_possibleConstructorReturn
FN:11,_inherits
FN:13,(anonymous_7)
FN:14,LunesSupport
FN:16,render
FN:23,onPress
FNF:11
FNH:0
FNDA:0,(anonymous_0)
FNDA:0,defineProperties
FNDA:0,(anonymous_2)
FNDA:0,_interopRequireDefault
FNDA:0,_classCallCheck
FNDA:0,_possibleConstructorReturn
FNDA:0,_inherits
FNDA:0,(anonymous_7)
FNDA:0,LunesSupport
FNDA:0,render
FNDA:0,onPress
DA:1,0
DA:2,0
DA:3,0
DA:10,0
DA:11,0
DA:13,0
DA:14,0
DA:16,0
DA:19,0
DA:24,0
DA:32,0
DA:35,0
LF:12
LH:0
BRDA:1,0,0,0
BRDA:1,0,1,0
BRDA:1,1,0,0
BRDA:1,1,1,0
BRDA:1,2,0,0
BRDA:1,2,1,0
BRDA:1,3,0,0
BRDA:1,3,1,0
BRDA:11,4,0,0
BRDA:11,4,1,0
BRDA:11,5,0,0
BRDA:11,5,1,0
BRDA:11,6,0,0
BRDA:11,6,1,0
BRDA:11,7,0,0
BRDA:11,7,1,0
BRDA:11,8,0,0
BRDA:11,8,1,0
BRDA:11,9,0,0
BRDA:11,9,1,0
BRDA:11,9,2,0
BRDA:11,10,0,0
BRDA:11,10,1,0
BRDA:11,11,0,0
BRDA:11,11,1,0
BRDA:11,12,0,0
BRDA:11,12,1,0
BRDA:11,13,0,0
BRDA:11,13,1,0
BRDA:11,14,0,0
BRDA:11,14,1,0
BRDA:14,15,0,0
BRDA:14,15,1,0
BRF:33
BRH:0
end_of_record
TN:
SF:/Users/joelbarbosa/workspace/mobile/mobile-wallet/app/native-base-theme/components/LunesSwiper.js
FN:1,(anonymous_0)
FN:1,defineProperties
FN:1,(anonymous_2)
FN:4,_interopRequireDefault
FN:4,_classCallCheck
FN:4,_possibleConstructorReturn
FN:4,_inherits
FN:8,(anonymous_7)
FN:8,LunesSwiper
FN:17,componentWillMount
FN:17,(anonymous_10)
FN:17,render
FN:43,(anonymous_12)
FN:65,(anonymous_13)
FN:84,(anonymous_14)
FNF:15
FNH:0
FNDA:0,(anonymous_0)
FNDA:0,defineProperties
FNDA:0,(anonymous_2)
FNDA:0,_interopRequireDefault
FNDA:0,_classCallCheck
FNDA:0,_possibleConstructorReturn
FNDA:0,_inherits
FNDA:0,(anonymous_7)
FNDA:0,LunesSwiper
FNDA:0,componentWillMount
FNDA:0,(anonymous_10)
FNDA:0,render
FNDA:0,(anonymous_12)
FNDA:0,(anonymous_13)
FNDA:0,(anonymous_14)
DA:1,0
DA:2,0
DA:3,0
DA:4,0
DA:6,0
DA:8,0
DA:17,0
DA:19,0
DA:20,0
DA:21,0
DA:23,0
DA:27,0
DA:43,0
DA:65,0
DA:84,0
DA:103,0
DA:106,0
LF:17
LH:0
BRDA:1,0,0,0
BRDA:1,0,1,0
BRDA:1,1,0,0
BRDA:1,1,1,0
BRDA:1,2,0,0
BRDA:1,2,1,0
BRDA:1,3,0,0
BRDA:1,3,1,0
BRDA:4,4,0,0
BRDA:4,4,1,0
BRDA:4,5,0,0
BRDA:4,5,1,0
BRDA:4,6,0,0
BRDA:4,6,1,0
BRDA:4,7,0,0
BRDA:4,7,1,0
BRDA:4,8,0,0
BRDA:4,8,1,0
BRDA:4,9,0,0
BRDA:4,9,1,0
BRDA:4,9,2,0
BRDA:4,10,0,0
BRDA:4,10,1,0
BRDA:4,11,0,0
BRDA:4,11,1,0
BRDA:4,12,0,0
BRDA:4,12,1,0
BRDA:4,13,0,0
BRDA:4,13,1,0
BRDA:4,14,0,0
BRDA:4,14,1,0
BRDA:8,15,0,0
BRDA:8,15,1,0
BRDA:49,16,0,0
BRDA:49,16,1,0
BRDA:51,17,0,0
BRDA:51,17,1,0
BRDA:63,18,0,0
BRDA:63,18,1,0
BRDA:73,19,0,0
BRDA:73,19,1,0
BRDA:82,20,0,0
BRDA:82,20,1,0
BRDA:92,21,0,0
BRDA:92,21,1,0
BRF:45
BRH:0
end_of_record
TN:
SF:/Users/joelbarbosa/workspace/mobile/mobile-wallet/app/native-base-theme/components/LunesTabCoins.js
FN:1,(anonymous_0)
FN:1,defineProperties
FN:1,(anonymous_2)
FN:9,_interopRequireDefault
FN:9,_classCallCheck
FN:9,_possibleConstructorReturn
FN:9,_inherits
FN:11,(anonymous_7)
FN:12,LunesTabCoin
FN:15,componentDidMount
FN:19,spring
FN:27,renderBorder
FN:38,renderTabs
FN:43,(anonymous_13)
FN:70,onPress
FN:97,render
FNF:16
FNH:0
FNDA:0,(anonymous_0)
FNDA:0,defineProperties
FNDA:0,(anonymous_2)
FNDA:0,_interopRequireDefault
FNDA:0,_classCallCheck
FNDA:0,_possibleConstructorReturn
FNDA:0,_inherits
FNDA:0,(anonymous_7)
FNDA:0,LunesTabCoin
FNDA:0,componentDidMount
FNDA:0,spring
FNDA:0,renderBorder
FNDA:0,renderTabs
FNDA:0,(anonymous_13)
FNDA:0,onPress
FNDA:0,render
DA:1,0
DA:2,0
DA:3,0
DA:4,0
DA:5,0
DA:6,0
DA:7,0
DA:8,0
DA:9,0
DA:11,0
DA:12,0
DA:14,0
DA:15,0
DA:18,0
DA:22,0
DA:23,0
DA:30,0
DA:31,0
DA:32,0
DA:37,0
DA:40,0
DA:41,0
DA:42,0
DA:43,0
DA:44,0
DA:45,0
DA:46,0
DA:47,0
DA:48,0
DA:49,0
DA:50,0
DA:53,0
DA:54,0
DA:57,0
DA:60,0
DA:62,0
DA:71,0
DA:76,0
DA:79,0
DA:93,0
DA:96,0
DA:100,0
DA:112,0
LF:43
LH:0
BRDA:1,0,0,0
BRDA:1,0,1,0
BRDA:1,1,0,0
BRDA:1,1,1,0
BRDA:1,2,0,0
BRDA:1,2,1,0
BRDA:1,3,0,0
BRDA:1,3,1,0
BRDA:9,4,0,0
BRDA:9,4,1,0
BRDA:9,5,0,0
BRDA:9,5,1,0
BRDA:9,6,0,0
BRDA:9,6,1,0
BRDA:9,7,0,0
BRDA:9,7,1,0
BRDA:9,8,0,0
BRDA:9,8,1,0
BRDA:9,9,0,0
BRDA:9,9,1,0
BRDA:9,9,2,0
BRDA:9,10,0,0
BRDA:9,10,1,0
BRDA:9,11,0,0
BRDA:9,11,1,0
BRDA:9,12,0,0
BRDA:9,12,1,0
BRDA:9,13,0,0
BRDA:9,13,1,0
BRDA:9,14,0,0
BRDA:9,14,1,0
BRDA:12,15,0,0
BRDA:12,15,1,0
BRDA:31,16,0,0
BRDA:31,16,1,0
BRDA:42,17,0,0
BRDA:42,17,1,0
BRDA:44,18,0,0
BRDA:44,18,1,0
BRDA:48,19,0,0
BRDA:48,19,1,0
BRDA:49,20,0,0
BRDA:49,20,1,0
BRDA:53,21,0,0
BRDA:53,21,1,0
BRDA:57,22,0,0
BRDA:57,22,1,0
BRDA:71,23,0,0
BRDA:71,23,1,0
BRDA:72,24,0,0
BRDA:72,24,1,0
BRDA:72,24,2,0
BRDA:79,25,0,0
BRDA:79,25,1,0
BRF:54
BRH:0
end_of_record
TN:
SF:/Users/joelbarbosa/workspace/mobile/mobile-wallet/app/native-base-theme/components/LunesTabCoinsKPI.js
FN:7,_interopRequireDefault
FN:9,renderIconKPI
FN:11,renderFontSizeKPI
FN:21,LunesTabCoinsKPI
FNF:4
FNH:0
FNDA:0,_interopRequireDefault
FNDA:0,renderIconKPI
FNDA:0,renderFontSizeKPI
FNDA:0,LunesTabCoinsKPI
DA:1,0
DA:2,0
DA:3,0
DA:4,0
DA:5,0
DA:6,0
DA:7,0
DA:9,0
DA:11,0
DA:12,0
DA:13,0
DA:18,0
DA:21,0
DA:28,0
DA:32,0
LF:15
LH:0
BRDA:7,0,0,0
BRDA:7,0,1,0
BRDA:7,1,0,0
BRDA:7,1,1,0
BRDA:12,2,0,0
BRDA:12,2,1,0
BRF:6
BRH:0
end_of_record
TN:
SF:/Users/joelbarbosa/workspace/mobile/mobile-wallet/app/native-base-theme/components/LunesTabCoinsPrice.js
FN:7,_interopRequireDefault
FN:9,renderColorPrice
FN:18,LunesTabCoinsPrice
FNF:3
FNH:0
FNDA:0,_interopRequireDefault
FNDA:0,renderColorPrice
FNDA:0,LunesTabCoinsPrice
DA:1,0
DA:2,0
DA:3,0
DA:4,0
DA:5,0
DA:6,0
DA:7,0
DA:9,0
DA:10,0
DA:11,0
[...]
FN:1,(anonymous_2)
FN:18,_interopRequireWildcard
FN:18,_interopRequireDefault
FN:18,_objectWithoutProperties
FN:18,_classCallCheck
FN:18,_possibleConstructorReturn
FN:18,_inherits
FN:22,(anonymous_9)
FN:22,Signin
FN:22,render
FN:28,TooltipTop
FN:33,onPress
FN:64,TooltipBottom
FN:69,onPress
FN:104,HorizontalLineTop
FN:117,HorizontalLineBottom
FN:146,renderExtra
FN:152,renderDecorator
FN:162,renderGradient
FNF:21
FNH:0
FNDA:0,(anonymous_0)
FNDA:0,defineProperties
FNDA:0,(anonymous_2)
FNDA:0,_interopRequireWildcard
FNDA:0,_interopRequireDefault
FNDA:0,_objectWithoutProperties
FNDA:0,_classCallCheck
FNDA:0,_possibleConstructorReturn
FNDA:0,_inherits
FNDA:0,(anonymous_9)
FNDA:0,Signin
FNDA:0,render
FNDA:0,TooltipTop
FNDA:0,onPress
FNDA:0,TooltipBottom
FNDA:0,onPress
FNDA:0,HorizontalLineTop
FNDA:0,HorizontalLineBottom
FNDA:0,renderExtra
FNDA:0,renderDecorator
FNDA:0,renderGradient
DA:1,0
DA:2,0
DA:3,0
DA:4,0
DA:5,0
DA:6,0
DA:15,0
DA:16,0
DA:17,0
DA:18,0
DA:20,0
DA:22,0
DA:24,0
DA:25,0
DA:26,0
DA:28,0
DA:33,0
DA:64,0
DA:69,0
DA:104,0
DA:117,0
DA:130,0
DA:146,0
DA:152,0
DA:162,0
DA:180,0
LF:26
LH:0
BRDA:1,0,0,0
BRDA:1,0,1,0
BRDA:1,1,0,0
BRDA:1,1,1,0
BRDA:1,2,0,0
BRDA:1,2,1,0
BRDA:1,3,0,0
BRDA:1,3,1,0
BRDA:18,4,0,0
BRDA:18,4,1,0
BRDA:18,5,0,0
BRDA:18,5,1,0
BRDA:18,6,0,0
BRDA:18,6,1,0
BRDA:18,7,0,0
BRDA:18,7,1,0
BRDA:18,8,0,0
BRDA:18,8,1,0
BRDA:18,9,0,0
BRDA:18,9,1,0
BRDA:18,10,0,0
BRDA:18,10,1,0
BRDA:18,11,0,0
BRDA:18,11,1,0
BRDA:18,12,0,0
BRDA:18,12,1,0
BRDA:18,13,0,0
BRDA:18,13,1,0
BRDA:18,14,0,0
BRDA:18,14,1,0
BRDA:18,15,0,0
BRDA:18,15,1,0
BRDA:18,15,2,0
BRDA:18,16,0,0
BRDA:18,16,1,0
BRDA:18,17,0,0
BRDA:18,17,1,0
BRDA:18,18,0,0
BRDA:18,18,1,0
BRDA:18,19,0,0
BRDA:18,19,1,0
BRDA:18,20,0,0
BRDA:18,20,1,0
BRDA:22,21,0,0
BRDA:22,21,1,0
BRF:45
BRH:0
end_of_record
TN:
SF:/Users/joelbarbosa/workspace/mobile/mobile-wallet/app/screens/Signin/SigninContainer.js
FN:12,_interopRequireDefault
FN:14,handleConnectionError
FN:17,mapStateToProps
FN:29,mapDispatchToProps
FNF:4
FNH:0
FNDA:0,_interopRequireDefault
FNDA:0,handleConnectionError
FNDA:0,mapStateToProps
FNDA:0,mapDispatchToProps
DA:1,0
DA:2,0
DA:3,0
DA:10,0
DA:12,0
DA:14,0
DA:17,0
DA:29,0
DA:38,0
LF:9
LH:0
BRDA:12,0,0,0
BRDA:12,0,1,0
BRDA:12,1,0,0
BRDA:12,1,1,0
BRDA:15,2,0,0
BRDA:15,2,1,0
BRDA:23,3,0,0
BRDA:23,3,1,0
BRDA:26,4,0,0
BRDA:26,4,1,0
BRF:10
BRH:0
end_of_record
TN:
SF:/Users/joelbarbosa/workspace/mobile/mobile-wallet/app/screens/Signin/actions.js
FN:1,(anonymous_0)
FN:5,_interopRequireDefault
FN:7,signinLoading
FN:11,signinSuccess
FN:16,signinError
FN:21,requestLoading
FN:25,requestFinished
FN:29,storeUser
FN:34,signupLoading
FN:38,signupSuccess
FN:43,signupError
FN:48,signoutLoading
FN:52,signoutSuccess
FN:56,signoutError
FN:61,storeAddress
FN:66,clearError
FN:71,login
FN:71,login$
FN:90,requestLogin
FN:91,(anonymous_19)
FN:93,(anonymous_20)
FN:100,createUser
FN:100,createUser$
FN:120,requestSignup
FN:129,(anonymous_24)
FN:131,(anonymous_25)
FN:138,requestSignout
FN:138,(anonymous_27)
FNF:28
FNH:0
FNDA:0,(anonymous_0)
FNDA:0,_interopRequireDefault
FNDA:0,signinLoading
FNDA:0,signinSuccess
FNDA:0,signinError
FNDA:0,requestLoading
FNDA:0,requestFinished
FNDA:0,storeUser
FNDA:0,signupLoading
FNDA:0,signupSuccess
FNDA:0,signupError
FNDA:0,signoutLoading
FNDA:0,signoutSuccess
FNDA:0,signoutError
FNDA:0,storeAddress
FNDA:0,clearError
FNDA:0,login
FNDA:0,login$
FNDA:0,requestLogin
FNDA:0,(anonymous_19)
FNDA:0,(anonymous_20)
FNDA:0,createUser
FNDA:0,createUser$
FNDA:0,requestSignup
FNDA:0,(anonymous_24)
FNDA:0,(anonymous_25)
FNDA:0,requestSignout
FNDA:0,(anonymous_27)
DA:1,0
DA:2,0
DA:3,0
DA:4,0
DA:5,0
DA:7,0
DA:11,0
DA:16,0
DA:21,0
DA:25,0
DA:29,0
DA:34,0
DA:38,0
DA:43,0
DA:48,0
DA:52,0
DA:56,0
DA:61,0
DA:66,0
DA:71,0
DA:73,0
DA:74,0
DA:75,0
DA:76,0
DA:77,0
DA:78,0
DA:79,0
DA:80,0
DA:82,0
DA:83,0
DA:85,0
DA:90,0
DA:91,0
DA:92,0
DA:93,0
DA:94,0
DA:95,0
DA:100,0
DA:102,0
DA:103,0
DA:104,0
DA:105,0
DA:106,0
DA:107,0
DA:108,0
DA:109,0
DA:110,0
DA:112,0
DA:113,0
DA:115,0
DA:120,0
DA:121,0
DA:122,0
DA:129,0
DA:130,0
DA:131,0
DA:132,0
DA:133,0
DA:138,0
DA:139,0
DA:140,0
DA:141,0
DA:143,0
LF:63
LH:0
BRDA:1,0,0,0
BRDA:1,0,1,0
BRDA:1,1,0,0
BRDA:1,1,1,0
BRDA:5,2,0,0
BRDA:5,2,1,0
BRDA:5,3,0,0
BRDA:5,3,1,0
BRDA:43,4,0,0
BRDA:43,4,1,0
BRDA:43,5,0,0
BRDA:43,5,1,0
BRDA:71,6,0,0
BRDA:71,6,1,0
BRDA:71,6,2,0
BRDA:71,6,3,0
BRDA:71,6,4,0
BRDA:79,7,0,0
BRDA:79,7,1,0
BRDA:79,8,0,0
BRDA:79,8,1,0
BRDA:100,9,0,0
BRDA:100,9,1,0
BRDA:100,9,2,0
BRDA:100,9,3,0
BRDA:100,9,4,0
BRDA:103,10,0,0
BRDA:103,10,1,0
BRF:28
BRH:0
end_of_record
TN:
SF:/Users/joelbarbosa/workspace/mobile/mobile-wallet/app/screens/Signin/index.js
FN:8,_interopRequireDefault
FNF:1
FNH:0
FNDA:0,_interopRequireDefault
DA:1,0
DA:7,0
DA:8,0
DA:10,0
LF:4
LH:0
BRDA:8,0,0,0
BRDA:8,0,1,0
BRDA:8,1,0,0
BRDA:8,1,1,0
BRF:4
BRH:0
end_of_record
TN:
SF:/Users/joelbarbosa/workspace/mobile/mobile-wallet/app/screens/Signin/reducer.js
FN:1,(anonymous_0)
FN:1,_interopRequireDefault
FN:12,authReducer
FNF:3
FNH:0
FNDA:0,(anonymous_0)
FNDA:0,_interopRequireDefault
FNDA:0,authReducer
DA:1,0
DA:3,0
DA:12,0
DA:13,0
DA:15,0
DA:20,0
DA:25,0
DA:30,0
DA:36,0
DA:41,0
DA:48,0
DA:57,0
DA:62,0
DA:69,0
DA:78,0
DA:80,0
DA:87,0
DA:94,0
DA:99,0
DA:104,0
DA:106,0
LF:21
LH:0
BRDA:1,0,0,0
BRDA:1,0,1,0
BRDA:1,1,0,0
BRDA:1,1,1,0
BRDA:1,2,0,0
BRDA:1,2,1,0
BRDA:1,3,0,0
BRDA:1,3,1,0
BRDA:12,4,0,0
BRDA:12,4,1,0
BRDA:12,5,0,0
BRDA:12,5,1,0
BRDA:13,6,0,0
BRDA:13,6,1,0
BRDA:13,6,2,0
BRDA:13,6,3,0
BRDA:13,6,4,0
BRDA:13,6,5,0
BRDA:13,6,6,0
BRDA:13,6,7,0
BRDA:13,6,8,0
BRDA:13,6,9,0
BRDA:13,6,10,0
BRDA:13,6,11,0
BRDA:13,6,12,0
BRDA:13,6,13,0
BRDA:13,6,14,0
BRDA:13,6,15,0
BRF:28
BRH:0
end_of_record
TN:
SF:/Users/joelbarbosa/workspace/mobile/mobile-wallet/app/screens/Signin/styles.js
FNF:0
FNH:0
LF:0
LH:0
BRF:0
BRH:0
end_of_record
TN:
SF:/Users/joelbarbosa/workspace/mobile/mobile-wallet/app/screens/SplashScreen/SplashScreenContainer.js
FN:1,(anonymous_0)
FN:1,defineProperties
FN:1,(anonymous_2)
FN:4,_interopRequireDefault
FN:4,_classCallCheck
FN:4,_possibleConstructorReturn
FN:4,_inherits
FN:6,(anonymous_7)
FN:6,SplashScreen
FN:6,render
FNF:10
FNH:0
FNDA:0,(anonymous_0)
FNDA:0,defineProperties
FNDA:0,(anonymous_2)
FNDA:0,_interopRequireDefault
FNDA:0,_classCallCheck
FNDA:0,_possibleConstructorReturn
FNDA:0,_inherits
FNDA:0,(anonymous_7)
FNDA:0,SplashScreen
FNDA:0,render
DA:1,0
DA:2,0
DA:3,0
DA:4,0
DA:6,0
DA:8,0
DA:14,0
LF:7
LH:0
BRDA:1,0,0,0
BRDA:1,0,1,0
BRDA:1,1,0,0
BRDA:1,1,1,0
BRDA:1,2,0,0
BRDA:1,2,1,0
BRDA:1,3,0,0
BRDA:1,3,1,0
BRDA:4,4,0,0
BRDA:4,4,1,0
BRDA:4,5,0,0
BRDA:4,5,1,0
BRDA:4,6,0,0
BRDA:4,6,1,0
BRDA:4,7,0,0
BRDA:4,7,1,0
BRDA:4,8,0,0
BRDA:4,8,1,0
BRDA:4,9,0,0
BRDA:4,9,1,0
BRDA:4,9,2,0
BRDA:4,10,0,0
BRDA:4,10,1,0
BRDA:4,11,0,0
BRDA:4,11,1,0
BRDA:4,12,0,0
BRDA:4,12,1,0
BRDA:4,13,0,0
BRDA:4,13,1,0
BRDA:4,14,0,0
BRDA:4,14,1,0
BRDA:6,15,0,0
BRDA:6,15,1,0
BRF:33
BRH:0
end_of_record
TN:
SF:/Users/joelbarbosa/workspace/mobile/mobile-wallet/app/screens/SplashScreen/index.js
FN:1,get
FNF:1
FNH:0
FNDA:0,get
DA:1,0
LF:1
LH:0
BRF:0
BRH:0
end_of_record
TN:
SF:/Users/joelbarbosa/workspace/mobile/mobile-wallet/app/screens/SplashScreen/styles.js
FNF:0
FNH:0
DA:1,0
DA:3,0
DA:5,0
DA:24,0
LF:4
LH:0
BRF:0
BRH:0
end_of_record
TN:
SF:/Users/joelbarbosa/workspace/mobile/mobile-wallet/app/screens/ValuesAlertSystem/ValuesAlertSystem.js
FN:1,(anonymous_0)
FN:1,defineProperties
FN:1,(anonymous_2)
FN:2,_interopRequireDefault
FN:2,_classCallCheck
FN:2,_possibleConstructorReturn
FN:2,_inherits
FN:4,(anonymous_7)
FN:4,ValuesAlertSystem
FN:4,render
FNF:10
FNH:0
FNDA:0,(anonymous_0)
FNDA:0,defineProperties
FNDA:0,(anonymous_2)
FNDA:0,_interopRequireDefault
FNDA:0,_classCallCheck
FNDA:0,_possibleConstructorReturn
FNDA:0,_inherits
FNDA:0,(anonymous_7)
FNDA:0,ValuesAlertSystem
FNDA:0,render
DA:1,0
DA:2,0
DA:4,0
DA:6,0
DA:7,0
LF:5
LH:0
BRDA:1,0,0,0
BRDA:1,0,1,0
BRDA:1,1,0,0
BRDA:1,1,1,0
BRDA:1,2,0,0
BRDA:1,2,1,0
BRDA:1,3,0,0
BRDA:1,3,1,0
BRDA:2,4,0,0
BRDA:2,4,1,0
BRDA:2,5,0,0
BRDA:2,5,1,0
BRDA:2,6,0,0
BRDA:2,6,1,0
BRDA:2,7,0,0
BRDA:2,7,1,0
BRDA:2,8,0,0
BRDA:2,8,1,0
BRDA:2,9,0,0
BRDA:2,9,1,0
BRDA:2,9,2,0
BRDA:2,10,0,0
BRDA:2,10,1,0
BRDA:2,11,0,0
BRDA:2,11,1,0
BRDA:2,12,0,0
BRDA:2,12,1,0
BRDA:2,13,0,0
BRDA:2,13,1,0
BRDA:2,14,0,0
BRDA:2,14,1,0
BRDA:4,15,0,0
BRDA:4,15,1,0
BRF:33
BRH:0
end_of_record
TN:
SF:/Users/joelbarbosa/workspace/mobile/mobile-wallet/app/screens/ValuesAlertSystem/index.js
FN:1,_interopRequireDefault
FNF:1
FNH:0
FNDA:0,_interopRequireDefault
DA:1,0
LF:1
LH:0
BRDA:1,0,0,0
BRDA:1,0,1,0
BRDA:1,1,0,0
BRDA:1,1,1,0
BRF:4
BRH:0
end_of_record
TN:
SF:/Users/joelbarbosa/workspace/mobile/mobile-wallet/app/services/rehydrationService.js
FN:6,_interopRequireDefault
FN:8,updateReducers
FN:11,startup
FN:15,(anonymous_3)
FN:33,(anonymous_4)
FNF:5
FNH:0
FNDA:0,_interopRequireDefault
FNDA:0,updateReducers
FNDA:0,startup
FNDA:0,(anonymous_3)
FNDA:0,(anonymous_4)
DA:1,0
DA:3,0
DA:4,0
DA:5,0
DA:6,0
DA:8,0
DA:9,0
DA:10,0
DA:11,0
DA:14,0
DA:16,0
DA:17,0
DA:27,0
DA:28,0
DA:30,0
DA:34,0
DA:35,0
DA:37,0
LF:18
LH:0
BRDA:6,0,0,0
BRDA:6,0,1,0
BRDA:6,1,0,0
BRDA:6,1,1,0
BRDA:16,2,0,0
BRDA:16,2,1,0
BRF:6
BRH:0
end_of_record
TN:
SF:/Users/joelbarbosa/workspace/mobile/mobile-wallet/app/services/connectionService/actions.js
FN:1,_interopRequireDefault
FN:3,updateConnectionStatus
FN:3,(anonymous_2)
FNF:3
FNH:0
FNDA:0,_interopRequireDefault
FNDA:0,updateConnectionStatus
FNDA:0,(anonymous_2)
DA:1,0
DA:3,0
LF:2
LH:0
BRDA:1,0,0,0
BRDA:1,0,1,0
BRDA:1,1,0,0
BRDA:1,1,1,0
BRF:4
BRH:0
end_of_record
TN:
SF:/Users/joelbarbosa/workspace/mobile/mobile-wallet/app/services/connectionService/index.js
FNF:0
FNH:0
DA:1,0
DA:2,0
LF:2
LH:0
BRF:0
BRH:0
end_of_record
TN:
SF:/Users/joelbarbosa/workspace/mobile/mobile-wallet/app/services/connectionService/reducer.js
FN:1,(anonymous_0)
FN:1,_interopRequireDefault
FN:7,connectionReducer
FNF:3
FNH:0
FNDA:0,(anonymous_0)
FNDA:0,_interopRequireDefault
FNDA:0,connectionReducer
DA:1,0
DA:3,0
DA:7,0
DA:8,0
DA:10,0
DA:12,0
DA:14,0
LF:7
LH:0
BRDA:1,0,0,0
BRDA:1,0,1,0
BRDA:1,1,0,0
BRDA:1,1,1,0
BRDA:1,2,0,0
BRDA:1,2,1,0
BRDA:1,3,0,0
BRDA:1,3,1,0
BRDA:7,4,0,0
BRDA:7,4,1,0
BRDA:7,5,0,0
BRDA:7,5,1,0
BRDA:8,6,0,0
BRDA:8,6,1,0
BRF:14
BRH:0
end_of_record
TN:
SF:/Users/joelbarbosa/workspace/mobile/mobile-wallet/app/themes/ApplicationStyles.js
FN:3,_interopRequireDefault
FNF:1
FNH:0
FNDA:0,_interopRequireDefault
DA:1,0
DA:2,0
DA:3,0
DA:8,0
LF:4
LH:0
BRDA:3,0,0,0
BRDA:3,0,1,0
BRDA:3,1,0,0
BRDA:3,1,1,0
BRF:4
BRH:0
end_of_record
TN:
SF:/Users/joelbarbosa/workspace/mobile/mobile-wallet/app/themes/Colors.js
FNF:0
FNH:0
DA:1,0
LF:1
LH:0
BRF:0
BRH:0
end_of_record
TN:
SF:/Users/joelbarbosa/workspace/mobile/mobile-wallet/app/themes/Fonts.js
FNF:0
FNH:0
DA:1,0
DA:6,0
DA:20,0
DA:51,0
LF:4
LH:0
BRF:0
BRH:0
end_of_record
TN:
SF:/Users/joelbarbosa/workspace/mobile/mobile-wallet/app/themes/Images.js
FNF:0
FNH:0
DA:1,0
DA:2,0
LF:2
LH:0
BRF:0
BRH:0
end_of_record
TN:
SF:/Users/joelbarbosa/workspace/mobile/mobile-wallet/app/themes/Metrics.js
FNF:0
FNH:0
DA:1,0
DA:3,0
DA:6,0
DA:31,0
LF:4
LH:0
BRDA:16,0,0,0
BRDA:16,0,1,0
BRDA:17,1,0,0
BRDA:17,1,1,0
BRDA:18,2,0,0
BRDA:18,2,1,0
BRF:6
BRH:0
end_of_record
TN:
SF:/Users/joelbarbosa/workspace/mobile/mobile-wallet/app/themes/index.js
FN:5,_interopRequireDefault
FNF:1
FNH:0
FNDA:0,_interopRequireDefault
DA:1,0
DA:2,0
DA:3,0
DA:4,0
DA:5,0
DA:7,0
LF:6
LH:0
BRDA:5,0,0,0
BRDA:5,0,1,0
BRDA:5,1,0,0
BRDA:5,1,1,0
BRF:4
BRH:0
end_of_record
TN:
SF:/Users/joelbarbosa/workspace/mobile/mobile-wallet/app/utils/btcConverter.js
FN:7,_interopRequireDefault
FN:14,(anonymous_1)
FN:20,toNumber
FN:32,toBitcoin
FN:60,toSatoshi
FNF:5
FNH:0
FNDA:0,_interopRequireDefault
FNDA:0,(anonymous_1)
FNDA:0,toNumber
FNDA:0,toBitcoin
FNDA:0,toSatoshi
DA:1,0
DA:7,0
DA:10,0
DA:13,0
DA:14,0
DA:15,0
DA:21,0
DA:22,0
DA:34,0
DA:35,0
DA:36,0
DA:37,0
DA:39,0
DA:40,0
DA:44,0
DA:45,0
DA:50,0
DA:51,0
DA:62,0
DA:63,0
DA:64,0
DA:65,0
DA:67,0
DA:68,0
DA:73,0
DA:74,0
LF:26
LH:0
BRDA:7,0,0,0
BRDA:7,0,1,0
BRDA:7,1,0,0
BRDA:7,1,1,0
BRDA:13,2,0,0
BRDA:13,2,1,0
BRDA:15,3,0,0
BRDA:15,3,1,0
BRDA:35,4,0,0
BRDA:35,4,1,0
BRDA:39,5,0,0
BRDA:39,5,1,0
BRDA:44,6,0,0
BRDA:44,6,1,0
BRDA:63,7,0,0
BRDA:63,7,1,0
BRDA:67,8,0,0
BRDA:67,8,1,0
BRF:18
BRH:0
end_of_record
TN:
SF:/Users/joelbarbosa/workspace/mobile/mobile-wallet/app/utils/ccc-streamer-utilities.js
FN:46,(anonymous_0)
FN:55,isMobile
FN:67,convertToMB
FN:70,getNameForExchange
FN:76,noExponents
FN:94,reduceFloatVal
FN:111,reduceReal
FN:115,convertCurrentKeyToAll
FN:121,convertCurrentKeyToTrade
FN:126,convertValueToDisplay
FN:296,(anonymous_10)
FN:306,(anonymous_11)
FN:326,(anonymous_12)
FN:413,(anonymous_13)
FN:426,(anonymous_14)
FN:451,(anonymous_15)
FN:462,(anonymous_16)
FN:475,(anonymous_17)
FN:494,(anonymous_18)
FN:503,(anonymous_19)
FNF:20
FNH:0
FNDA:0,(anonymous_0)
FNDA:0,isMobile
FNDA:0,convertToMB
FNDA:0,getNameForExchange
FNDA:0,noExponents
FNDA:0,reduceFloatVal
FNDA:0,reduceReal
FNDA:0,convertCurrentKeyToAll
FNDA:0,convertCurrentKeyToTrade
FNDA:0,convertValueToDisplay
FNDA:0,(anonymous_10)
FNDA:0,(anonymous_11)
FNDA:0,(anonymous_12)
FNDA:0,(anonymous_13)
FNDA:0,(anonymous_14)
FNDA:0,(anonymous_15)
FNDA:0,(anonymous_16)
FNDA:0,(anonymous_17)
FNDA:0,(anonymous_18)
FNDA:0,(anonymous_19)
DA:1,0
DA:3,0
DA:5,0
DA:7,0
DA:27,0
DA:29,0
DA:46,0
DA:47,0
DA:50,0
DA:56,0
DA:64,0
DA:65,0
DA:68,0
DA:71,0
DA:72,0
DA:74,0
DA:77,0
DA:78,0
DA:80,0
DA:81,0
DA:82,0
DA:83,0
DA:85,0
DA:86,0
DA:87,0
DA:88,0
DA:90,0
DA:91,0
DA:92,0
DA:95,0
DA:96,0
DA:97,0
DA:98,0
DA:100,0
DA:101,0
DA:103,0
DA:104,0
DA:106,0
DA:107,0
DA:109,0
DA:112,0
DA:113,0
DA:116,0
DA:117,0
DA:118,0
DA:119,0
DA:122,0
DA:123,0
DA:124,0
DA:133,0
DA:134,0
DA:135,0
DA:136,0
DA:137,0
DA:138,0
DA:139,0
DA:140,0
DA:141,0
DA:142,0
DA:143,0
DA:145,0
DA:146,0
DA:147,0
DA:148,0
DA:149,0
DA:150,0
DA:152,0
DA:153,0
DA:155,0
DA:156,0
DA:158,0
DA:159,0
DA:162,0
DA:163,0
DA:165,0
DA:166,0
DA:168,0
DA:169,0
DA:172,0
DA:173,0
DA:175,0
DA:176,0
DA:178,0
DA:179,0
DA:182,0
DA:183,0
DA:184,0
DA:185,0
DA:194,0
DA:195,0
DA:196,0
DA:205,0
DA:206,0
DA:207,0
DA:216,0
DA:217,0
DA:225,0
DA:226,0
DA:234,0
DA:238,0
DA:239,0
DA:248,0
DA:258,0
DA:263,0
DA:269,0
DA:282,0
DA:283,0
DA:296,0
DA:297,0
DA:298,0
DA:299,0
DA:300,0
DA:301,0
DA:303,0
DA:306,0
DA:307,0
DA:308,0
DA:309,0
DA:310,0
DA:311,0
DA:312,0
DA:313,0
DA:314,0
DA:315,0
DA:316,0
DA:317,0
DA:318,0
DA:319,0
DA:323,0
DA:326,0
DA:327,0
DA:338,0
DA:343,0
DA:358,0
DA:385,0
DA:386,0
DA:413,0
DA:414,0
DA:415,0
DA:416,0
DA:417,0
DA:418,0
DA:419,0
DA:423,0
DA:426,0
DA:427,0
DA:428,0
DA:429,0
DA:430,0
DA:431,0
DA:432,0
DA:433,0
DA:434,0
DA:435,0
DA:436,0
DA:437,0
DA:440,0
DA:441,0
DA:443,0
DA:445,0
DA:449,0
DA:451,0
DA:452,0
DA:462,0
DA:463,0
DA:464,0
DA:475,0
DA:476,0
DA:477,0
DA:479,0
DA:480,0
DA:481,0
DA:482,0
DA:484,0
DA:485,0
DA:486,0
DA:487,0
DA:489,0
DA:490,0
DA:491,0
DA:494,0
DA:495,0
DA:497,0
DA:498,0
DA:499,0
DA:500,0
DA:503,0
DA:504,0
DA:505,0
DA:506,0
DA:507,0
DA:508,0
DA:509,0
DA:510,0
DA:511,0
DA:512,0
DA:513,0
DA:514,0
DA:516,0
DA:517,0
DA:519,0
DA:520,0
DA:523,0
DA:524,0
DA:527,0
DA:528,0
DA:530,0
DA:531,0
DA:533,0
DA:534,0
DA:537,0
DA:538,0
DA:539,0
DA:540,0
DA:549,0
DA:550,0
DA:551,0
DA:560,0
DA:561,0
DA:562,0
DA:571,0
DA:572,0
DA:580,0
DA:582,0
DA:583,0
DA:592,0
DA:599,0
LF:227
LH:0
BRDA:5,0,0,0
BRDA:5,0,1,0
BRDA:27,1,0,0
BRDA:27,1,1,0
BRDA:47,2,0,0
BRDA:47,2,1,0
BRDA:56,3,0,0
BRDA:56,3,1,0
BRDA:57,4,0,0
BRDA:57,4,1,0
BRDA:71,5,0,0
BRDA:71,5,1,0
BRDA:78,6,0,0
BRDA:78,6,1,0
BRDA:81,7,0,0
BRDA:81,7,1,0
BRDA:85,8,0,0
BRDA:85,8,1,0
BRDA:96,9,0,0
BRDA:96,9,1,0
BRDA:100,10,0,0
BRDA:100,10,1,0
BRDA:103,11,0,0
BRDA:103,11,1,0
BRDA:106,12,0,0
BRDA:106,12,1,0
BRDA:140,13,0,0
BRDA:140,13,1,0
BRDA:145,14,0,0
BRDA:145,14,1,0
BRDA:149,15,0,0
BRDA:149,15,1,0
BRDA:149,16,0,0
BRDA:149,16,1,0
BRDA:152,17,0,0
BRDA:152,17,1,0
BRDA:152,18,0,0
BRDA:152,18,1,0
BRDA:155,19,0,0
BRDA:155,19,1,0
BRDA:155,20,0,0
BRDA:155,20,1,0
BRDA:158,21,0,0
BRDA:158,21,1,0
BRDA:158,22,0,0
BRDA:158,22,1,0
BRDA:162,23,0,0
BRDA:162,23,1,0
BRDA:165,24,0,0
BRDA:165,24,1,0
BRDA:168,25,0,0
BRDA:168,25,1,0
BRDA:172,26,0,0
BRDA:172,26,1,0
BRDA:172,27,0,0
BRDA:172,27,1,0
BRDA:172,27,2,0
BRDA:175,28,0,0
BRDA:175,28,1,0
BRDA:175,29,0,0
BRDA:175,29,1,0
BRDA:175,29,2,0
BRDA:178,30,0,0
BRDA:178,30,1,0
BRDA:178,31,0,0
BRDA:178,31,1,0
BRDA:182,32,0,0
BRDA:182,32,1,0
BRDA:182,33,0,0
BRDA:182,33,1,0
BRDA:183,34,0,0
BRDA:183,34,1,0
BRDA:194,35,0,0
BRDA:194,35,1,0
BRDA:205,36,0,0
BRDA:205,36,1,0
BRDA:216,37,0,0
BRDA:216,37,1,0
BRDA:216,38,0,0
BRDA:216,38,1,0
BRDA:225,39,0,0
BRDA:225,39,1,0
BRDA:238,40,0,0
BRDA:238,40,1,0
BRDA:258,41,0,0
BRDA:258,41,1,0
BRDA:282,42,0,0
BRDA:282,42,1,0
BRDA:314,43,0,0
BRDA:314,43,1,0
BRDA:317,44,0,0
BRDA:317,44,1,0
BRDA:338,45,0,0
BRDA:338,45,1,0
BRDA:385,46,0,0
BRDA:385,46,1,0
BRDA:417,47,0,0
BRDA:417,47,1,0
BRDA:434,48,0,0
BRDA:434,48,1,0
BRDA:437,49,0,0
BRDA:437,49,1,0
BRDA:440,50,0,0
BRDA:440,50,1,0
BRDA:477,51,0,0
BRDA:477,51,1,0
BRDA:480,52,0,0
BRDA:480,52,1,0
BRDA:484,53,0,0
BRDA:484,53,1,0
BRDA:511,54,0,0
BRDA:511,54,1,0
BRDA:516,55,0,0
BRDA:516,55,1,0
BRDA:519,56,0,0
BRDA:519,56,1,0
BRDA:523,57,0,0
BRDA:523,57,1,0
BRDA:527,58,0,0
BRDA:527,58,1,0
BRDA:527,59,0,0
BRDA:527,59,1,0
BRDA:527,59,2,0
BRDA:530,60,0,0
BRDA:530,60,1,0
BRDA:530,61,0,0
BRDA:530,61,1,0
BRDA:530,61,2,0
BRDA:533,62,0,0
BRDA:533,62,1,0
BRDA:533,63,0,0
BRDA:533,63,1,0
BRDA:533,63,2,0
BRDA:537,64,0,0
BRDA:537,64,1,0
BRDA:538,65,0,0
BRDA:538,65,1,0
BRDA:549,66,0,0
BRDA:549,66,1,0
BRDA:560,67,0,0
BRDA:560,67,1,0
BRDA:571,68,0,0
BRDA:571,68,1,0
BRDA:582,69,0,0
BRDA:582,69,1,0
BRF:145
BRH:0
end_of_record
TN:
SF:/Users/joelbarbosa/workspace/mobile/mobile-wallet/app/utils/firebase.js
FN:4,parseSignupErrors
FN:16,parseSigninErrors
FNF:2
FNH:0
FNDA:0,parseSignupErrors
FNDA:0,parseSigninErrors
DA:1,0
DA:4,0
DA:5,0
DA:8,0
DA:10,0
DA:12,0
DA:16,0
LF:7
LH:0
BRDA:5,0,0,0
BRDA:5,0,1,0
BRDA:5,0,2,0
BRDA:5,0,3,0
BRF:4
BRH:0
end_of_record
TN:
SF:/Users/joelbarbosa/workspace/mobile/mobile-wallet/app/utils/pubnubUtils.js
FN:2,_interopRequireDefault
FNF:1
FNH:0
FNDA:0,_interopRequireDefault
DA:1,0
DA:2,0
DA:4,0
DA:8,0
DA:9,0
DA:11,0
LF:6
LH:0
BRDA:2,0,0,0
BRDA:2,0,1,0
BRDA:2,1,0,0
BRDA:2,1,1,0
BRF:4
BRH:0
end_of_record
TN:
SF:/Users/joelbarbosa/workspace/mobile/mobile-wallet/app/utils/stringUtils.js
FN:6,_interopRequireDefault
FN:13,ValidateEmail
FN:18,PasswordIsStronger
FN:25,GetDefaultURIAvatar
FN:28,alertError
FN:33,onClose
FN:36,onPressConfirmation
FN:46,alertSuccess
FN:56,onClose
FN:59,onPressConfirmation
FN:69,handleSuccess
FN:74,renderAlertSuccess
FN:83,handleErrors
FN:88,renderAlertError
FNF:14
FNH:0
FNDA:0,_interopRequireDefault
FNDA:0,ValidateEmail
FNDA:0,PasswordIsStronger
FNDA:0,GetDefaultURIAvatar
FNDA:0,alertError
FNDA:0,onClose
FNDA:0,onPressConfirmation
FNDA:0,alertSuccess
FNDA:0,onClose
FNDA:0,onPressConfirmation
FNDA:0,handleSuccess
FNDA:0,renderAlertSuccess
FNDA:0,handleErrors
FNDA:0,renderAlertError
DA:1,0
DA:3,0
DA:4,0
DA:5,0
DA:6,0
DA:8,0
DA:13,0
DA:14,0
DA:15,0
DA:18,0
DA:19,0
DA:22,0
DA:25,0
DA:29,0
DA:34,0
DA:37,0
DA:52,0
DA:57,0
DA:60,0
DA:69,0
DA:74,0
DA:77,0
DA:78,0
DA:80,0
DA:83,0
DA:88,0
DA:91,0
DA:92,0
DA:93,0
DA:94,0
DA:95,0
DA:96,0
DA:97,0
DA:98,0
DA:99,0
DA:100,0
DA:101,0
DA:102,0
DA:103,0
DA:104,0
DA:105,0
DA:106,0
DA:107,0
DA:108,0
DA:109,0
DA:112,0
DA:113,0
DA:115,0
DA:117,0
LF:49
LH:0
BRDA:6,0,0,0
BRDA:6,0,1,0
BRDA:6,1,0,0
BRDA:6,1,1,0
BRDA:77,2,0,0
BRDA:77,2,1,0
BRDA:77,3,0,0
BRDA:77,3,1,0
BRDA:91,4,0,0
BRDA:91,4,1,0
BRDA:91,5,0,0
BRDA:91,5,1,0
BRDA:93,6,0,0
BRDA:93,6,1,0
BRDA:93,7,0,0
BRDA:93,7,1,0
BRDA:95,8,0,0
BRDA:95,8,1,0
BRDA:95,9,0,0
BRDA:95,9,1,0
BRDA:97,10,0,0
BRDA:97,10,1,0
BRDA:97,11,0,0
BRDA:97,11,1,0
BRDA:99,12,0,0
BRDA:99,12,1,0
BRDA:99,13,0,0
BRDA:99,13,1,0
BRDA:101,14,0,0
BRDA:101,14,1,0
BRDA:101,15,0,0
BRDA:101,15,1,0
BRDA:103,16,0,0
BRDA:103,16,1,0
BRDA:103,17,0,0
BRDA:103,17,1,0
BRDA:105,18,0,0
BRDA:105,18,1,0
BRDA:105,19,0,0
BRDA:105,19,1,0
BRDA:107,20,0,0
BRDA:107,20,1,0
BRDA:107,21,0,0
BRDA:107,21,1,0
BRDA:109,22,0,0
BRDA:109,22,1,0
BRDA:112,23,0,0
BRDA:112,23,1,0
BRDA:112,24,0,0
BRDA:112,24,1,0
BRF:50
BRH:0
end_of_record
